<?xml version="1.0" encoding="utf-8" standalone="no"?>
<test-run id="2" testcasecount="539" result="Failed" total="74" passed="21" failed="50" inconclusive="0" skipped="3" asserts="1195" engine-version="3.8.0.0" clr-version="4.0.30319.42000" start-time="2019-07-02 02:20:02Z" end-time="2019-07-02 02:42:36Z" duration="1354.192477">
  <command-line><![CDATA[D:\nunit\nunit3-console.exe  /work:D:\TeamCity\buildAgent2\work\362562ae9b31fb9a\TestResults /out:Output.txt D:\TeamCity\buildAgent2\work\362562ae9b31fb9a\TNSE.WebTests.csproj /where "cat == 'Regression tests'" /configfile:D:\TeamCity\buildAgent2\work\362562ae9b31fb9a\app.Integration.config /workers:5 /timeout=300000]]></command-line>
  <filter>
    <cat>Regression tests</cat>
  </filter>
  <test-suite type="Assembly" id="1-1762" name="TNSE.WebTests.dll" fullname="D:\TeamCity\buildAgent2\work\362562ae9b31fb9a\bin\TNSE.WebTests.dll" runstate="Runnable" testcasecount="539" result="Failed" site="Child" start-time="2019-07-02 02:20:04Z" end-time="2019-07-02 02:42:36Z" duration="1352.040929" total="74" passed="21" failed="50" warnings="0" inconclusive="0" skipped="3" asserts="1195">
    <environment framework-version="3.10.1.0" clr-version="4.0.30319.42000" os-version="Microsoft Windows NT 6.3.9600" platform="Win32NT" cwd="D:\TeamCity\buildAgent2\work\362562ae9b31fb9a" machine-name="BUILD-NET" user="build-netsrv" user-domain="BREDBAND" culture="en-US" uiculture="en-US" os-architecture="x64" />
    <settings>
      <setting name="BasePath" value="D:\TeamCity\buildAgent2\work\362562ae9b31fb9a\bin\" />
      <setting name="DisposeRunners" value="True" />
      <setting name="DefaultTimeout" value="300000" />
      <setting name="WorkDirectory" value="D:\TeamCity\buildAgent2\work\362562ae9b31fb9a\TestResults" />
      <setting name="NumberOfTestWorkers" value="5" />
      <setting name="ConfigurationFile" value="D:\TeamCity\buildAgent2\work\362562ae9b31fb9a\app.Integration.config" />
      <setting name="ImageRuntimeVersion" value="4.0.30319" />
      <setting name="ImageTargetFrameworkName" value=".NETFramework,Version=v4.7.2" />
      <setting name="ImageRequiresX86" value="False" />
      <setting name="ImageRequiresDefaultAppDomainAssemblyResolver" value="False" />
    </settings>
    <properties>
      <property name="_PID" value="3404" />
      <property name="_APPDOMAIN" value="domain-46edfcc-TNSE.WebTests.csproj" />
    </properties>
    <failure>
      <message><![CDATA[One or more child tests had errors]]></message>
    </failure>
    <test-suite type="TestSuite" id="1-1763" name="TNSE" fullname="TNSE" runstate="Runnable" testcasecount="539" result="Failed" site="Child" start-time="2019-07-02 02:20:04Z" end-time="2019-07-02 02:42:36Z" duration="1351.997206" total="74" passed="21" failed="50" warnings="0" inconclusive="0" skipped="3" asserts="1195">
      <properties />
      <failure>
        <message><![CDATA[One or more child tests had errors]]></message>
      </failure>
      <test-suite type="TestSuite" id="1-1764" name="WebTests" fullname="TNSE.WebTests" runstate="Runnable" testcasecount="539" result="Failed" site="Child" start-time="2019-07-02 02:20:04Z" end-time="2019-07-02 02:42:36Z" duration="1351.995905" total="74" passed="21" failed="50" warnings="0" inconclusive="0" skipped="3" asserts="1195">
        <properties />
        <failure>
          <message><![CDATA[One or more child tests had errors]]></message>
        </failure>
        <test-suite type="TestSuite" id="1-1773" name="SystemTests" fullname="TNSE.WebTests.SystemTests" runstate="Runnable" testcasecount="131" result="Failed" site="Child" start-time="2019-07-02 02:20:04Z" end-time="2019-07-02 02:42:36Z" duration="1351.995860" total="74" passed="21" failed="50" warnings="0" inconclusive="0" skipped="3" asserts="1195">
          <properties />
          <failure>
            <message><![CDATA[One or more child tests had errors]]></message>
          </failure>
          <test-suite type="TestSuite" id="1-1812" name="FixedOpenPages" fullname="TNSE.WebTests.SystemTests.FixedOpenPages" runstate="Runnable" testcasecount="5" result="Failed" site="Child" start-time="2019-07-02 02:20:04Z" end-time="2019-07-02 02:27:31Z" duration="447.497824" total="4" passed="0" failed="4" warnings="0" inconclusive="0" skipped="0" asserts="12">
            <properties />
            <failure>
              <message><![CDATA[One or more child tests had errors]]></message>
            </failure>
            <test-suite type="TestSuite" id="1-1816" name="AddressSearch" fullname="TNSE.WebTests.SystemTests.FixedOpenPages.AddressSearch" runstate="Runnable" testcasecount="2" result="Failed" site="Child" start-time="2019-07-02 02:20:04Z" end-time="2019-07-02 02:26:39Z" duration="395.705377" total="1" passed="0" failed="1" warnings="0" inconclusive="0" skipped="0" asserts="3">
              <properties />
              <failure>
                <message><![CDATA[One or more child tests had errors]]></message>
              </failure>
              <test-suite type="TestFixture" id="1-1491" name="AddressSearch" fullname="TNSE.WebTests.SystemTests.FixedOpenPages.AddressSearch.AddressSearch" classname="TNSE.WebTests.SystemTests.FixedOpenPages.AddressSearch.AddressSearch" runstate="Runnable" testcasecount="2" result="Failed" site="Child" start-time="2019-07-02 02:25:19Z" end-time="2019-07-02 02:26:39Z" duration="80.142956" total="1" passed="0" failed="1" warnings="0" inconclusive="0" skipped="0" asserts="3">
                <properties>
                  <property name="ParallelScope" value="Self" />
                </properties>
                <failure>
                  <message><![CDATA[One or more child tests had errors]]></message>
                </failure>
                <test-case id="1-1493" name="Search_Address_For_Tv" fullname="TNSE.WebTests.SystemTests.FixedOpenPages.AddressSearch.AddressSearch.Search_Address_For_Tv" methodname="Search_Address_For_Tv" classname="TNSE.WebTests.SystemTests.FixedOpenPages.AddressSearch.AddressSearch" runstate="Runnable" seed="1202099594" result="Failed" start-time="2019-07-02 02:25:23Z" end-time="2019-07-02 02:26:39Z" duration="76.644565" asserts="3">
                  <properties>
                    <property name="Category" value="Regression tests" />
                    <property name="Category" value="System tests" />
                  </properties>
                  <failure>
                    <message><![CDATA[  Element with locator "By.CssSelector: .text--center > .font-h2" is not displayed after 45 seconds wait
  Expected: False
  But was:  True
]]></message>
                    <stack-trace><![CDATA[   at TNSE.WebTests.SystemTests.Framework.PageObjects.Common.BasePage.WaitForWebObjectToBeDisplayed[T](T objectToBeDisplayed, Int32 waitTime) in D:\TeamCity\buildAgent2\work\e0b5caa43d666528\TNSE.WebTests\SystemTests\Framework\PageObjects\Common\BasePage.cs:line 705
   at TNSE.WebTests.SystemTests.Framework.PageObjects.FixedOpenPages.PageWidgets.ProductOfferWidget.AssertTvOfferIsAvailableAtAddress() in D:\TeamCity\buildAgent2\work\e0b5caa43d666528\TNSE.WebTests\SystemTests\Framework\PageObjects\FixedOpenPages\PageWidgets\ProductOfferWidget.cs:line 90
]]></stack-trace>
                  </failure>
                  <output><![CDATA[Test failed on current URL: https://integration.telenor.se/handla/tv/

*** Steps to reproduce ***
1. Navigate to https://integration.telenor.se/handla/tv/
2. Navigate to https://integration.telenor.se/handla/tv/.
Test failed on current URL: https://integration.telenor.se/handla/tv/

*** Steps to reproduce ***
1. Navigate to https://integration.telenor.se/handla/tv/
2. Navigate to https://integration.telenor.se/handla/tv/.
]]></output>
                  <assertions>
                    <assertion result="Failed">
                      <message><![CDATA[  Element with locator "By.CssSelector: .text--center > .font-h2" is not displayed after 45 seconds wait
  Expected: False
  But was:  True
]]></message>
                      <stack-trace><![CDATA[   at TNSE.WebTests.SystemTests.Framework.PageObjects.Common.BasePage.WaitForWebObjectToBeDisplayed[T](T objectToBeDisplayed, Int32 waitTime) in D:\TeamCity\buildAgent2\work\e0b5caa43d666528\TNSE.WebTests\SystemTests\Framework\PageObjects\Common\BasePage.cs:line 683
   at TNSE.WebTests.SystemTests.Framework.PageObjects.FixedOpenPages.PageWidgets.ProductOfferWidget.AssertTvOfferIsAvailableAtAddress() in D:\TeamCity\buildAgent2\work\e0b5caa43d666528\TNSE.WebTests\SystemTests\Framework\PageObjects\FixedOpenPages\PageWidgets\ProductOfferWidget.cs:line 90
]]></stack-trace>
                    </assertion>
                  </assertions>
                </test-case>
              </test-suite>
            </test-suite>
            <test-suite type="TestSuite" id="1-1813" name="PurchaseFlow" fullname="TNSE.WebTests.SystemTests.FixedOpenPages.PurchaseFlow" runstate="Runnable" testcasecount="3" result="Failed" site="Child" start-time="2019-07-02 02:20:04Z" end-time="2019-07-02 02:27:31Z" duration="447.497775" total="3" passed="0" failed="3" warnings="0" inconclusive="0" skipped="0" asserts="9">
              <properties />
              <failure>
                <message><![CDATA[One or more child tests had errors]]></message>
              </failure>
              <test-suite type="TestSuite" id="1-1815" name="BroadBandProducts" fullname="TNSE.WebTests.SystemTests.FixedOpenPages.PurchaseFlow.BroadBandProducts" runstate="Runnable" testcasecount="1" result="Failed" site="Child" start-time="2019-07-02 02:20:04Z" end-time="2019-07-02 02:26:31Z" duration="387.017614" total="1" passed="0" failed="1" warnings="0" inconclusive="0" skipped="0" asserts="3">
                <properties />
                <failure>
                  <message><![CDATA[One or more child tests had errors]]></message>
                </failure>
                <test-suite type="TestFixture" id="1-1489" name="BuyBroadbandProducts" fullname="TNSE.WebTests.SystemTests.FixedOpenPages.PurchaseFlow.BroadBandProducts.BuyBroadbandProducts" classname="TNSE.WebTests.SystemTests.FixedOpenPages.PurchaseFlow.BroadBandProducts.BuyBroadbandProducts" runstate="Runnable" testcasecount="1" result="Failed" site="Child" start-time="2019-07-02 02:25:19Z" end-time="2019-07-02 02:26:31Z" duration="71.455139" total="1" passed="0" failed="1" warnings="0" inconclusive="0" skipped="0" asserts="3">
                  <properties>
                    <property name="ParallelScope" value="Self" />
                  </properties>
                  <failure>
                    <message><![CDATA[One or more child tests had errors]]></message>
                  </failure>
                  <test-case id="1-1490" name="Add_BroadBand_1000_To_Cart" fullname="TNSE.WebTests.SystemTests.FixedOpenPages.PurchaseFlow.BroadBandProducts.BuyBroadbandProducts.Add_BroadBand_1000_To_Cart" methodname="Add_BroadBand_1000_To_Cart" classname="TNSE.WebTests.SystemTests.FixedOpenPages.PurchaseFlow.BroadBandProducts.BuyBroadbandProducts" runstate="Runnable" seed="963622771" result="Failed" start-time="2019-07-02 02:25:23Z" end-time="2019-07-02 02:26:31Z" duration="67.944155" asserts="3">
                    <properties>
                      <property name="Category" value="System tests" />
                      <property name="Category" value="Regression tests" />
                    </properties>
                    <failure>
                      <message><![CDATA[  Element with locator "By.CssSelector: .text--center > .font-h2" is not displayed after 45 seconds wait
  Expected: False
  But was:  True
]]></message>
                      <stack-trace><![CDATA[   at TNSE.WebTests.SystemTests.Framework.PageObjects.Common.BasePage.WaitForWebObjectToBeDisplayed[T](T objectToBeDisplayed, Int32 waitTime) in D:\TeamCity\buildAgent2\work\e0b5caa43d666528\TNSE.WebTests\SystemTests\Framework\PageObjects\Common\BasePage.cs:line 705
   at TNSE.WebTests.SystemTests.Framework.PageObjects.FixedOpenPages.PageWidgets.ProductOfferWidget.AssertBroadbandOfferIsAvailableAtAddress() in D:\TeamCity\buildAgent2\work\e0b5caa43d666528\TNSE.WebTests\SystemTests\Framework\PageObjects\FixedOpenPages\PageWidgets\ProductOfferWidget.cs:line 83
   at TNSE.WebTests.SystemTests.FixedOpenPages.PurchaseFlow.BroadBandProducts.BuyBroadbandProducts.Add_BroadBand_1000_To_Cart() in D:\TeamCity\buildAgent2\work\e0b5caa43d666528\TNSE.WebTests\SystemTests\FixedOpenPages\PurchaseFlow\BroadBandProducts\BuyBroadbandProducts.cs:line 24
]]></stack-trace>
                    </failure>
                    <output><![CDATA[Test failed on current URL: https://integration.telenor.se/handla/bredband/

*** Steps to reproduce ***
1. Navigate to https://integration.telenor.se/handla/bredband/
2. Navigate to https://integration.telenor.se/handla/bredband/.
Test failed on current URL: https://integration.telenor.se/handla/bredband/

*** Steps to reproduce ***
1. Navigate to https://integration.telenor.se/handla/bredband/
2. Navigate to https://integration.telenor.se/handla/bredband/.
]]></output>
                    <assertions>
                      <assertion result="Failed">
                        <message><![CDATA[  Element with locator "By.CssSelector: .text--center > .font-h2" is not displayed after 45 seconds wait
  Expected: False
  But was:  True
]]></message>
                        <stack-trace><![CDATA[   at TNSE.WebTests.SystemTests.Framework.PageObjects.Common.BasePage.WaitForWebObjectToBeDisplayed[T](T objectToBeDisplayed, Int32 waitTime) in D:\TeamCity\buildAgent2\work\e0b5caa43d666528\TNSE.WebTests\SystemTests\Framework\PageObjects\Common\BasePage.cs:line 683
   at TNSE.WebTests.SystemTests.Framework.PageObjects.FixedOpenPages.PageWidgets.ProductOfferWidget.AssertBroadbandOfferIsAvailableAtAddress() in D:\TeamCity\buildAgent2\work\e0b5caa43d666528\TNSE.WebTests\SystemTests\Framework\PageObjects\FixedOpenPages\PageWidgets\ProductOfferWidget.cs:line 83
   at TNSE.WebTests.SystemTests.FixedOpenPages.PurchaseFlow.BroadBandProducts.BuyBroadbandProducts.Add_BroadBand_1000_To_Cart() in D:\TeamCity\buildAgent2\work\e0b5caa43d666528\TNSE.WebTests\SystemTests\FixedOpenPages\PurchaseFlow\BroadBandProducts\BuyBroadbandProducts.cs:line 24
]]></stack-trace>
                      </assertion>
                    </assertions>
                  </test-case>
                </test-suite>
              </test-suite>
              <test-suite type="TestSuite" id="1-1814" name="TvProducts" fullname="TNSE.WebTests.SystemTests.FixedOpenPages.PurchaseFlow.TvProducts" runstate="Runnable" testcasecount="2" result="Failed" site="Child" start-time="2019-07-02 02:20:04Z" end-time="2019-07-02 02:27:31Z" duration="447.497742" total="2" passed="0" failed="2" warnings="0" inconclusive="0" skipped="0" asserts="6">
                <properties />
                <failure>
                  <message><![CDATA[One or more child tests had errors]]></message>
                </failure>
                <test-suite type="TestFixture" id="1-1486" name="BuyTvProducts" fullname="TNSE.WebTests.SystemTests.FixedOpenPages.PurchaseFlow.TvProducts.BuyTvProducts" classname="TNSE.WebTests.SystemTests.FixedOpenPages.PurchaseFlow.TvProducts.BuyTvProducts" runstate="Runnable" testcasecount="2" result="Failed" site="Child" start-time="2019-07-02 02:25:19Z" end-time="2019-07-02 02:27:31Z" duration="131.935383" total="2" passed="0" failed="2" warnings="0" inconclusive="0" skipped="0" asserts="6">
                  <properties>
                    <property name="ParallelScope" value="Self" />
                  </properties>
                  <failure>
                    <message><![CDATA[One or more child tests had errors]]></message>
                  </failure>
                  <test-case id="1-1488" name="Add_Tv_Flex_To_Cart" fullname="TNSE.WebTests.SystemTests.FixedOpenPages.PurchaseFlow.TvProducts.BuyTvProducts.Add_Tv_Flex_To_Cart" methodname="Add_Tv_Flex_To_Cart" classname="TNSE.WebTests.SystemTests.FixedOpenPages.PurchaseFlow.TvProducts.BuyTvProducts" runstate="Runnable" seed="811940841" result="Failed" start-time="2019-07-02 02:25:23Z" end-time="2019-07-02 02:26:39Z" duration="76.592019" asserts="3">
                    <properties>
                      <property name="Category" value="System tests" />
                      <property name="Category" value="Regression tests" />
                    </properties>
                    <failure>
                      <message><![CDATA[  Element with locator "By.CssSelector: .text--center > .font-h2" is not displayed after 45 seconds wait
  Expected: False
  But was:  True
]]></message>
                      <stack-trace><![CDATA[   at TNSE.WebTests.SystemTests.Framework.PageObjects.Common.BasePage.WaitForWebObjectToBeDisplayed[T](T objectToBeDisplayed, Int32 waitTime) in D:\TeamCity\buildAgent2\work\e0b5caa43d666528\TNSE.WebTests\SystemTests\Framework\PageObjects\Common\BasePage.cs:line 705
   at TNSE.WebTests.SystemTests.Framework.PageObjects.FixedOpenPages.PageWidgets.ProductOfferWidget.AssertTvOfferIsAvailableAtAddress() in D:\TeamCity\buildAgent2\work\e0b5caa43d666528\TNSE.WebTests\SystemTests\Framework\PageObjects\FixedOpenPages\PageWidgets\ProductOfferWidget.cs:line 90
   at TNSE.WebTests.SystemTests.FixedOpenPages.PurchaseFlow.TvProducts.BuyTvProducts.Add_Tv_Flex_To_Cart() in D:\TeamCity\buildAgent2\work\e0b5caa43d666528\TNSE.WebTests\SystemTests\FixedOpenPages\PurchaseFlow\TvProducts\BuyTvProducts.cs:line 45
]]></stack-trace>
                    </failure>
                    <output><![CDATA[Test failed on current URL: https://integration.telenor.se/handla/tv/

*** Steps to reproduce ***
1. Navigate to https://integration.telenor.se/handla/tv/
2. Navigate to https://integration.telenor.se/handla/tv/.
Test failed on current URL: https://integration.telenor.se/handla/tv/

*** Steps to reproduce ***
1. Navigate to https://integration.telenor.se/handla/tv/
2. Navigate to https://integration.telenor.se/handla/tv/.
]]></output>
                    <assertions>
                      <assertion result="Failed">
                        <message><![CDATA[  Element with locator "By.CssSelector: .text--center > .font-h2" is not displayed after 45 seconds wait
  Expected: False
  But was:  True
]]></message>
                        <stack-trace><![CDATA[   at TNSE.WebTests.SystemTests.Framework.PageObjects.Common.BasePage.WaitForWebObjectToBeDisplayed[T](T objectToBeDisplayed, Int32 waitTime) in D:\TeamCity\buildAgent2\work\e0b5caa43d666528\TNSE.WebTests\SystemTests\Framework\PageObjects\Common\BasePage.cs:line 683
   at TNSE.WebTests.SystemTests.Framework.PageObjects.FixedOpenPages.PageWidgets.ProductOfferWidget.AssertTvOfferIsAvailableAtAddress() in D:\TeamCity\buildAgent2\work\e0b5caa43d666528\TNSE.WebTests\SystemTests\Framework\PageObjects\FixedOpenPages\PageWidgets\ProductOfferWidget.cs:line 90
   at TNSE.WebTests.SystemTests.FixedOpenPages.PurchaseFlow.TvProducts.BuyTvProducts.Add_Tv_Flex_To_Cart() in D:\TeamCity\buildAgent2\work\e0b5caa43d666528\TNSE.WebTests\SystemTests\FixedOpenPages\PurchaseFlow\TvProducts\BuyTvProducts.cs:line 45
]]></stack-trace>
                      </assertion>
                    </assertions>
                  </test-case>
                  <test-case id="1-1487" name="Add_Tv_Stor_To_Cart" fullname="TNSE.WebTests.SystemTests.FixedOpenPages.PurchaseFlow.TvProducts.BuyTvProducts.Add_Tv_Stor_To_Cart" methodname="Add_Tv_Stor_To_Cart" classname="TNSE.WebTests.SystemTests.FixedOpenPages.PurchaseFlow.TvProducts.BuyTvProducts" runstate="Runnable" seed="516321296" result="Failed" start-time="2019-07-02 02:26:39Z" end-time="2019-07-02 02:27:31Z" duration="51.779247" asserts="3">
                    <properties>
                      <property name="Category" value="System tests" />
                      <property name="Category" value="Regression tests" />
                    </properties>
                    <failure>
                      <message><![CDATA[  Element with locator "By.CssSelector: .text--center > .font-h2" is not displayed after 45 seconds wait
  Expected: False
  But was:  True
]]></message>
                      <stack-trace><![CDATA[   at TNSE.WebTests.SystemTests.Framework.PageObjects.Common.BasePage.WaitForWebObjectToBeDisplayed[T](T objectToBeDisplayed, Int32 waitTime) in D:\TeamCity\buildAgent2\work\e0b5caa43d666528\TNSE.WebTests\SystemTests\Framework\PageObjects\Common\BasePage.cs:line 705
   at TNSE.WebTests.SystemTests.Framework.PageObjects.FixedOpenPages.PageWidgets.ProductOfferWidget.AssertTvOfferIsAvailableAtAddress() in D:\TeamCity\buildAgent2\work\e0b5caa43d666528\TNSE.WebTests\SystemTests\Framework\PageObjects\FixedOpenPages\PageWidgets\ProductOfferWidget.cs:line 90
   at TNSE.WebTests.SystemTests.FixedOpenPages.PurchaseFlow.TvProducts.BuyTvProducts.Add_Tv_Stor_To_Cart() in D:\TeamCity\buildAgent2\work\e0b5caa43d666528\TNSE.WebTests\SystemTests\FixedOpenPages\PurchaseFlow\TvProducts\BuyTvProducts.cs:line 23
]]></stack-trace>
                    </failure>
                    <output><![CDATA[Test failed on current URL: https://integration.telenor.se/handla/tv/

*** Steps to reproduce ***
1. Navigate to https://integration.telenor.se/handla/tv/
2. Navigate to https://integration.telenor.se/handla/tv/.
Test failed on current URL: https://integration.telenor.se/handla/tv/

*** Steps to reproduce ***
1. Navigate to https://integration.telenor.se/handla/tv/
2. Navigate to https://integration.telenor.se/handla/tv/.
]]></output>
                    <assertions>
                      <assertion result="Failed">
                        <message><![CDATA[  Element with locator "By.CssSelector: .text--center > .font-h2" is not displayed after 45 seconds wait
  Expected: False
  But was:  True
]]></message>
                        <stack-trace><![CDATA[   at TNSE.WebTests.SystemTests.Framework.PageObjects.Common.BasePage.WaitForWebObjectToBeDisplayed[T](T objectToBeDisplayed, Int32 waitTime) in D:\TeamCity\buildAgent2\work\e0b5caa43d666528\TNSE.WebTests\SystemTests\Framework\PageObjects\Common\BasePage.cs:line 683
   at TNSE.WebTests.SystemTests.Framework.PageObjects.FixedOpenPages.PageWidgets.ProductOfferWidget.AssertTvOfferIsAvailableAtAddress() in D:\TeamCity\buildAgent2\work\e0b5caa43d666528\TNSE.WebTests\SystemTests\Framework\PageObjects\FixedOpenPages\PageWidgets\ProductOfferWidget.cs:line 90
   at TNSE.WebTests.SystemTests.FixedOpenPages.PurchaseFlow.TvProducts.BuyTvProducts.Add_Tv_Stor_To_Cart() in D:\TeamCity\buildAgent2\work\e0b5caa43d666528\TNSE.WebTests\SystemTests\FixedOpenPages\PurchaseFlow\TvProducts\BuyTvProducts.cs:line 23
]]></stack-trace>
                      </assertion>
                    </assertions>
                  </test-case>
                </test-suite>
              </test-suite>
            </test-suite>
          </test-suite>
          <test-suite type="TestSuite" id="1-1782" name="MobileWebOpenPagesTests" fullname="TNSE.WebTests.SystemTests.MobileWebOpenPagesTests" runstate="Runnable" testcasecount="91" result="Failed" site="Child" start-time="2019-07-02 02:20:04Z" end-time="2019-07-02 02:36:30Z" duration="986.069709" total="56" passed="19" failed="34" warnings="0" inconclusive="0" skipped="3" asserts="1145">
            <properties />
            <failure>
              <message><![CDATA[One or more child tests had errors]]></message>
            </failure>
            <test-suite type="TestSuite" id="1-1811" name="CustomerService" fullname="TNSE.WebTests.SystemTests.MobileWebOpenPagesTests.CustomerService" runstate="Runnable" testcasecount="2" result="Skipped" label="Ignored" site="Child" start-time="2019-07-02 02:20:04Z" end-time="2019-07-02 02:25:33Z" duration="329.586945" total="2" passed="1" failed="0" warnings="0" inconclusive="0" skipped="1" asserts="2">
              <properties />
              <reason>
                <message><![CDATA[One or more child tests were ignored]]></message>
              </reason>
              <test-suite type="TestFixture" id="1-1483" name="CustomerServiceTests" fullname="TNSE.WebTests.SystemTests.MobileWebOpenPagesTests.CustomerService.CustomerServiceTests" classname="TNSE.WebTests.SystemTests.MobileWebOpenPagesTests.CustomerService.CustomerServiceTests" runstate="Runnable" testcasecount="2" result="Skipped" label="Ignored" site="Child" start-time="2019-07-02 02:25:19Z" end-time="2019-07-02 02:25:33Z" duration="14.024476" total="2" passed="1" failed="0" warnings="0" inconclusive="0" skipped="1" asserts="2">
                <properties>
                  <property name="ParallelScope" value="Self" />
                </properties>
                <reason>
                  <message><![CDATA[One or more child tests were ignored]]></message>
                </reason>
                <test-case id="1-1485" name="Customer_search_shows_faq_results_tabs_folded" fullname="TNSE.WebTests.SystemTests.MobileWebOpenPagesTests.CustomerService.CustomerServiceTests.Customer_search_shows_faq_results_tabs_folded" methodname="Customer_search_shows_faq_results_tabs_folded" classname="TNSE.WebTests.SystemTests.MobileWebOpenPagesTests.CustomerService.CustomerServiceTests" runstate="Runnable" seed="1371763878" result="Passed" start-time="2019-07-02 02:25:23Z" end-time="2019-07-02 02:25:33Z" duration="10.551485" asserts="2">
                  <properties>
                    <property name="Category" value="Regression tests" />
                    <property name="Category" value="System tests" />
                  </properties>
                </test-case>
                <test-case id="1-1484" name="Customer_search_shows_three_categories_in_the_results" fullname="TNSE.WebTests.SystemTests.MobileWebOpenPagesTests.CustomerService.CustomerServiceTests.Customer_search_shows_three_categories_in_the_results" methodname="Customer_search_shows_three_categories_in_the_results" classname="TNSE.WebTests.SystemTests.MobileWebOpenPagesTests.CustomerService.CustomerServiceTests" runstate="Ignored" seed="240767113" result="Skipped" label="Ignored" start-time="2019-07-02 02:25:33Z" end-time="2019-07-02 02:25:33Z" duration="0.001763" asserts="0">
                  <properties>
                    <property name="Category" value="Regression tests" />
                    <property name="Category" value="System tests" />
                    <property name="_SKIPREASON" value="Reindexing is currently not working in the test-environments" />
                  </properties>
                  <reason>
                    <message><![CDATA[Reindexing is currently not working in the test-environments]]></message>
                  </reason>
                </test-case>
              </test-suite>
            </test-suite>
            <test-suite type="TestSuite" id="1-1810" name="HeaderNavigation" fullname="TNSE.WebTests.SystemTests.MobileWebOpenPagesTests.HeaderNavigation" runstate="Runnable" testcasecount="6" result="Passed" start-time="2019-07-02 02:20:04Z" end-time="2019-07-02 02:26:21Z" duration="377.757908" total="6" passed="6" failed="0" warnings="0" inconclusive="0" skipped="0" asserts="11">
              <properties />
              <test-suite type="TestFixture" id="1-1474" name="HeaderNavigationTests" fullname="TNSE.WebTests.SystemTests.MobileWebOpenPagesTests.HeaderNavigation.HeaderNavigationTests" classname="TNSE.WebTests.SystemTests.MobileWebOpenPagesTests.HeaderNavigation.HeaderNavigationTests" runstate="Runnable" testcasecount="6" result="Passed" start-time="2019-07-02 02:25:19Z" end-time="2019-07-02 02:26:21Z" duration="62.195525" total="6" passed="6" failed="0" warnings="0" inconclusive="0" skipped="0" asserts="11">
                <properties>
                  <property name="ParallelScope" value="Self" />
                </properties>
                <test-case id="1-1482" name="Clicking_customer_service_link_should_open_customer_service_page" fullname="TNSE.WebTests.SystemTests.MobileWebOpenPagesTests.HeaderNavigation.HeaderNavigationTests.Clicking_customer_service_link_should_open_customer_service_page" methodname="Clicking_customer_service_link_should_open_customer_service_page" classname="TNSE.WebTests.SystemTests.MobileWebOpenPagesTests.HeaderNavigation.HeaderNavigationTests" runstate="Runnable" seed="1011568224" result="Passed" start-time="2019-07-02 02:25:23Z" end-time="2019-07-02 02:25:34Z" duration="10.933534" asserts="2">
                  <properties>
                    <property name="Category" value="Regression tests" />
                    <property name="Category" value="System tests" />
                  </properties>
                </test-case>
                <test-case id="1-1481" name="Clicking_offers_link_should_open_offers_page" fullname="TNSE.WebTests.SystemTests.MobileWebOpenPagesTests.HeaderNavigation.HeaderNavigationTests.Clicking_offers_link_should_open_offers_page" methodname="Clicking_offers_link_should_open_offers_page" classname="TNSE.WebTests.SystemTests.MobileWebOpenPagesTests.HeaderNavigation.HeaderNavigationTests" runstate="Runnable" seed="1532789624" result="Passed" start-time="2019-07-02 02:25:34Z" end-time="2019-07-02 02:25:43Z" duration="8.887709" asserts="2">
                  <properties>
                    <property name="Category" value="Regression tests" />
                    <property name="Category" value="System tests" />
                  </properties>
                </test-case>
                <test-suite type="ParameterizedMethod" id="1-1478" name="Clicking_phones_link_opens_the_terminal_overview_page" fullname="TNSE.WebTests.SystemTests.MobileWebOpenPagesTests.HeaderNavigation.HeaderNavigationTests.Clicking_phones_link_opens_the_terminal_overview_page" classname="TNSE.WebTests.SystemTests.MobileWebOpenPagesTests.HeaderNavigation.HeaderNavigationTests" runstate="Runnable" testcasecount="1" result="Passed" start-time="2019-07-02 02:25:43Z" end-time="2019-07-02 02:25:54Z" duration="11.375576" total="1" passed="1" failed="0" warnings="0" inconclusive="0" skipped="0" asserts="1">
                  <properties>
                    <property name="Category" value="Regression tests" />
                    <property name="Category" value="System tests" />
                  </properties>
                  <test-case id="1-1477" name="Clicking_phones_link_opens_the_terminal_overview_page(&quot;Consumer mobile phone&quot;)" fullname="TNSE.WebTests.SystemTests.MobileWebOpenPagesTests.HeaderNavigation.HeaderNavigationTests.Clicking_phones_link_opens_the_terminal_overview_page(&quot;Consumer mobile phone&quot;)" methodname="Clicking_phones_link_opens_the_terminal_overview_page" classname="TNSE.WebTests.SystemTests.MobileWebOpenPagesTests.HeaderNavigation.HeaderNavigationTests" runstate="Runnable" seed="1664031918" result="Passed" start-time="2019-07-02 02:25:43Z" end-time="2019-07-02 02:25:54Z" duration="11.374548" asserts="1">
                    <properties />
                  </test-case>
                </test-suite>
                <test-case id="1-1475" name="Clicking_subscriptions_link_opens_the_subscriptions_page" fullname="TNSE.WebTests.SystemTests.MobileWebOpenPagesTests.HeaderNavigation.HeaderNavigationTests.Clicking_subscriptions_link_opens_the_subscriptions_page" methodname="Clicking_subscriptions_link_opens_the_subscriptions_page" classname="TNSE.WebTests.SystemTests.MobileWebOpenPagesTests.HeaderNavigation.HeaderNavigationTests" runstate="Runnable" seed="1453500226" result="Passed" start-time="2019-07-02 02:25:54Z" end-time="2019-07-02 02:26:03Z" duration="9.334228" asserts="3">
                  <properties>
                    <property name="Category" value="Regression tests" />
                    <property name="Category" value="System tests" />
                  </properties>
                </test-case>
                <test-suite type="ParameterizedMethod" id="1-1480" name="Clicking_tablets_and_routers_link_opens_the_tablet_and_routers_page" fullname="TNSE.WebTests.SystemTests.MobileWebOpenPagesTests.HeaderNavigation.HeaderNavigationTests.Clicking_tablets_and_routers_link_opens_the_tablet_and_routers_page" classname="TNSE.WebTests.SystemTests.MobileWebOpenPagesTests.HeaderNavigation.HeaderNavigationTests" runstate="Runnable" testcasecount="1" result="Passed" start-time="2019-07-02 02:26:03Z" end-time="2019-07-02 02:26:12Z" duration="8.927843" total="1" passed="1" failed="0" warnings="0" inconclusive="0" skipped="0" asserts="1">
                  <properties>
                    <property name="Category" value="Regression tests" />
                    <property name="Category" value="System tests" />
                  </properties>
                  <test-case id="1-1479" name="Clicking_tablets_and_routers_link_opens_the_tablet_and_routers_page(&quot;Consumer tablet&quot;)" fullname="TNSE.WebTests.SystemTests.MobileWebOpenPagesTests.HeaderNavigation.HeaderNavigationTests.Clicking_tablets_and_routers_link_opens_the_tablet_and_routers_page(&quot;Consumer tablet&quot;)" methodname="Clicking_tablets_and_routers_link_opens_the_tablet_and_routers_page" classname="TNSE.WebTests.SystemTests.MobileWebOpenPagesTests.HeaderNavigation.HeaderNavigationTests" runstate="Runnable" seed="558358798" result="Passed" start-time="2019-07-02 02:26:03Z" end-time="2019-07-02 02:26:12Z" duration="8.927629" asserts="1">
                    <properties />
                  </test-case>
                </test-suite>
                <test-case id="1-1476" name="Clicking_telenor_family_link_opens_the_telenor_family_page" fullname="TNSE.WebTests.SystemTests.MobileWebOpenPagesTests.HeaderNavigation.HeaderNavigationTests.Clicking_telenor_family_link_opens_the_telenor_family_page" methodname="Clicking_telenor_family_link_opens_the_telenor_family_page" classname="TNSE.WebTests.SystemTests.MobileWebOpenPagesTests.HeaderNavigation.HeaderNavigationTests" runstate="Runnable" seed="531305215" result="Passed" start-time="2019-07-02 02:26:12Z" end-time="2019-07-02 02:26:21Z" duration="9.156519" asserts="2">
                  <properties>
                    <property name="Category" value="Regression tests" />
                    <property name="Category" value="System tests" />
                  </properties>
                </test-case>
              </test-suite>
            </test-suite>
            <test-suite type="TestSuite" id="1-1783" name="ProductGridPageFuntionality" fullname="TNSE.WebTests.SystemTests.MobileWebOpenPagesTests.ProductGridPageFuntionality" runstate="Runnable" testcasecount="2" result="Passed" start-time="2019-07-02 02:20:04Z" end-time="2019-07-02 02:27:32Z" duration="448.024170" total="2" passed="2" failed="0" warnings="0" inconclusive="0" skipped="0" asserts="18">
              <properties />
              <test-suite type="TestFixture" id="1-1291" name="MobilePhonesGridFunctionalityTests" fullname="TNSE.WebTests.SystemTests.MobileWebOpenPagesTests.ProductGridPageFuntionality.MobilePhonesGridFunctionalityTests" classname="TNSE.WebTests.SystemTests.MobileWebOpenPagesTests.ProductGridPageFuntionality.MobilePhonesGridFunctionalityTests" runstate="Runnable" testcasecount="2" result="Passed" start-time="2019-07-02 02:27:06Z" end-time="2019-07-02 02:27:32Z" duration="25.236828" total="2" passed="2" failed="0" warnings="0" inconclusive="0" skipped="0" asserts="18">
                <properties>
                  <property name="ParallelScope" value="Self" />
                </properties>
                <test-case id="1-1292" name="All_terminal_products_have_colors_on_grid_page" fullname="TNSE.WebTests.SystemTests.MobileWebOpenPagesTests.ProductGridPageFuntionality.MobilePhonesGridFunctionalityTests.All_terminal_products_have_colors_on_grid_page" methodname="All_terminal_products_have_colors_on_grid_page" classname="TNSE.WebTests.SystemTests.MobileWebOpenPagesTests.ProductGridPageFuntionality.MobilePhonesGridFunctionalityTests" runstate="Runnable" seed="124054569" result="Passed" start-time="2019-07-02 02:27:10Z" end-time="2019-07-02 02:27:19Z" duration="9.128801" asserts="13">
                  <properties>
                    <property name="Category" value="Regression tests" />
                    <property name="Category" value="System tests" />
                  </properties>
                </test-case>
                <test-case id="1-1293" name="Only_selected_brands_in_the_filter_shall_be_displayed_in_the_product_grid" fullname="TNSE.WebTests.SystemTests.MobileWebOpenPagesTests.ProductGridPageFuntionality.MobilePhonesGridFunctionalityTests.Only_selected_brands_in_the_filter_shall_be_displayed_in_the_product_grid" methodname="Only_selected_brands_in_the_filter_shall_be_displayed_in_the_product_grid" classname="TNSE.WebTests.SystemTests.MobileWebOpenPagesTests.ProductGridPageFuntionality.MobilePhonesGridFunctionalityTests" runstate="Runnable" seed="1304686105" result="Passed" start-time="2019-07-02 02:27:19Z" end-time="2019-07-02 02:27:32Z" duration="12.673008" asserts="5">
                  <properties>
                    <property name="Category" value="Regression tests" />
                    <property name="Category" value="System tests" />
                  </properties>
                </test-case>
              </test-suite>
            </test-suite>
            <test-suite type="TestSuite" id="1-1784" name="ProductDetailPageFunctionality" fullname="TNSE.WebTests.SystemTests.MobileWebOpenPagesTests.ProductDetailPageFunctionality" runstate="Runnable" testcasecount="11" result="Failed" site="Child" start-time="2019-07-02 02:20:04Z" end-time="2019-07-02 02:33:05Z" duration="780.938842" total="11" passed="10" failed="1" warnings="0" inconclusive="0" skipped="0" asserts="366">
              <properties />
              <failure>
                <message><![CDATA[One or more child tests had errors]]></message>
              </failure>
              <test-suite type="TestFixture" id="1-1299" name="CapacityPickerFunctionalityTests" fullname="TNSE.WebTests.SystemTests.MobileWebOpenPagesTests.ProductDetailPageFunctionality.CapacityPickerFunctionalityTests" classname="TNSE.WebTests.SystemTests.MobileWebOpenPagesTests.ProductDetailPageFunctionality.CapacityPickerFunctionalityTests" runstate="Runnable" testcasecount="1" result="Passed" start-time="2019-07-02 02:26:21Z" end-time="2019-07-02 02:27:03Z" duration="41.707862" total="1" passed="1" failed="0" warnings="0" inconclusive="0" skipped="0" asserts="29">
                <properties>
                  <property name="ParallelScope" value="Self" />
                </properties>
                <test-case id="1-1300" name="Clicking_capacity_selects_capacity" fullname="TNSE.WebTests.SystemTests.MobileWebOpenPagesTests.ProductDetailPageFunctionality.CapacityPickerFunctionalityTests.Clicking_capacity_selects_capacity" methodname="Clicking_capacity_selects_capacity" classname="TNSE.WebTests.SystemTests.MobileWebOpenPagesTests.ProductDetailPageFunctionality.CapacityPickerFunctionalityTests" runstate="Runnable" seed="1993432213" result="Passed" start-time="2019-07-02 02:26:25Z" end-time="2019-07-02 02:27:03Z" duration="38.346156" asserts="29">
                  <properties>
                    <property name="Category" value="Regression tests" />
                    <property name="Category" value="System tests" />
                    <property name="Category" value="New modular purchase flow tests" />
                  </properties>
                </test-case>
              </test-suite>
              <test-suite type="TestFixture" id="1-1301" name="ColorPickerFunctionalityTests" fullname="TNSE.WebTests.SystemTests.MobileWebOpenPagesTests.ProductDetailPageFunctionality.ColorPickerFunctionalityTests" classname="TNSE.WebTests.SystemTests.MobileWebOpenPagesTests.ProductDetailPageFunctionality.ColorPickerFunctionalityTests" runstate="Runnable" testcasecount="1" result="Passed" start-time="2019-07-02 02:26:31Z" end-time="2019-07-02 02:27:06Z" duration="35.769639" total="1" passed="1" failed="0" warnings="0" inconclusive="0" skipped="0" asserts="21">
                <properties>
                  <property name="ParallelScope" value="Self" />
                </properties>
                <test-case id="1-1302" name="Clicking_color_sets_color_as_selected" fullname="TNSE.WebTests.SystemTests.MobileWebOpenPagesTests.ProductDetailPageFunctionality.ColorPickerFunctionalityTests.Clicking_color_sets_color_as_selected" methodname="Clicking_color_sets_color_as_selected" classname="TNSE.WebTests.SystemTests.MobileWebOpenPagesTests.ProductDetailPageFunctionality.ColorPickerFunctionalityTests" runstate="Runnable" seed="199925866" result="Passed" start-time="2019-07-02 02:26:34Z" end-time="2019-07-02 02:27:06Z" duration="32.380506" asserts="21">
                  <properties>
                    <property name="Category" value="Regression tests" />
                    <property name="Category" value="System tests" />
                    <property name="Category" value="New modular purchase flow tests" />
                  </properties>
                </test-case>
              </test-suite>
              <test-suite type="TestFixture" id="1-1294" name="AddonFunctionalityTests" fullname="TNSE.WebTests.SystemTests.MobileWebOpenPagesTests.ProductDetailPageFunctionality.AddonFunctionalityTests" classname="TNSE.WebTests.SystemTests.MobileWebOpenPagesTests.ProductDetailPageFunctionality.AddonFunctionalityTests" runstate="Runnable" testcasecount="4" result="Passed" start-time="2019-07-02 02:25:33Z" end-time="2019-07-02 02:27:11Z" duration="98.093579" total="4" passed="4" failed="0" warnings="0" inconclusive="0" skipped="0" asserts="49">
                <properties>
                  <property name="ParallelScope" value="Self" />
                </properties>
                <test-case id="1-1296" name="Deselecting_mobile_insurance_with_button_removes_mobile_insurance_from_cart" fullname="TNSE.WebTests.SystemTests.MobileWebOpenPagesTests.ProductDetailPageFunctionality.AddonFunctionalityTests.Deselecting_mobile_insurance_with_button_removes_mobile_insurance_from_cart" methodname="Deselecting_mobile_insurance_with_button_removes_mobile_insurance_from_cart" classname="TNSE.WebTests.SystemTests.MobileWebOpenPagesTests.ProductDetailPageFunctionality.AddonFunctionalityTests" runstate="Runnable" seed="1247066469" result="Passed" start-time="2019-07-02 02:25:37Z" end-time="2019-07-02 02:26:06Z" duration="29.765860" asserts="13">
                  <properties>
                    <property name="Category" value="Regression tests" />
                    <property name="Category" value="System tests" />
                  </properties>
                </test-case>
                <test-case id="1-1298" name="Deselecting_mobile_insurance_with_modal_button_removes_mobile_insurance_from_cart" fullname="TNSE.WebTests.SystemTests.MobileWebOpenPagesTests.ProductDetailPageFunctionality.AddonFunctionalityTests.Deselecting_mobile_insurance_with_modal_button_removes_mobile_insurance_from_cart" methodname="Deselecting_mobile_insurance_with_modal_button_removes_mobile_insurance_from_cart" classname="TNSE.WebTests.SystemTests.MobileWebOpenPagesTests.ProductDetailPageFunctionality.AddonFunctionalityTests" runstate="Runnable" seed="254997389" result="Passed" start-time="2019-07-02 02:26:06Z" end-time="2019-07-02 02:26:29Z" duration="23.089217" asserts="13">
                  <properties>
                    <property name="Category" value="Regression tests" />
                    <property name="Category" value="System tests" />
                  </properties>
                </test-case>
                <test-case id="1-1295" name="Selecting_mobile_insurance_with_button_adds_mobile_insurance_to_cart" fullname="TNSE.WebTests.SystemTests.MobileWebOpenPagesTests.ProductDetailPageFunctionality.AddonFunctionalityTests.Selecting_mobile_insurance_with_button_adds_mobile_insurance_to_cart" methodname="Selecting_mobile_insurance_with_button_adds_mobile_insurance_to_cart" classname="TNSE.WebTests.SystemTests.MobileWebOpenPagesTests.ProductDetailPageFunctionality.AddonFunctionalityTests" runstate="Runnable" seed="1312028872" result="Passed" start-time="2019-07-02 02:26:29Z" end-time="2019-07-02 02:26:52Z" duration="22.440962" asserts="13">
                  <properties>
                    <property name="Category" value="Regression tests" />
                    <property name="Category" value="System tests" />
                  </properties>
                </test-case>
                <test-case id="1-1297" name="Selecting_mobile_insurance_with_modal_button_adds_mobile_insurance_to_cart" fullname="TNSE.WebTests.SystemTests.MobileWebOpenPagesTests.ProductDetailPageFunctionality.AddonFunctionalityTests.Selecting_mobile_insurance_with_modal_button_adds_mobile_insurance_to_cart" methodname="Selecting_mobile_insurance_with_modal_button_adds_mobile_insurance_to_cart" classname="TNSE.WebTests.SystemTests.MobileWebOpenPagesTests.ProductDetailPageFunctionality.AddonFunctionalityTests" runstate="Runnable" seed="1030591119" result="Passed" start-time="2019-07-02 02:26:52Z" end-time="2019-07-02 02:27:11Z" duration="19.322640" asserts="10">
                  <properties>
                    <property name="Category" value="Regression tests" />
                    <property name="Category" value="System tests" />
                  </properties>
                </test-case>
              </test-suite>
              <test-suite type="TestFixture" id="1-1303" name="PurchaseTypeSelectionFunctionalityTests" fullname="TNSE.WebTests.SystemTests.MobileWebOpenPagesTests.ProductDetailPageFunctionality.PurchaseTypeSelectionFunctionalityTests" classname="TNSE.WebTests.SystemTests.MobileWebOpenPagesTests.ProductDetailPageFunctionality.PurchaseTypeSelectionFunctionalityTests" runstate="Runnable" testcasecount="2" result="Passed" start-time="2019-07-02 02:26:39Z" end-time="2019-07-02 02:27:30Z" duration="50.221205" total="2" passed="2" failed="0" warnings="0" inconclusive="0" skipped="0" asserts="38">
                <properties>
                  <property name="ParallelScope" value="Self" />
                </properties>
                <test-case id="1-1305" name="All_purchase_flows_as_existing_customer_is_selectable" fullname="TNSE.WebTests.SystemTests.MobileWebOpenPagesTests.ProductDetailPageFunctionality.PurchaseTypeSelectionFunctionalityTests.All_purchase_flows_as_existing_customer_is_selectable" methodname="All_purchase_flows_as_existing_customer_is_selectable" classname="TNSE.WebTests.SystemTests.MobileWebOpenPagesTests.ProductDetailPageFunctionality.PurchaseTypeSelectionFunctionalityTests" runstate="Runnable" seed="1906921171" result="Passed" start-time="2019-07-02 02:26:43Z" end-time="2019-07-02 02:27:08Z" duration="25.254062" asserts="21">
                  <properties>
                    <property name="Category" value="Regression tests" />
                    <property name="Category" value="System tests" />
                  </properties>
                </test-case>
                <test-case id="1-1304" name="All_purchase_flows_as_new_customer_is_selectable" fullname="TNSE.WebTests.SystemTests.MobileWebOpenPagesTests.ProductDetailPageFunctionality.PurchaseTypeSelectionFunctionalityTests.All_purchase_flows_as_new_customer_is_selectable" methodname="All_purchase_flows_as_new_customer_is_selectable" classname="TNSE.WebTests.SystemTests.MobileWebOpenPagesTests.ProductDetailPageFunctionality.PurchaseTypeSelectionFunctionalityTests" runstate="Runnable" seed="338358929" result="Passed" start-time="2019-07-02 02:27:08Z" end-time="2019-07-02 02:27:30Z" duration="21.543764" asserts="17">
                  <properties>
                    <property name="Category" value="Regression tests" />
                    <property name="Category" value="System tests" />
                  </properties>
                </test-case>
              </test-suite>
              <test-suite type="TestFixture" id="1-1306" name="SubscriptionSliderFunctionalityTests" fullname="TNSE.WebTests.SystemTests.MobileWebOpenPagesTests.ProductDetailPageFunctionality.SubscriptionSliderFunctionalityTests" classname="TNSE.WebTests.SystemTests.MobileWebOpenPagesTests.ProductDetailPageFunctionality.SubscriptionSliderFunctionalityTests" runstate="Runnable" testcasecount="3" result="Failed" site="Child" start-time="2019-07-02 02:27:03Z" end-time="2019-07-02 02:33:05Z" duration="361.472875" total="3" passed="2" failed="1" warnings="0" inconclusive="0" skipped="0" asserts="229">
                <properties>
                  <property name="ParallelScope" value="Self" />
                </properties>
                <failure>
                  <message><![CDATA[One or more child tests had errors]]></message>
                </failure>
                <test-case id="1-1307" name="Clicking_subscription_sets_subscription_as_selected" fullname="TNSE.WebTests.SystemTests.MobileWebOpenPagesTests.ProductDetailPageFunctionality.SubscriptionSliderFunctionalityTests.Clicking_subscription_sets_subscription_as_selected" methodname="Clicking_subscription_sets_subscription_as_selected" classname="TNSE.WebTests.SystemTests.MobileWebOpenPagesTests.ProductDetailPageFunctionality.SubscriptionSliderFunctionalityTests" runstate="Runnable" seed="1879740383" result="Failed" start-time="2019-07-02 02:27:06Z" end-time="2019-07-02 02:32:07Z" duration="300.678978" asserts="199">
                  <properties>
                    <property name="Category" value="Regression tests" />
                    <property name="Category" value="System tests" />
                  </properties>
                  <failure>
                    <message><![CDATA[Test exceeded Timeout value of 300000ms]]></message>
                  </failure>
                  <output><![CDATA[Test failed on current URL: https://integration.telenor.se/handla/mobiler/apple/iphone-xs-max/#clr%3D%23f7e8dd%26cty%3D512%26c%3Dn%26p%3Dts%26s%3D60%26qty%3D1
*** Selected Terminal product ***
Brand: Apple.
Model: iPhone Xs Max.
Color: Guld.
Capacity: 512 GB.

*** Selected Subscription ***
Subscription name: 3 GB.

*** Selected binding time ***
Binding time: .

*** Steps to reproduce ***
1. Navigate to https://integration.telenor.se/handla/mobiler/.
2. Click on iPhone Xs Max
3. Select subscription 30 GB.
4. Select subscription 8 GB.
5. Select subscription 3 GB.
6. Select subscription 15 GB.
7. Select subscription 8 GB.
8. Select subscription 15 GB.
9. Select subscription 30 GB.
10. Select subscription 70 GB.
11. Select subscription 15 GB.
12. Select subscription 3 GB.
13. Select subscription 3 GB.
14. Select subscription 3 GB.
15. Select subscription 3 GB.
16. Select subscription 3 GB.
17. Select subscription 3 GB.
18. Select subscription 3 GB.
19. Select subscription 3 GB.
20. Select subscription 3 GB.
21. Select subscription 3 GB.
22. Select subscription 3 GB.
23. Select subscription 3 GB.
24. Select subscription 3 GB.
25. Select subscription 3 GB.
26. Select subscription 3 GB.
27. Select subscription 3 GB.
28. Select subscription 3 GB.
29. Select subscription 3 GB.
30. Select subscription 3 GB.
31. Select subscription 3 GB.
32. Select subscription 3 GB.
33. Select subscription 3 GB.
34. Select subscription 3 GB.
35. Select subscription 3 GB.
36. Select subscription 3 GB.
37. Select subscription 3 GB.
38. Select subscription 3 GB.
39. Select subscription 3 GB.
40. Select subscription 3 GB.
41. Select subscription 3 GB.
42. Select subscription 3 GB.
43. Select subscription 3 GB.
44. Select subscription 3 GB.
45. Select subscription 3 GB.
46. Select subscription 3 GB.
47. Select subscription 3 GB.
48. Select subscription 3 GB.
49. Select subscription 3 GB.
50. Select subscription 3 GB.
51. Select subscription 3 GB.
52. Select subscription 3 GB.
53. Select subscription 3 GB.
54. Select subscription 3 GB.
55. Select subscription 3 GB.
56. Select subscription 3 GB.
57. Select subscription 3 GB.
58. Select subscription 3 GB.
59. Select subscription 3 GB.
60. Select subscription 3 GB.
61. Select subscription 3 GB.
62. Select subscription 3 GB.
63. Select subscription 3 GB.
64. Select subscription 3 GB.
65. Select subscription 3 GB.
66. Select subscription 3 GB.
67. Select subscription 3 GB.
68. Select subscription 3 GB.
69. Select subscription 3 GB.
70. Select subscription 3 GB.
71. Select subscription 3 GB.
72. Select subscription 3 GB.
73. Select subscription 3 GB.
74. Select subscription 3 GB.
75. Select subscription 3 GB.
76. Select subscription 3 GB.
77. Select subscription 3 GB.
78. Select subscription 3 GB.
79. Select subscription 3 GB.
80. Select subscription 3 GB.
81. Select subscription 3 GB.
82. Select subscription 3 GB.
83. Select subscription 3 GB.
84. Select subscription 3 GB.
85. Select subscription 3 GB.
86. Select subscription 3 GB.
87. Select subscription 3 GB.
88. Select subscription 3 GB.
89. Select subscription 3 GB.
]]></output>
                </test-case>
                <test-case id="1-1309" name="Selecting_three_users_increase_price_by_two_extra_sim" fullname="TNSE.WebTests.SystemTests.MobileWebOpenPagesTests.ProductDetailPageFunctionality.SubscriptionSliderFunctionalityTests.Selecting_three_users_increase_price_by_two_extra_sim" methodname="Selecting_three_users_increase_price_by_two_extra_sim" classname="TNSE.WebTests.SystemTests.MobileWebOpenPagesTests.ProductDetailPageFunctionality.SubscriptionSliderFunctionalityTests" runstate="Runnable" seed="1832299924" result="Passed" start-time="2019-07-02 02:32:07Z" end-time="2019-07-02 02:32:36Z" duration="29.018933" asserts="15">
                  <properties>
                    <property name="Category" value="Regression tests" />
                    <property name="Category" value="System tests" />
                    <property name="Category" value="New modular purchase flow tests" />
                  </properties>
                </test-case>
                <test-case id="1-1308" name="Selecting_two_users_increase_price_by_one_extra_sim" fullname="TNSE.WebTests.SystemTests.MobileWebOpenPagesTests.ProductDetailPageFunctionality.SubscriptionSliderFunctionalityTests.Selecting_two_users_increase_price_by_one_extra_sim" methodname="Selecting_two_users_increase_price_by_one_extra_sim" classname="TNSE.WebTests.SystemTests.MobileWebOpenPagesTests.ProductDetailPageFunctionality.SubscriptionSliderFunctionalityTests" runstate="Runnable" seed="152631794" result="Passed" start-time="2019-07-02 02:32:36Z" end-time="2019-07-02 02:33:04Z" duration="28.278576" asserts="15">
                  <properties>
                    <property name="Category" value="Regression tests" />
                    <property name="Category" value="System tests" />
                    <property name="Category" value="New modular purchase flow tests" />
                  </properties>
                </test-case>
              </test-suite>
            </test-suite>
            <test-suite type="TestSuite" id="1-1785" name="PurchaseFlow" fullname="TNSE.WebTests.SystemTests.MobileWebOpenPagesTests.PurchaseFlow" runstate="Runnable" testcasecount="70" result="Failed" site="Child" start-time="2019-07-02 02:20:04Z" end-time="2019-07-02 02:36:30Z" duration="986.069645" total="35" passed="0" failed="33" warnings="0" inconclusive="0" skipped="2" asserts="748">
              <properties />
              <failure>
                <message><![CDATA[One or more child tests had errors]]></message>
              </failure>
              <test-suite type="TestSuite" id="1-1805" name="ExtraSimDataStandAlone" fullname="TNSE.WebTests.SystemTests.MobileWebOpenPagesTests.PurchaseFlow.ExtraSimDataStandAlone" runstate="Runnable" testcasecount="1" result="Failed" site="Child" start-time="2019-07-02 02:20:04Z" end-time="2019-07-02 02:28:42Z" duration="518.072520" total="1" passed="0" failed="1" warnings="0" inconclusive="0" skipped="0" asserts="6">
                <properties />
                <failure>
                  <message><![CDATA[One or more child tests had errors]]></message>
                </failure>
                <test-suite type="TestFixture" id="1-1456" name="BuyExtraSimDataStandAloneAsConsumerTests" fullname="TNSE.WebTests.SystemTests.MobileWebOpenPagesTests.PurchaseFlow.ExtraSimDataStandAlone.BuyExtraSimDataStandAloneAsConsumerTests" classname="TNSE.WebTests.SystemTests.MobileWebOpenPagesTests.PurchaseFlow.ExtraSimDataStandAlone.BuyExtraSimDataStandAloneAsConsumerTests" runstate="Runnable" testcasecount="1" result="Failed" site="Child" start-time="2019-07-02 02:27:31Z" end-time="2019-07-02 02:28:42Z" duration="70.574755" total="1" passed="0" failed="1" warnings="0" inconclusive="0" skipped="0" asserts="6">
                  <properties>
                    <property name="ParallelScope" value="Self" />
                  </properties>
                  <failure>
                    <message><![CDATA[One or more child tests had errors]]></message>
                  </failure>
                  <test-suite type="ParameterizedMethod" id="1-1458" name="Customer_shall_be_able_to_add_extra_sim_data_to_existing_subscription" fullname="TNSE.WebTests.SystemTests.MobileWebOpenPagesTests.PurchaseFlow.ExtraSimDataStandAlone.BuyExtraSimDataStandAloneAsConsumerTests.Customer_shall_be_able_to_add_extra_sim_data_to_existing_subscription" classname="TNSE.WebTests.SystemTests.MobileWebOpenPagesTests.PurchaseFlow.ExtraSimDataStandAlone.BuyExtraSimDataStandAloneAsConsumerTests" runstate="Runnable" testcasecount="1" result="Failed" site="Child" start-time="2019-07-02 02:27:34Z" end-time="2019-07-02 02:28:42Z" duration="67.245802" total="1" passed="0" failed="1" warnings="0" inconclusive="0" skipped="0" asserts="6">
                    <properties>
                      <property name="Category" value="Existing customer tests" />
                      <property name="Category" value="Extra sim tests" />
                      <property name="Category" value="Regression tests" />
                      <property name="Category" value="System tests" />
                    </properties>
                    <failure>
                      <message><![CDATA[One or more child tests had errors]]></message>
                    </failure>
                    <test-case id="1-1457" name="Customer_shall_be_able_to_add_extra_sim_data_to_existing_subscription(&quot;Consumer extra sim data&quot;)" fullname="TNSE.WebTests.SystemTests.MobileWebOpenPagesTests.PurchaseFlow.ExtraSimDataStandAlone.BuyExtraSimDataStandAloneAsConsumerTests.Customer_shall_be_able_to_add_extra_sim_data_to_existing_subscription(&quot;Consumer extra sim data&quot;)" methodname="Customer_shall_be_able_to_add_extra_sim_data_to_existing_subscription" classname="TNSE.WebTests.SystemTests.MobileWebOpenPagesTests.PurchaseFlow.ExtraSimDataStandAlone.BuyExtraSimDataStandAloneAsConsumerTests" runstate="Runnable" seed="154443539" result="Failed" start-time="2019-07-02 02:27:34Z" end-time="2019-07-02 02:28:42Z" duration="67.245516" asserts="6">
                      <properties />
                      <failure>
                        <message><![CDATA[  No TestData was found
  Expected: not null
  But was:  null
]]></message>
                        <stack-trace><![CDATA[   at TNSE.WebTests.SystemTests.Framework.TestData.MobileWebOpenPages.TnseApiTestDataHelper.GetCustomerThatCanBuyExtraSim() in D:\TeamCity\buildAgent2\work\e0b5caa43d666528\TNSE.WebTests\SystemTests\Framework\TestData\MobileWebOpenPages\TnseApiTestDataHelper.cs:line 277
   at TNSE.WebTests.SystemTests.MobileWebOpenPagesTests.PurchaseFlow.ExtraSimDataStandAlone.BuyExtraSimDataStandAloneAsConsumerTests.Customer_shall_be_able_to_add_extra_sim_data_to_existing_subscription(String purchaseFlow) in D:\TeamCity\buildAgent2\work\e0b5caa43d666528\TNSE.WebTests\SystemTests\MobileWebOpenPagesTests\PurchaseFlow\ExtraSimDataStandAlone\BuyExtraSimDataStandAloneAsConsumerTests.cs:line 24
]]></stack-trace>
                      </failure>
                      <output><![CDATA[Test failed on current URL: data:,
]]></output>
                      <assertions>
                        <assertion result="Failed">
                          <message><![CDATA[  No TestData was found
  Expected: not null
  But was:  null
]]></message>
                          <stack-trace><![CDATA[   at TNSE.WebTests.SystemTests.Framework.TestData.MobileWebOpenPages.TnseApiTestDataHelper.GetCustomerThatCanBuyExtraSim() in D:\TeamCity\buildAgent2\work\e0b5caa43d666528\TNSE.WebTests\SystemTests\Framework\TestData\MobileWebOpenPages\TnseApiTestDataHelper.cs:line 277
   at TNSE.WebTests.SystemTests.MobileWebOpenPagesTests.PurchaseFlow.ExtraSimDataStandAlone.BuyExtraSimDataStandAloneAsConsumerTests.Customer_shall_be_able_to_add_extra_sim_data_to_existing_subscription(String purchaseFlow) in D:\TeamCity\buildAgent2\work\e0b5caa43d666528\TNSE.WebTests\SystemTests\MobileWebOpenPagesTests\PurchaseFlow\ExtraSimDataStandAlone\BuyExtraSimDataStandAloneAsConsumerTests.cs:line 24
]]></stack-trace>
                        </assertion>
                      </assertions>
                    </test-case>
                  </test-suite>
                </test-suite>
              </test-suite>
              <test-suite type="TestSuite" id="1-1806" name="Business" fullname="TNSE.WebTests.SystemTests.MobileWebOpenPagesTests.PurchaseFlow.Business" runstate="Runnable" testcasecount="6" result="Failed" site="Child" start-time="2019-07-02 02:20:04Z" end-time="2019-07-02 02:29:29Z" duration="564.879838" total="4" passed="0" failed="4" warnings="0" inconclusive="0" skipped="0" asserts="93">
                <properties />
                <failure>
                  <message><![CDATA[One or more child tests had errors]]></message>
                </failure>
                <test-suite type="TestSuite" id="1-1807" name="MobilePhone" fullname="TNSE.WebTests.SystemTests.MobileWebOpenPagesTests.PurchaseFlow.Business.MobilePhone" runstate="Runnable" testcasecount="6" result="Failed" site="Child" start-time="2019-07-02 02:20:04Z" end-time="2019-07-02 02:29:29Z" duration="564.879816" total="4" passed="0" failed="4" warnings="0" inconclusive="0" skipped="0" asserts="93">
                  <properties />
                  <failure>
                    <message><![CDATA[One or more child tests had errors]]></message>
                  </failure>
                  <test-suite type="TestSuite" id="1-1809" name="BuyMobilePhoneWithExistingSubscription" fullname="TNSE.WebTests.SystemTests.MobileWebOpenPagesTests.PurchaseFlow.Business.MobilePhone.BuyMobilePhoneWithExistingSubscription" runstate="Runnable" testcasecount="2" result="Failed" site="Child" start-time="2019-07-02 02:20:04Z" end-time="2019-07-02 02:27:56Z" duration="472.496874" total="1" passed="0" failed="1" warnings="0" inconclusive="0" skipped="0" asserts="35">
                    <properties />
                    <failure>
                      <message><![CDATA[One or more child tests had errors]]></message>
                    </failure>
                    <test-suite type="TestFixture" id="1-1471" name="BuyMobilePhoneWithExistingSubscriptionAsBusinessCustomerTests" fullname="TNSE.WebTests.SystemTests.MobileWebOpenPagesTests.PurchaseFlow.Business.MobilePhone.BuyMobilePhoneWithExistingSubscription.BuyMobilePhoneWithExistingSubscriptionAsBusinessCustomerTests" classname="TNSE.WebTests.SystemTests.MobileWebOpenPagesTests.PurchaseFlow.Business.MobilePhone.BuyMobilePhoneWithExistingSubscription.BuyMobilePhoneWithExistingSubscriptionAsBusinessCustomerTests" runstate="Runnable" testcasecount="1" result="Failed" site="Child" start-time="2019-07-02 02:27:11Z" end-time="2019-07-02 02:27:56Z" duration="44.816252" total="1" passed="0" failed="1" warnings="0" inconclusive="0" skipped="0" asserts="35">
                      <properties>
                        <property name="ParallelScope" value="Self" />
                      </properties>
                      <failure>
                        <message><![CDATA[One or more child tests had errors]]></message>
                      </failure>
                      <test-suite type="ParameterizedMethod" id="1-1473" name="Business_customer_with_existing_subscription_shall_be_able_to_buy_mobile_phone_and_add_installment" fullname="TNSE.WebTests.SystemTests.MobileWebOpenPagesTests.PurchaseFlow.Business.MobilePhone.BuyMobilePhoneWithExistingSubscription.BuyMobilePhoneWithExistingSubscriptionAsBusinessCustomerTests.Business_customer_with_existing_subscription_shall_be_able_to_buy_mobile_phone_and_add_installment" classname="TNSE.WebTests.SystemTests.MobileWebOpenPagesTests.PurchaseFlow.Business.MobilePhone.BuyMobilePhoneWithExistingSubscription.BuyMobilePhoneWithExistingSubscriptionAsBusinessCustomerTests" runstate="Runnable" testcasecount="1" result="Failed" site="Child" start-time="2019-07-02 02:27:15Z" end-time="2019-07-02 02:27:56Z" duration="41.440158" total="1" passed="0" failed="1" warnings="0" inconclusive="0" skipped="0" asserts="35">
                        <properties>
                          <property name="Category" value="Regression tests" />
                          <property name="Category" value="System tests" />
                        </properties>
                        <failure>
                          <message><![CDATA[One or more child tests had errors]]></message>
                        </failure>
                        <test-case id="1-1472" name="Business_customer_with_existing_subscription_shall_be_able_to_buy_mobile_phone_and_add_installment(&quot;Business mobile phone&quot;)" fullname="TNSE.WebTests.SystemTests.MobileWebOpenPagesTests.PurchaseFlow.Business.MobilePhone.BuyMobilePhoneWithExistingSubscription.BuyMobilePhoneWithExistingSubscriptionAsBusinessCustomerTests.Business_customer_with_existing_subscription_shall_be_able_to_buy_mobile_phone_and_add_installment(&quot;Business mobile phone&quot;)" methodname="Business_customer_with_existing_subscription_shall_be_able_to_buy_mobile_phone_and_add_installment" classname="TNSE.WebTests.SystemTests.MobileWebOpenPagesTests.PurchaseFlow.Business.MobilePhone.BuyMobilePhoneWithExistingSubscription.BuyMobilePhoneWithExistingSubscriptionAsBusinessCustomerTests" runstate="Runnable" seed="2086549410" result="Failed" start-time="2019-07-02 02:27:15Z" end-time="2019-07-02 02:27:56Z" duration="41.439794" asserts="35">
                          <properties />
                          <failure>
                            <message><![CDATA[  Expected web page, "Orderbekräftelse-ny" is not displayed. Current web page is "Checkout order".
  Expected: True
  But was:  False
]]></message>
                            <stack-trace><![CDATA[   at TNSE.WebTests.SystemTests.Framework.PageObjects.MobileWebOpenPages.OrderConfirmationPage.AssertIsAtWebPage() in D:\TeamCity\buildAgent2\work\e0b5caa43d666528\TNSE.WebTests\SystemTests\Framework\PageObjects\MobileWebOpenPages\OrderConfirmationPage.cs:line 33
   at TNSE.WebTests.SystemTests.Framework.PageObjects.MobileWebOpenPages.PageWidgets.PaymentWidget.SubmitOrder() in D:\TeamCity\buildAgent2\work\e0b5caa43d666528\TNSE.WebTests\SystemTests\Framework\PageObjects\MobileWebOpenPages\PageWidgets\PaymentWidget.cs:line 47
]]></stack-trace>
                          </failure>
                          <output><![CDATA[Test failed on current URL: https://integration.telenor.se/foretag/checkout-order/
*** Selected Terminal product ***
Brand: Apple.
Model: iPhone Xs.
Color: Rymdgrå.
Capacity: 64 GB.

*** Selected binding time ***
Binding time: .

*** Steps to reproduce ***
1. Navigate to https://integration.telenor.se/foretag/mobiltelefoner/.
2. Click on iPhone Xs
3. Select to buy as existing customer.
4. Select to buy with existing subscription.
5. Enter current number 0701234567
6. Proceed with purchase with separate button.
7. Enter email-address: webb-test@telenor.se
8. Enter phone number: 0701234567
9. Enter organization number 556796-5610.
10. Enter personal identity number: 19751214-9332
11. Confirm personal information.
12. Confirm delivery option.
13. Click submit order button.
]]></output>
                          <assertions>
                            <assertion result="Failed">
                              <message><![CDATA[  Expected web page, "Orderbekräftelse-ny" is not displayed. Current web page is "Checkout order".
  Expected: True
  But was:  False
]]></message>
                              <stack-trace><![CDATA[   at TNSE.WebTests.SystemTests.Framework.PageObjects.MobileWebOpenPages.OrderConfirmationPage.AssertIsAtWebPage() in D:\TeamCity\buildAgent2\work\e0b5caa43d666528\TNSE.WebTests\SystemTests\Framework\PageObjects\MobileWebOpenPages\OrderConfirmationPage.cs:line 33
   at TNSE.WebTests.SystemTests.Framework.PageObjects.MobileWebOpenPages.PageWidgets.PaymentWidget.SubmitOrder() in D:\TeamCity\buildAgent2\work\e0b5caa43d666528\TNSE.WebTests\SystemTests\Framework\PageObjects\MobileWebOpenPages\PageWidgets\PaymentWidget.cs:line 47
]]></stack-trace>
                            </assertion>
                          </assertions>
                        </test-case>
                      </test-suite>
                    </test-suite>
                  </test-suite>
                  <test-suite type="TestSuite" id="1-1808" name="BuyMobilePhoneWithNewSubscription" fullname="TNSE.WebTests.SystemTests.MobileWebOpenPagesTests.PurchaseFlow.Business.MobilePhone.BuyMobilePhoneWithNewSubscription" runstate="Runnable" testcasecount="4" result="Failed" site="Child" start-time="2019-07-02 02:20:04Z" end-time="2019-07-02 02:29:29Z" duration="564.879780" total="3" passed="0" failed="3" warnings="0" inconclusive="0" skipped="0" asserts="58">
                    <properties />
                    <failure>
                      <message><![CDATA[One or more child tests had errors]]></message>
                    </failure>
                    <test-suite type="TestFixture" id="1-1462" name="BuyMobilePhoneAsBusinessCustomerWithNewSubscriptionTests" fullname="TNSE.WebTests.SystemTests.MobileWebOpenPagesTests.PurchaseFlow.Business.MobilePhone.BuyMobilePhoneWithNewSubscription.BuyMobilePhoneAsBusinessCustomerWithNewSubscriptionTests" classname="TNSE.WebTests.SystemTests.MobileWebOpenPagesTests.PurchaseFlow.Business.MobilePhone.BuyMobilePhoneWithNewSubscription.BuyMobilePhoneAsBusinessCustomerWithNewSubscriptionTests" runstate="Runnable" testcasecount="3" result="Failed" site="Child" start-time="2019-07-02 02:27:30Z" end-time="2019-07-02 02:29:29Z" duration="118.953105" total="3" passed="0" failed="3" warnings="0" inconclusive="0" skipped="0" asserts="58">
                      <properties>
                        <property name="ParallelScope" value="Self" />
                      </properties>
                      <failure>
                        <message><![CDATA[One or more child tests had errors]]></message>
                      </failure>
                      <test-suite type="ParameterizedMethod" id="1-1464" name="Business_customer_shall_be_able_to_buy_mobile_phone_with_new_subscription_and_get_new_number" fullname="TNSE.WebTests.SystemTests.MobileWebOpenPagesTests.PurchaseFlow.Business.MobilePhone.BuyMobilePhoneWithNewSubscription.BuyMobilePhoneAsBusinessCustomerWithNewSubscriptionTests.Business_customer_shall_be_able_to_buy_mobile_phone_with_new_subscription_and_get_new_number" classname="TNSE.WebTests.SystemTests.MobileWebOpenPagesTests.PurchaseFlow.Business.MobilePhone.BuyMobilePhoneWithNewSubscription.BuyMobilePhoneAsBusinessCustomerWithNewSubscriptionTests" runstate="Runnable" testcasecount="1" result="Failed" site="Child" start-time="2019-07-02 02:27:33Z" end-time="2019-07-02 02:28:18Z" duration="45.416451" total="1" passed="0" failed="1" warnings="0" inconclusive="0" skipped="0" asserts="32">
                        <properties>
                          <property name="Category" value="Regression tests" />
                          <property name="Category" value="System tests" />
                          <property name="Category" value="Test environment warmup" />
                        </properties>
                        <failure>
                          <message><![CDATA[One or more child tests had errors]]></message>
                        </failure>
                        <test-case id="1-1463" name="Business_customer_shall_be_able_to_buy_mobile_phone_with_new_subscription_and_get_new_number(&quot;Business mobile phone&quot;)" fullname="TNSE.WebTests.SystemTests.MobileWebOpenPagesTests.PurchaseFlow.Business.MobilePhone.BuyMobilePhoneWithNewSubscription.BuyMobilePhoneAsBusinessCustomerWithNewSubscriptionTests.Business_customer_shall_be_able_to_buy_mobile_phone_with_new_subscription_and_get_new_number(&quot;Business mobile phone&quot;)" methodname="Business_customer_shall_be_able_to_buy_mobile_phone_with_new_subscription_and_get_new_number" classname="TNSE.WebTests.SystemTests.MobileWebOpenPagesTests.PurchaseFlow.Business.MobilePhone.BuyMobilePhoneWithNewSubscription.BuyMobilePhoneAsBusinessCustomerWithNewSubscriptionTests" runstate="Runnable" seed="1947332813" result="Failed" start-time="2019-07-02 02:27:33Z" end-time="2019-07-02 02:28:18Z" duration="45.416026" asserts="32">
                          <properties />
                          <failure>
                            <message><![CDATA[  Expected web page, "Orderbekräftelse-ny" is not displayed. Current web page is "Checkout order".
  Expected: True
  But was:  False
]]></message>
                            <stack-trace><![CDATA[   at TNSE.WebTests.SystemTests.Framework.PageObjects.MobileWebOpenPages.OrderConfirmationPage.AssertIsAtWebPage() in D:\TeamCity\buildAgent2\work\e0b5caa43d666528\TNSE.WebTests\SystemTests\Framework\PageObjects\MobileWebOpenPages\OrderConfirmationPage.cs:line 33
   at TNSE.WebTests.SystemTests.Framework.PageObjects.MobileWebOpenPages.PageWidgets.PaymentWidget.SubmitOrder() in D:\TeamCity\buildAgent2\work\e0b5caa43d666528\TNSE.WebTests\SystemTests\Framework\PageObjects\MobileWebOpenPages\PageWidgets\PaymentWidget.cs:line 47
]]></stack-trace>
                          </failure>
                          <output><![CDATA[Test failed on current URL: https://integration.telenor.se/foretag/checkout-order/
*** Selected Terminal product ***
Brand: Apple.
Model: iPhone Xs Max.
Color: Silver.
Capacity: 64 GB.

*** Selected Subscription ***
Subscription name: Obegränsat.

*** Selected binding time ***
Binding time: .

*** Steps to reproduce ***
1. Navigate to https://integration.telenor.se/foretag/mobiltelefoner/.
2. Click on iPhone Xs Max
3. Select subscription Obegränsat.
4. Select get new number for user 1.
5. Proceed with purchase with separate button.
6. Enter email-address: webb-test@telenor.se
7. Enter phone number: 0701234567
8. Enter organization number 556796-5610.
9. Enter personal identity number: 19751214-9332
10. Confirm personal information.
11. Confirm delivery option.
12. Click submit order button.
]]></output>
                          <assertions>
                            <assertion result="Failed">
                              <message><![CDATA[  Expected web page, "Orderbekräftelse-ny" is not displayed. Current web page is "Checkout order".
  Expected: True
  But was:  False
]]></message>
                              <stack-trace><![CDATA[   at TNSE.WebTests.SystemTests.Framework.PageObjects.MobileWebOpenPages.OrderConfirmationPage.AssertIsAtWebPage() in D:\TeamCity\buildAgent2\work\e0b5caa43d666528\TNSE.WebTests\SystemTests\Framework\PageObjects\MobileWebOpenPages\OrderConfirmationPage.cs:line 33
   at TNSE.WebTests.SystemTests.Framework.PageObjects.MobileWebOpenPages.PageWidgets.PaymentWidget.SubmitOrder() in D:\TeamCity\buildAgent2\work\e0b5caa43d666528\TNSE.WebTests\SystemTests\Framework\PageObjects\MobileWebOpenPages\PageWidgets\PaymentWidget.cs:line 47
]]></stack-trace>
                            </assertion>
                          </assertions>
                        </test-case>
                      </test-suite>
                      <test-suite type="ParameterizedMethod" id="1-1467" name="Business_customer_shall_be_able_to_buy_multiple_mobile_phones_with_new_subscriptions_and_get_new_number_for_all_users" fullname="TNSE.WebTests.SystemTests.MobileWebOpenPagesTests.PurchaseFlow.Business.MobilePhone.BuyMobilePhoneWithNewSubscription.BuyMobilePhoneAsBusinessCustomerWithNewSubscriptionTests.Business_customer_shall_be_able_to_buy_multiple_mobile_phones_with_new_subscriptions_and_get_new_number_for_all_users" classname="TNSE.WebTests.SystemTests.MobileWebOpenPagesTests.PurchaseFlow.Business.MobilePhone.BuyMobilePhoneWithNewSubscription.BuyMobilePhoneAsBusinessCustomerWithNewSubscriptionTests" runstate="Runnable" testcasecount="2" result="Failed" site="Child" start-time="2019-07-02 02:28:18Z" end-time="2019-07-02 02:29:28Z" duration="70.161999" total="2" passed="0" failed="2" warnings="0" inconclusive="0" skipped="0" asserts="26">
                        <properties>
                          <property name="Category" value="Regression tests" />
                          <property name="Category" value="System tests" />
                        </properties>
                        <failure>
                          <message><![CDATA[One or more child tests had errors]]></message>
                        </failure>
                        <test-case id="1-1465" name="Business_customer_shall_be_able_to_buy_multiple_mobile_phones_with_new_subscriptions_and_get_new_number_for_all_users(&quot;Business mobile phone&quot;,2)" fullname="TNSE.WebTests.SystemTests.MobileWebOpenPagesTests.PurchaseFlow.Business.MobilePhone.BuyMobilePhoneWithNewSubscription.BuyMobilePhoneAsBusinessCustomerWithNewSubscriptionTests.Business_customer_shall_be_able_to_buy_multiple_mobile_phones_with_new_subscriptions_and_get_new_number_for_all_users(&quot;Business mobile phone&quot;,2)" methodname="Business_customer_shall_be_able_to_buy_multiple_mobile_phones_with_new_subscriptions_and_get_new_number_for_all_users" classname="TNSE.WebTests.SystemTests.MobileWebOpenPagesTests.PurchaseFlow.Business.MobilePhone.BuyMobilePhoneWithNewSubscription.BuyMobilePhoneAsBusinessCustomerWithNewSubscriptionTests" runstate="Runnable" seed="1397705035" result="Failed" label="Error" start-time="2019-07-02 02:28:18Z" end-time="2019-07-02 02:28:46Z" duration="27.731445" asserts="13">
                          <properties />
                          <failure>
                            <message><![CDATA[System.FormatException : Input string was not in a correct format.]]></message>
                            <stack-trace><![CDATA[   at System.Number.StringToNumber(String str, NumberStyles options, NumberBuffer& number, NumberFormatInfo info, Boolean parseDecimal)
   at System.Number.ParseDecimal(String value, NumberStyles options, NumberFormatInfo numfmt)
   at TNSE.WebTests.SystemTests.Framework.PageObjects.MobileWebOpenPages.PageWidgets.CartWidget.GetItemsInCart() in D:\TeamCity\buildAgent2\work\e0b5caa43d666528\TNSE.WebTests\SystemTests\Framework\PageObjects\MobileWebOpenPages\PageWidgets\CartWidget.cs:line 227
   at TNSE.WebTests.SystemTests.Framework.PageObjects.MobileWebOpenPages.PageWidgets.CartWidget.AssertTotalMonthlyPrice() in D:\TeamCity\buildAgent2\work\e0b5caa43d666528\TNSE.WebTests\SystemTests\Framework\PageObjects\MobileWebOpenPages\PageWidgets\CartWidget.cs:line 553
   at TNSE.WebTests.SystemTests.Framework.PageObjects.MobileWebOpenPages.PageWidgets.CartWidget.AssertAllPrices() in D:\TeamCity\buildAgent2\work\e0b5caa43d666528\TNSE.WebTests\SystemTests\Framework\PageObjects\MobileWebOpenPages\PageWidgets\CartWidget.cs:line 548
   at TNSE.WebTests.SystemTests.Framework.PageObjects.MobileWebOpenPages.ProductDetailPage.SelectGetNewNumberForAllUsers() in D:\TeamCity\buildAgent2\work\e0b5caa43d666528\TNSE.WebTests\SystemTests\Framework\PageObjects\MobileWebOpenPages\ProductDetailPage.cs:line 222
[...]
                <properties>
                  <property name="ParallelScope" value="Self" />
                </properties>
                <failure>
                  <message><![CDATA[One or more child tests had errors]]></message>
                </failure>
                <test-case id="1-1280" name="Consent_card_not_visible_to_customers_under_18" fullname="TNSE.WebTests.SystemTests.MyTelenorWebTests.MySettings.MittTelenorMySettingsTests.Consent_card_not_visible_to_customers_under_18" methodname="Consent_card_not_visible_to_customers_under_18" classname="TNSE.WebTests.SystemTests.MyTelenorWebTests.MySettings.MittTelenorMySettingsTests" runstate="Runnable" seed="179864033" result="Failed" label="Error" start-time="2019-07-02 02:36:00Z" end-time="2019-07-02 02:36:52Z" duration="51.322786" asserts="2">
                  <properties>
                    <property name="Category" value="Regression tests" />
                    <property name="Category" value="System tests" />
                    <property name="Category" value="Mitt Telenor my settings tests" />
                    <property name="Category" value="Mitt Telenor" />
                  </properties>
                  <failure>
                    <message><![CDATA[OpenQA.Selenium.NoSuchElementException : no such element: Unable to locate element: {"method":"id","selector":"enterPassword"}
  (Session info: headless chrome=75.0.3770.100)
  (Driver info: chromedriver=74.0.3729.6 (255758eccf3d244491b8a1317aa76e1ce10d57e9-refs/branch-heads/3729@{#29}),platform=Windows NT 6.3.9600 x86_64)]]></message>
                    <stack-trace><![CDATA[   at OpenQA.Selenium.Remote.RemoteWebDriver.UnpackAndThrowOnError(Response errorResponse)
   at OpenQA.Selenium.Remote.RemoteWebDriver.Execute(String driverCommandToExecute, Dictionary`2 parameters)
   at OpenQA.Selenium.Remote.RemoteWebDriver.FindElement(String mechanism, String value)
   at TNSE.WebTests.SystemTests.Framework.PageObjects.MyTelenorWeb.ConnectTelenorPage.EnterPassword(String password) in D:\TeamCity\buildAgent2\work\e0b5caa43d666528\TNSE.WebTests\SystemTests\Framework\PageObjects\MyTelenorWeb\ConnectTelenorPage.cs:line 63
   at TNSE.WebTests.SystemTests.Framework.PageObjects.MyTelenorWeb.ConnectTelenorPage.LoginByUsingExistingConnectId(String msisdn, String email) in D:\TeamCity\buildAgent2\work\e0b5caa43d666528\TNSE.WebTests\SystemTests\Framework\PageObjects\MyTelenorWeb\ConnectTelenorPage.cs:line 121
   at TNSE.WebTests.SystemTests.MyTelenorWebTests.MySettings.MittTelenorMySettingsTests.Consent_card_not_visible_to_customers_under_18() in D:\TeamCity\buildAgent2\work\e0b5caa43d666528\TNSE.WebTests\SystemTests\MyTelenorWebTests\MySettings\MittTelenorMySettingsTests.cs:line 42]]></stack-trace>
                  </failure>
                  <output><![CDATA[Test failed on current URL: https://connect.staging.telenordigital.com/id/signin-switchable

*** Steps to reproduce ***
1. Navigate to https://integration.telenor.se/mitt-telenor/.
2. Press Login Button
3. Sign in to connectID page
4. Enter the phone number: +46733071056
5. Press Next Button
6. Enter the password: Test1234
]]></output>
                </test-case>
                <test-case id="1-1279" name="Consent_card_visible_to_customers_over_18" fullname="TNSE.WebTests.SystemTests.MyTelenorWebTests.MySettings.MittTelenorMySettingsTests.Consent_card_visible_to_customers_over_18" methodname="Consent_card_visible_to_customers_over_18" classname="TNSE.WebTests.SystemTests.MyTelenorWebTests.MySettings.MittTelenorMySettingsTests" runstate="Runnable" seed="2064163760" result="Failed" label="Error" start-time="2019-07-02 02:36:52Z" end-time="2019-07-02 02:37:41Z" duration="49.453185" asserts="2">
                  <properties>
                    <property name="Category" value="Regression tests" />
                    <property name="Category" value="System tests" />
                    <property name="Category" value="Mitt Telenor my settings tests" />
                    <property name="Category" value="Mitt Telenor" />
                  </properties>
                  <failure>
                    <message><![CDATA[OpenQA.Selenium.NoSuchElementException : no such element: Unable to locate element: {"method":"id","selector":"enterPassword"}
  (Session info: headless chrome=75.0.3770.100)
  (Driver info: chromedriver=74.0.3729.6 (255758eccf3d244491b8a1317aa76e1ce10d57e9-refs/branch-heads/3729@{#29}),platform=Windows NT 6.3.9600 x86_64)]]></message>
                    <stack-trace><![CDATA[   at OpenQA.Selenium.Remote.RemoteWebDriver.UnpackAndThrowOnError(Response errorResponse)
   at OpenQA.Selenium.Remote.RemoteWebDriver.Execute(String driverCommandToExecute, Dictionary`2 parameters)
   at OpenQA.Selenium.Remote.RemoteWebDriver.FindElement(String mechanism, String value)
   at TNSE.WebTests.SystemTests.Framework.PageObjects.MyTelenorWeb.ConnectTelenorPage.EnterPassword(String password) in D:\TeamCity\buildAgent2\work\e0b5caa43d666528\TNSE.WebTests\SystemTests\Framework\PageObjects\MyTelenorWeb\ConnectTelenorPage.cs:line 63
   at TNSE.WebTests.SystemTests.Framework.PageObjects.MyTelenorWeb.ConnectTelenorPage.LoginByUsingExistingConnectId(String msisdn, String email) in D:\TeamCity\buildAgent2\work\e0b5caa43d666528\TNSE.WebTests\SystemTests\Framework\PageObjects\MyTelenorWeb\ConnectTelenorPage.cs:line 121
   at TNSE.WebTests.SystemTests.MyTelenorWebTests.MySettings.MittTelenorMySettingsTests.Consent_card_visible_to_customers_over_18() in D:\TeamCity\buildAgent2\work\e0b5caa43d666528\TNSE.WebTests\SystemTests\MyTelenorWebTests\MySettings\MittTelenorMySettingsTests.cs:line 19]]></stack-trace>
                  </failure>
                  <output><![CDATA[Test failed on current URL: https://connect.staging.telenordigital.com/id/signin-switchable

*** Steps to reproduce ***
1. Navigate to https://integration.telenor.se/mitt-telenor/.
2. Press Login Button
3. Sign in to connectID page
4. Enter the phone number: +46733071055
5. Press Next Button
6. Enter the password: Test1234
]]></output>
                </test-case>
                <test-case id="1-1281" name="Updated_personal_information_is_displayed_after_change" fullname="TNSE.WebTests.SystemTests.MyTelenorWebTests.MySettings.MittTelenorMySettingsTests.Updated_personal_information_is_displayed_after_change" methodname="Updated_personal_information_is_displayed_after_change" classname="TNSE.WebTests.SystemTests.MyTelenorWebTests.MySettings.MittTelenorMySettingsTests" runstate="Runnable" seed="2051719873" result="Failed" label="Error" start-time="2019-07-02 02:37:41Z" end-time="2019-07-02 02:38:30Z" duration="49.363304" asserts="2">
                  <properties>
                    <property name="Category" value="Regression tests" />
                    <property name="Category" value="System tests" />
                    <property name="Category" value="Mitt Telenor my settings tests" />
                    <property name="Category" value="Mitt Telenor" />
                  </properties>
                  <failure>
                    <message><![CDATA[OpenQA.Selenium.NoSuchElementException : no such element: Unable to locate element: {"method":"id","selector":"enterPassword"}
  (Session info: headless chrome=75.0.3770.100)
  (Driver info: chromedriver=74.0.3729.6 (255758eccf3d244491b8a1317aa76e1ce10d57e9-refs/branch-heads/3729@{#29}),platform=Windows NT 6.3.9600 x86_64)]]></message>
                    <stack-trace><![CDATA[   at OpenQA.Selenium.Remote.RemoteWebDriver.UnpackAndThrowOnError(Response errorResponse)
   at OpenQA.Selenium.Remote.RemoteWebDriver.Execute(String driverCommandToExecute, Dictionary`2 parameters)
   at OpenQA.Selenium.Remote.RemoteWebDriver.FindElement(String mechanism, String value)
   at TNSE.WebTests.SystemTests.Framework.PageObjects.MyTelenorWeb.ConnectTelenorPage.EnterPassword(String password) in D:\TeamCity\buildAgent2\work\e0b5caa43d666528\TNSE.WebTests\SystemTests\Framework\PageObjects\MyTelenorWeb\ConnectTelenorPage.cs:line 63
   at TNSE.WebTests.SystemTests.Framework.PageObjects.MyTelenorWeb.ConnectTelenorPage.LoginByUsingExistingConnectId(String msisdn, String email) in D:\TeamCity\buildAgent2\work\e0b5caa43d666528\TNSE.WebTests\SystemTests\Framework\PageObjects\MyTelenorWeb\ConnectTelenorPage.cs:line 121
   at TNSE.WebTests.SystemTests.MyTelenorWebTests.MySettings.MittTelenorMySettingsTests.Updated_personal_information_is_displayed_after_change() in D:\TeamCity\buildAgent2\work\e0b5caa43d666528\TNSE.WebTests\SystemTests\MyTelenorWebTests\MySettings\MittTelenorMySettingsTests.cs:line 65]]></stack-trace>
                  </failure>
                  <output><![CDATA[Test failed on current URL: https://connect.staging.telenordigital.com/id/signin-switchable

*** Steps to reproduce ***
1. Navigate to https://integration.telenor.se/mitt-telenor/.
2. Press Login Button
3. Sign in to connectID page
4. Enter the phone number: +46733071057
5. Press Next Button
6. Enter the password: Test1234
]]></output>
                </test-case>
              </test-suite>
            </test-suite>
            <test-suite type="TestSuite" id="1-1777" name="Ownerclaim" fullname="TNSE.WebTests.SystemTests.MyTelenorWebTests.Ownerclaim" runstate="Runnable" testcasecount="2" result="Failed" site="Child" start-time="2019-07-02 02:20:04Z" end-time="2019-07-02 02:40:58Z" duration="1253.957601" total="2" passed="0" failed="2" warnings="0" inconclusive="0" skipped="0" asserts="6">
              <properties />
              <failure>
                <message><![CDATA[One or more child tests had errors]]></message>
              </failure>
              <test-suite type="TestFixture" id="1-1273" name="MittTelenorOwnerClaimTests" fullname="TNSE.WebTests.SystemTests.MyTelenorWebTests.Ownerclaim.MittTelenorOwnerClaimTests" classname="TNSE.WebTests.SystemTests.MyTelenorWebTests.Ownerclaim.MittTelenorOwnerClaimTests" runstate="Runnable" testcasecount="2" result="Failed" site="Child" start-time="2019-07-02 02:38:31Z" end-time="2019-07-02 02:40:58Z" duration="147.092632" total="2" passed="0" failed="2" warnings="0" inconclusive="0" skipped="0" asserts="6">
                <properties />
                <failure>
                  <message><![CDATA[One or more child tests had errors]]></message>
                </failure>
                <test-case id="1-1275" name="Claim_owner_by_postal" fullname="TNSE.WebTests.SystemTests.MyTelenorWebTests.Ownerclaim.MittTelenorOwnerClaimTests.Claim_owner_by_postal" methodname="Claim_owner_by_postal" classname="TNSE.WebTests.SystemTests.MyTelenorWebTests.Ownerclaim.MittTelenorOwnerClaimTests" runstate="Runnable" seed="1149857470" result="Failed" label="Error" start-time="2019-07-02 02:38:34Z" end-time="2019-07-02 02:39:47Z" duration="73.163375" asserts="3">
                  <properties>
                    <property name="Category" value="Regression tests" />
                    <property name="Category" value="System tests" />
                    <property name="Category" value="Mitt Telenor owner claim tests" />
                    <property name="Category" value="Mitt Telenor" />
                  </properties>
                  <failure>
                    <message><![CDATA[OpenQA.Selenium.WebDriverTimeoutException : Timed out after 45 seconds]]></message>
                    <stack-trace><![CDATA[   at OpenQA.Selenium.Support.UI.DefaultWait`1.ThrowTimeoutException(String exceptionMessage, Exception lastException)
   at OpenQA.Selenium.Support.UI.DefaultWait`1.Until[TResult](Func`2 condition)
   at TNSE.WebTests.SystemTests.Framework.PageObjects.Common.BasePage.WaitForPageTitle(String pageTitle, Int32 waitTime) in D:\TeamCity\buildAgent2\work\e0b5caa43d666528\TNSE.WebTests\SystemTests\Framework\PageObjects\Common\BasePage.cs:line 599
   at TNSE.WebTests.SystemTests.Framework.PageObjects.MyTelenorWeb.AutoClaimPage..ctor(Browser browserSession) in D:\TeamCity\buildAgent2\work\e0b5caa43d666528\TNSE.WebTests\SystemTests\Framework\PageObjects\MyTelenorWeb\AutoClaimPage.cs:line 18
   at TNSE.WebTests.SystemTests.MyTelenorWebTests.Ownerclaim.MittTelenorOwnerClaimTests.Claim_owner_by_postal() in D:\TeamCity\buildAgent2\work\e0b5caa43d666528\TNSE.WebTests\SystemTests\MyTelenorWebTests\Ownerclaim\MittTelenorOwnerClaimTests.cs:line 56]]></stack-trace>
                  </failure>
                  <output><![CDATA[Test failed on current URL: https://integration.telenor.se/mitt-telenor/oversikt/

*** Steps to reproduce ***
1. Navigate to https://integration.telenor.se/mitt-telenor/.
2. Press Login Button
3. Sign in to connectID page
4. Enter the phone number: +46733071052
5. Press Next Button
6. Enter the email: mitt-telenor-test18430997@telenor.se
7. Press Next Button
8. Enter the otp: 1234
9. choose the password: Test1234
10. Repeat the password: Test1234
11. Press Next Button
]]></output>
                </test-case>
                <test-case id="1-1274" name="Claim_owner_by_sms" fullname="TNSE.WebTests.SystemTests.MyTelenorWebTests.Ownerclaim.MittTelenorOwnerClaimTests.Claim_owner_by_sms" methodname="Claim_owner_by_sms" classname="TNSE.WebTests.SystemTests.MyTelenorWebTests.Ownerclaim.MittTelenorOwnerClaimTests" runstate="Runnable" seed="290485515" result="Failed" label="Error" start-time="2019-07-02 02:39:47Z" end-time="2019-07-02 02:40:58Z" duration="70.546010" asserts="3">
                  <properties>
                    <property name="Category" value="Regression tests" />
                    <property name="Category" value="System tests" />
                    <property name="Category" value="Mitt Telenor owner claim tests" />
                    <property name="Category" value="Mitt Telenor" />
                  </properties>
                  <failure>
                    <message><![CDATA[OpenQA.Selenium.WebDriverTimeoutException : Timed out after 45 seconds]]></message>
                    <stack-trace><![CDATA[   at OpenQA.Selenium.Support.UI.DefaultWait`1.ThrowTimeoutException(String exceptionMessage, Exception lastException)
   at OpenQA.Selenium.Support.UI.DefaultWait`1.Until[TResult](Func`2 condition)
   at TNSE.WebTests.SystemTests.Framework.PageObjects.Common.BasePage.WaitForPageTitle(String pageTitle, Int32 waitTime) in D:\TeamCity\buildAgent2\work\e0b5caa43d666528\TNSE.WebTests\SystemTests\Framework\PageObjects\Common\BasePage.cs:line 599
   at TNSE.WebTests.SystemTests.Framework.PageObjects.MyTelenorWeb.AutoClaimPage..ctor(Browser browserSession) in D:\TeamCity\buildAgent2\work\e0b5caa43d666528\TNSE.WebTests\SystemTests\Framework\PageObjects\MyTelenorWeb\AutoClaimPage.cs:line 18
   at TNSE.WebTests.SystemTests.MyTelenorWebTests.Ownerclaim.MittTelenorOwnerClaimTests.Claim_owner_by_sms() in D:\TeamCity\buildAgent2\work\e0b5caa43d666528\TNSE.WebTests\SystemTests\MyTelenorWebTests\Ownerclaim\MittTelenorOwnerClaimTests.cs:line 30]]></stack-trace>
                  </failure>
                  <output><![CDATA[Test failed on current URL: https://integration.telenor.se/mitt-telenor/oversikt/

*** Steps to reproduce ***
1. Navigate to https://integration.telenor.se/mitt-telenor/.
2. Press Login Button
3. Sign in to connectID page
4. Enter the phone number: +46733070751
5. Press Next Button
6. Enter the email: mitt-telenor-test32605493@telenor.se
7. Press Next Button
8. Enter the otp: 1234
9. choose the password: Test1234
10. Repeat the password: Test1234
11. Press Next Button
]]></output>
                </test-case>
              </test-suite>
            </test-suite>
            <test-suite type="TestSuite" id="1-1775" name="Userclaim" fullname="TNSE.WebTests.SystemTests.MyTelenorWebTests.Userclaim" runstate="Runnable" testcasecount="1" result="Failed" site="Child" start-time="2019-07-02 02:20:04Z" end-time="2019-07-02 02:42:36Z" duration="1351.995415" total="1" passed="0" failed="1" warnings="0" inconclusive="0" skipped="0" asserts="3">
              <properties />
              <failure>
                <message><![CDATA[One or more child tests had errors]]></message>
              </failure>
              <test-suite type="TestFixture" id="1-1269" name="MittTelenorUserClaimTests" fullname="TNSE.WebTests.SystemTests.MyTelenorWebTests.Userclaim.MittTelenorUserClaimTests" classname="TNSE.WebTests.SystemTests.MyTelenorWebTests.Userclaim.MittTelenorUserClaimTests" runstate="Runnable" testcasecount="1" result="Failed" site="Child" start-time="2019-07-02 02:40:58Z" end-time="2019-07-02 02:42:36Z" duration="98.037672" total="1" passed="0" failed="1" warnings="0" inconclusive="0" skipped="0" asserts="3">
                <properties />
                <failure>
                  <message><![CDATA[One or more child tests had errors]]></message>
                </failure>
                <test-case id="1-1270" name="Creating_account_and_performing_manual_user_claim_shall_show_engagements" fullname="TNSE.WebTests.SystemTests.MyTelenorWebTests.Userclaim.MittTelenorUserClaimTests.Creating_account_and_performing_manual_user_claim_shall_show_engagements" methodname="Creating_account_and_performing_manual_user_claim_shall_show_engagements" classname="TNSE.WebTests.SystemTests.MyTelenorWebTests.Userclaim.MittTelenorUserClaimTests" runstate="Runnable" seed="1396892457" result="Failed" label="Error" start-time="2019-07-02 02:41:01Z" end-time="2019-07-02 02:42:36Z" duration="94.591169" asserts="3">
                  <properties>
                    <property name="Category" value="Regression tests" />
                    <property name="Category" value="System tests" />
                    <property name="Category" value="Mitt Telenor auto claim tests" />
                    <property name="Category" value="Mitt Telenor" />
                  </properties>
                  <failure>
                    <message><![CDATA[OpenQA.Selenium.WebDriverTimeoutException : Timed out after 45 seconds]]></message>
                    <stack-trace><![CDATA[   at OpenQA.Selenium.Support.UI.DefaultWait`1.ThrowTimeoutException(String exceptionMessage, Exception lastException)
   at OpenQA.Selenium.Support.UI.DefaultWait`1.Until[TResult](Func`2 condition)
   at TNSE.WebTests.SystemTests.Framework.PageObjects.Common.BasePage.WaitForPageTitle(String pageTitle, Int32 waitTime) in D:\TeamCity\buildAgent2\work\e0b5caa43d666528\TNSE.WebTests\SystemTests\Framework\PageObjects\Common\BasePage.cs:line 599
   at TNSE.WebTests.SystemTests.Framework.PageObjects.MyTelenorWeb.AutoClaimPage..ctor(Browser browserSession) in D:\TeamCity\buildAgent2\work\e0b5caa43d666528\TNSE.WebTests\SystemTests\Framework\PageObjects\MyTelenorWeb\AutoClaimPage.cs:line 18
   at TNSE.WebTests.SystemTests.MyTelenorWebTests.Userclaim.MittTelenorUserClaimTests.Creating_account_and_performing_manual_user_claim_shall_show_engagements() in D:\TeamCity\buildAgent2\work\e0b5caa43d666528\TNSE.WebTests\SystemTests\MyTelenorWebTests\Userclaim\MittTelenorUserClaimTests.cs:line 28]]></stack-trace>
                  </failure>
                  <output><![CDATA[Test failed on current URL: https://integration.telenor.se/mitt-telenor/oversikt/

*** Steps to reproduce ***
1. Navigate to https://integration.telenor.se/mitt-telenor/.
2. Press Login Button
3. Sign in to connectID page
4. Enter the phone number: +46733071058
5. Press Next Button
6. Enter the email: mitt-telenor-test47214264@telenor.se
7. Press Next Button
8. Enter the otp: 1234
9. choose the password: Test1234
10. Repeat the password: Test1234
11. Press Next Button
]]></output>
                </test-case>
              </test-suite>
            </test-suite>
          </test-suite>
        </test-suite>
      </test-suite>
    </test-suite>
  </test-suite>
</test-run>