<?xml version="1.0" encoding="utf-8" standalone="no"?>
<test-run id="2" testcasecount="539" result="Failed" total="74" passed="24" failed="47" inconclusive="0" skipped="3" asserts="1187" engine-version="3.8.0.0" clr-version="4.0.30319.42000" start-time="2019-07-05 02:19:39Z" end-time="2019-07-05 02:42:12Z" duration="1353.090229">
  <command-line><![CDATA[D:\nunit\nunit3-console.exe  /work:D:\TeamCity\buildAgent2\work\362562ae9b31fb9a\TestResults /out:Output.txt D:\TeamCity\buildAgent2\work\362562ae9b31fb9a\TNSE.WebTests.csproj /where "cat == 'Regression tests'" /configfile:D:\TeamCity\buildAgent2\work\362562ae9b31fb9a\app.Integration.config /workers:5 /timeout=300000]]></command-line>
  <filter>
    <cat>Regression tests</cat>
  </filter>
  <test-suite type="Assembly" id="1-1762" name="TNSE.WebTests.dll" fullname="D:\TeamCity\buildAgent2\work\362562ae9b31fb9a\bin\TNSE.WebTests.dll" runstate="Runnable" testcasecount="539" result="Failed" site="Child" start-time="2019-07-05 02:19:41Z" end-time="2019-07-05 02:42:12Z" duration="1351.179425" total="74" passed="24" failed="47" warnings="0" inconclusive="0" skipped="3" asserts="1187">
    <environment framework-version="3.10.1.0" clr-version="4.0.30319.42000" os-version="Microsoft Windows NT 6.3.9600" platform="Win32NT" cwd="D:\TeamCity\buildAgent2\work\362562ae9b31fb9a" machine-name="BUILD-NET" user="build-netsrv" user-domain="BREDBAND" culture="en-US" uiculture="en-US" os-architecture="x64" />
    <settings>
      <setting name="BasePath" value="D:\TeamCity\buildAgent2\work\362562ae9b31fb9a\bin\" />
      <setting name="DisposeRunners" value="True" />
      <setting name="DefaultTimeout" value="300000" />
      <setting name="WorkDirectory" value="D:\TeamCity\buildAgent2\work\362562ae9b31fb9a\TestResults" />
      <setting name="NumberOfTestWorkers" value="5" />
      <setting name="ConfigurationFile" value="D:\TeamCity\buildAgent2\work\362562ae9b31fb9a\app.Integration.config" />
      <setting name="ImageRuntimeVersion" value="4.0.30319" />
      <setting name="ImageTargetFrameworkName" value=".NETFramework,Version=v4.7.2" />
      <setting name="ImageRequiresX86" value="False" />
      <setting name="ImageRequiresDefaultAppDomainAssemblyResolver" value="False" />
    </settings>
    <properties>
      <property name="_PID" value="9204" />
      <property name="_APPDOMAIN" value="domain-46edfcc-TNSE.WebTests.csproj" />
    </properties>
    <failure>
      <message><![CDATA[One or more child tests had errors]]></message>
    </failure>
    <test-suite type="TestSuite" id="1-1763" name="TNSE" fullname="TNSE" runstate="Runnable" testcasecount="539" result="Failed" site="Child" start-time="2019-07-05 02:19:41Z" end-time="2019-07-05 02:42:12Z" duration="1351.122306" total="74" passed="24" failed="47" warnings="0" inconclusive="0" skipped="3" asserts="1187">
      <properties />
      <failure>
        <message><![CDATA[One or more child tests had errors]]></message>
      </failure>
      <test-suite type="TestSuite" id="1-1764" name="WebTests" fullname="TNSE.WebTests" runstate="Runnable" testcasecount="539" result="Failed" site="Child" start-time="2019-07-05 02:19:41Z" end-time="2019-07-05 02:42:12Z" duration="1351.120763" total="74" passed="24" failed="47" warnings="0" inconclusive="0" skipped="3" asserts="1187">
        <properties />
        <failure>
          <message><![CDATA[One or more child tests had errors]]></message>
        </failure>
        <test-suite type="TestSuite" id="1-1773" name="SystemTests" fullname="TNSE.WebTests.SystemTests" runstate="Runnable" testcasecount="131" result="Failed" site="Child" start-time="2019-07-05 02:19:41Z" end-time="2019-07-05 02:42:12Z" duration="1351.120730" total="74" passed="24" failed="47" warnings="0" inconclusive="0" skipped="3" asserts="1187">
          <properties />
          <failure>
            <message><![CDATA[One or more child tests had errors]]></message>
          </failure>
          <test-suite type="TestSuite" id="1-1812" name="FixedOpenPages" fullname="TNSE.WebTests.SystemTests.FixedOpenPages" runstate="Runnable" testcasecount="5" result="Failed" site="Child" start-time="2019-07-05 02:19:41Z" end-time="2019-07-05 02:26:52Z" duration="431.031164" total="4" passed="0" failed="4" warnings="0" inconclusive="0" skipped="0" asserts="12">
            <properties />
            <failure>
              <message><![CDATA[One or more child tests had errors]]></message>
            </failure>
            <test-suite type="TestSuite" id="1-1816" name="AddressSearch" fullname="TNSE.WebTests.SystemTests.FixedOpenPages.AddressSearch" runstate="Runnable" testcasecount="2" result="Failed" site="Child" start-time="2019-07-05 02:19:41Z" end-time="2019-07-05 02:25:41Z" duration="360.300525" total="1" passed="0" failed="1" warnings="0" inconclusive="0" skipped="0" asserts="3">
              <properties />
              <failure>
                <message><![CDATA[One or more child tests had errors]]></message>
              </failure>
              <test-suite type="TestFixture" id="1-1491" name="AddressSearch" fullname="TNSE.WebTests.SystemTests.FixedOpenPages.AddressSearch.AddressSearch" classname="TNSE.WebTests.SystemTests.FixedOpenPages.AddressSearch.AddressSearch" runstate="Runnable" testcasecount="2" result="Failed" site="Child" start-time="2019-07-05 02:24:29Z" end-time="2019-07-05 02:25:41Z" duration="71.655970" total="1" passed="0" failed="1" warnings="0" inconclusive="0" skipped="0" asserts="3">
                <properties>
                  <property name="ParallelScope" value="Self" />
                </properties>
                <failure>
                  <message><![CDATA[One or more child tests had errors]]></message>
                </failure>
                <test-case id="1-1493" name="Search_Address_For_Tv" fullname="TNSE.WebTests.SystemTests.FixedOpenPages.AddressSearch.AddressSearch.Search_Address_For_Tv" methodname="Search_Address_For_Tv" classname="TNSE.WebTests.SystemTests.FixedOpenPages.AddressSearch.AddressSearch" runstate="Runnable" seed="771147926" result="Failed" start-time="2019-07-05 02:24:33Z" end-time="2019-07-05 02:25:41Z" duration="68.010084" asserts="3">
                  <properties>
                    <property name="Category" value="Regression tests" />
                    <property name="Category" value="System tests" />
                  </properties>
                  <failure>
                    <message><![CDATA[  Element with locator "By.CssSelector: .text--center > .font-h2" is not displayed after 45 seconds wait
  Expected: False
  But was:  True
]]></message>
                    <stack-trace><![CDATA[   at TNSE.WebTests.SystemTests.Framework.PageObjects.Common.BasePage.WaitForWebObjectToBeDisplayed[T](T objectToBeDisplayed, Int32 waitTime) in D:\TeamCity\buildAgent2\work\e0b5caa43d666528\TNSE.WebTests\SystemTests\Framework\PageObjects\Common\BasePage.cs:line 705
   at TNSE.WebTests.SystemTests.Framework.PageObjects.FixedOpenPages.PageWidgets.ProductOfferWidget.AssertTvOfferIsAvailableAtAddress() in D:\TeamCity\buildAgent2\work\e0b5caa43d666528\TNSE.WebTests\SystemTests\Framework\PageObjects\FixedOpenPages\PageWidgets\ProductOfferWidget.cs:line 90
]]></stack-trace>
                  </failure>
                  <output><![CDATA[Test failed on current URL: https://integration.telenor.se/handla/tv/

*** Steps to reproduce ***
1. Navigate to https://integration.telenor.se/handla/tv/
2. Navigate to https://integration.telenor.se/handla/tv/.
Test failed on current URL: https://integration.telenor.se/handla/tv/

*** Steps to reproduce ***
1. Navigate to https://integration.telenor.se/handla/tv/
2. Navigate to https://integration.telenor.se/handla/tv/.
]]></output>
                  <assertions>
                    <assertion result="Failed">
                      <message><![CDATA[  Element with locator "By.CssSelector: .text--center > .font-h2" is not displayed after 45 seconds wait
  Expected: False
  But was:  True
]]></message>
                      <stack-trace><![CDATA[   at TNSE.WebTests.SystemTests.Framework.PageObjects.Common.BasePage.WaitForWebObjectToBeDisplayed[T](T objectToBeDisplayed, Int32 waitTime) in D:\TeamCity\buildAgent2\work\e0b5caa43d666528\TNSE.WebTests\SystemTests\Framework\PageObjects\Common\BasePage.cs:line 683
   at TNSE.WebTests.SystemTests.Framework.PageObjects.FixedOpenPages.PageWidgets.ProductOfferWidget.AssertTvOfferIsAvailableAtAddress() in D:\TeamCity\buildAgent2\work\e0b5caa43d666528\TNSE.WebTests\SystemTests\Framework\PageObjects\FixedOpenPages\PageWidgets\ProductOfferWidget.cs:line 90
]]></stack-trace>
                    </assertion>
                  </assertions>
                </test-case>
              </test-suite>
            </test-suite>
            <test-suite type="TestSuite" id="1-1813" name="PurchaseFlow" fullname="TNSE.WebTests.SystemTests.FixedOpenPages.PurchaseFlow" runstate="Runnable" testcasecount="3" result="Failed" site="Child" start-time="2019-07-05 02:19:41Z" end-time="2019-07-05 02:26:52Z" duration="431.031118" total="3" passed="0" failed="3" warnings="0" inconclusive="0" skipped="0" asserts="9">
              <properties />
              <failure>
                <message><![CDATA[One or more child tests had errors]]></message>
              </failure>
              <test-suite type="TestSuite" id="1-1815" name="BroadBandProducts" fullname="TNSE.WebTests.SystemTests.FixedOpenPages.PurchaseFlow.BroadBandProducts" runstate="Runnable" testcasecount="1" result="Failed" site="Child" start-time="2019-07-05 02:19:41Z" end-time="2019-07-05 02:25:41Z" duration="360.147591" total="1" passed="0" failed="1" warnings="0" inconclusive="0" skipped="0" asserts="3">
                <properties />
                <failure>
                  <message><![CDATA[One or more child tests had errors]]></message>
                </failure>
                <test-suite type="TestFixture" id="1-1489" name="BuyBroadbandProducts" fullname="TNSE.WebTests.SystemTests.FixedOpenPages.PurchaseFlow.BroadBandProducts.BuyBroadbandProducts" classname="TNSE.WebTests.SystemTests.FixedOpenPages.PurchaseFlow.BroadBandProducts.BuyBroadbandProducts" runstate="Runnable" testcasecount="1" result="Failed" site="Child" start-time="2019-07-05 02:24:29Z" end-time="2019-07-05 02:25:41Z" duration="71.503064" total="1" passed="0" failed="1" warnings="0" inconclusive="0" skipped="0" asserts="3">
                  <properties>
                    <property name="ParallelScope" value="Self" />
                  </properties>
                  <failure>
                    <message><![CDATA[One or more child tests had errors]]></message>
                  </failure>
                  <test-case id="1-1490" name="Add_BroadBand_1000_To_Cart" fullname="TNSE.WebTests.SystemTests.FixedOpenPages.PurchaseFlow.BroadBandProducts.BuyBroadbandProducts.Add_BroadBand_1000_To_Cart" methodname="Add_BroadBand_1000_To_Cart" classname="TNSE.WebTests.SystemTests.FixedOpenPages.PurchaseFlow.BroadBandProducts.BuyBroadbandProducts" runstate="Runnable" seed="1017712742" result="Failed" start-time="2019-07-05 02:24:33Z" end-time="2019-07-05 02:25:41Z" duration="67.903755" asserts="3">
                    <properties>
                      <property name="Category" value="System tests" />
                      <property name="Category" value="Regression tests" />
                    </properties>
                    <failure>
                      <message><![CDATA[  Element with locator "By.CssSelector: .text--center > .font-h2" is not displayed after 45 seconds wait
  Expected: False
  But was:  True
]]></message>
                      <stack-trace><![CDATA[   at TNSE.WebTests.SystemTests.Framework.PageObjects.Common.BasePage.WaitForWebObjectToBeDisplayed[T](T objectToBeDisplayed, Int32 waitTime) in D:\TeamCity\buildAgent2\work\e0b5caa43d666528\TNSE.WebTests\SystemTests\Framework\PageObjects\Common\BasePage.cs:line 705
   at TNSE.WebTests.SystemTests.Framework.PageObjects.FixedOpenPages.PageWidgets.ProductOfferWidget.AssertBroadbandOfferIsAvailableAtAddress() in D:\TeamCity\buildAgent2\work\e0b5caa43d666528\TNSE.WebTests\SystemTests\Framework\PageObjects\FixedOpenPages\PageWidgets\ProductOfferWidget.cs:line 83
   at TNSE.WebTests.SystemTests.FixedOpenPages.PurchaseFlow.BroadBandProducts.BuyBroadbandProducts.Add_BroadBand_1000_To_Cart() in D:\TeamCity\buildAgent2\work\e0b5caa43d666528\TNSE.WebTests\SystemTests\FixedOpenPages\PurchaseFlow\BroadBandProducts\BuyBroadbandProducts.cs:line 24
]]></stack-trace>
                    </failure>
                    <output><![CDATA[Test failed on current URL: https://integration.telenor.se/handla/bredband/

*** Steps to reproduce ***
1. Navigate to https://integration.telenor.se/handla/bredband/
2. Navigate to https://integration.telenor.se/handla/bredband/.
Test failed on current URL: https://integration.telenor.se/handla/bredband/

*** Steps to reproduce ***
1. Navigate to https://integration.telenor.se/handla/bredband/
2. Navigate to https://integration.telenor.se/handla/bredband/.
]]></output>
                    <assertions>
                      <assertion result="Failed">
                        <message><![CDATA[  Element with locator "By.CssSelector: .text--center > .font-h2" is not displayed after 45 seconds wait
  Expected: False
  But was:  True
]]></message>
                        <stack-trace><![CDATA[   at TNSE.WebTests.SystemTests.Framework.PageObjects.Common.BasePage.WaitForWebObjectToBeDisplayed[T](T objectToBeDisplayed, Int32 waitTime) in D:\TeamCity\buildAgent2\work\e0b5caa43d666528\TNSE.WebTests\SystemTests\Framework\PageObjects\Common\BasePage.cs:line 683
   at TNSE.WebTests.SystemTests.Framework.PageObjects.FixedOpenPages.PageWidgets.ProductOfferWidget.AssertBroadbandOfferIsAvailableAtAddress() in D:\TeamCity\buildAgent2\work\e0b5caa43d666528\TNSE.WebTests\SystemTests\Framework\PageObjects\FixedOpenPages\PageWidgets\ProductOfferWidget.cs:line 83
   at TNSE.WebTests.SystemTests.FixedOpenPages.PurchaseFlow.BroadBandProducts.BuyBroadbandProducts.Add_BroadBand_1000_To_Cart() in D:\TeamCity\buildAgent2\work\e0b5caa43d666528\TNSE.WebTests\SystemTests\FixedOpenPages\PurchaseFlow\BroadBandProducts\BuyBroadbandProducts.cs:line 24
]]></stack-trace>
                      </assertion>
                    </assertions>
                  </test-case>
                </test-suite>
              </test-suite>
              <test-suite type="TestSuite" id="1-1814" name="TvProducts" fullname="TNSE.WebTests.SystemTests.FixedOpenPages.PurchaseFlow.TvProducts" runstate="Runnable" testcasecount="2" result="Failed" site="Child" start-time="2019-07-05 02:19:41Z" end-time="2019-07-05 02:26:52Z" duration="431.031068" total="2" passed="0" failed="2" warnings="0" inconclusive="0" skipped="0" asserts="6">
                <properties />
                <failure>
                  <message><![CDATA[One or more child tests had errors]]></message>
                </failure>
                <test-suite type="TestFixture" id="1-1486" name="BuyTvProducts" fullname="TNSE.WebTests.SystemTests.FixedOpenPages.PurchaseFlow.TvProducts.BuyTvProducts" classname="TNSE.WebTests.SystemTests.FixedOpenPages.PurchaseFlow.TvProducts.BuyTvProducts" runstate="Runnable" testcasecount="2" result="Failed" site="Child" start-time="2019-07-05 02:24:29Z" end-time="2019-07-05 02:26:52Z" duration="142.386499" total="2" passed="0" failed="2" warnings="0" inconclusive="0" skipped="0" asserts="6">
                  <properties>
                    <property name="ParallelScope" value="Self" />
                  </properties>
                  <failure>
                    <message><![CDATA[One or more child tests had errors]]></message>
                  </failure>
                  <test-case id="1-1488" name="Add_Tv_Flex_To_Cart" fullname="TNSE.WebTests.SystemTests.FixedOpenPages.PurchaseFlow.TvProducts.BuyTvProducts.Add_Tv_Flex_To_Cart" methodname="Add_Tv_Flex_To_Cart" classname="TNSE.WebTests.SystemTests.FixedOpenPages.PurchaseFlow.TvProducts.BuyTvProducts" runstate="Runnable" seed="1762262222" result="Failed" start-time="2019-07-05 02:24:33Z" end-time="2019-07-05 02:25:41Z" duration="67.886622" asserts="3">
                    <properties>
                      <property name="Category" value="System tests" />
                      <property name="Category" value="Regression tests" />
                    </properties>
                    <failure>
                      <message><![CDATA[  Element with locator "By.CssSelector: .text--center > .font-h2" is not displayed after 45 seconds wait
  Expected: False
  But was:  True
]]></message>
                      <stack-trace><![CDATA[   at TNSE.WebTests.SystemTests.Framework.PageObjects.Common.BasePage.WaitForWebObjectToBeDisplayed[T](T objectToBeDisplayed, Int32 waitTime) in D:\TeamCity\buildAgent2\work\e0b5caa43d666528\TNSE.WebTests\SystemTests\Framework\PageObjects\Common\BasePage.cs:line 705
   at TNSE.WebTests.SystemTests.Framework.PageObjects.FixedOpenPages.PageWidgets.ProductOfferWidget.AssertTvOfferIsAvailableAtAddress() in D:\TeamCity\buildAgent2\work\e0b5caa43d666528\TNSE.WebTests\SystemTests\Framework\PageObjects\FixedOpenPages\PageWidgets\ProductOfferWidget.cs:line 90
   at TNSE.WebTests.SystemTests.FixedOpenPages.PurchaseFlow.TvProducts.BuyTvProducts.Add_Tv_Flex_To_Cart() in D:\TeamCity\buildAgent2\work\e0b5caa43d666528\TNSE.WebTests\SystemTests\FixedOpenPages\PurchaseFlow\TvProducts\BuyTvProducts.cs:line 45
]]></stack-trace>
                    </failure>
                    <output><![CDATA[Test failed on current URL: https://integration.telenor.se/handla/tv/

*** Steps to reproduce ***
1. Navigate to https://integration.telenor.se/handla/tv/
2. Navigate to https://integration.telenor.se/handla/tv/.
Test failed on current URL: https://integration.telenor.se/handla/tv/

*** Steps to reproduce ***
1. Navigate to https://integration.telenor.se/handla/tv/
2. Navigate to https://integration.telenor.se/handla/tv/.
]]></output>
                    <assertions>
                      <assertion result="Failed">
                        <message><![CDATA[  Element with locator "By.CssSelector: .text--center > .font-h2" is not displayed after 45 seconds wait
  Expected: False
  But was:  True
]]></message>
                        <stack-trace><![CDATA[   at TNSE.WebTests.SystemTests.Framework.PageObjects.Common.BasePage.WaitForWebObjectToBeDisplayed[T](T objectToBeDisplayed, Int32 waitTime) in D:\TeamCity\buildAgent2\work\e0b5caa43d666528\TNSE.WebTests\SystemTests\Framework\PageObjects\Common\BasePage.cs:line 683
   at TNSE.WebTests.SystemTests.Framework.PageObjects.FixedOpenPages.PageWidgets.ProductOfferWidget.AssertTvOfferIsAvailableAtAddress() in D:\TeamCity\buildAgent2\work\e0b5caa43d666528\TNSE.WebTests\SystemTests\Framework\PageObjects\FixedOpenPages\PageWidgets\ProductOfferWidget.cs:line 90
   at TNSE.WebTests.SystemTests.FixedOpenPages.PurchaseFlow.TvProducts.BuyTvProducts.Add_Tv_Flex_To_Cart() in D:\TeamCity\buildAgent2\work\e0b5caa43d666528\TNSE.WebTests\SystemTests\FixedOpenPages\PurchaseFlow\TvProducts\BuyTvProducts.cs:line 45
]]></stack-trace>
                      </assertion>
                    </assertions>
                  </test-case>
                  <test-case id="1-1487" name="Add_Tv_Stor_To_Cart" fullname="TNSE.WebTests.SystemTests.FixedOpenPages.PurchaseFlow.TvProducts.BuyTvProducts.Add_Tv_Stor_To_Cart" methodname="Add_Tv_Stor_To_Cart" classname="TNSE.WebTests.SystemTests.FixedOpenPages.PurchaseFlow.TvProducts.BuyTvProducts" runstate="Runnable" seed="863268849" result="Failed" start-time="2019-07-05 02:25:41Z" end-time="2019-07-05 02:26:52Z" duration="70.909413" asserts="3">
                    <properties>
                      <property name="Category" value="System tests" />
                      <property name="Category" value="Regression tests" />
                    </properties>
                    <failure>
                      <message><![CDATA[  Element with locator "By.CssSelector: .text--center > .font-h2" is not displayed after 45 seconds wait
  Expected: False
  But was:  True
]]></message>
                      <stack-trace><![CDATA[   at TNSE.WebTests.SystemTests.Framework.PageObjects.Common.BasePage.WaitForWebObjectToBeDisplayed[T](T objectToBeDisplayed, Int32 waitTime) in D:\TeamCity\buildAgent2\work\e0b5caa43d666528\TNSE.WebTests\SystemTests\Framework\PageObjects\Common\BasePage.cs:line 705
   at TNSE.WebTests.SystemTests.Framework.PageObjects.FixedOpenPages.PageWidgets.ProductOfferWidget.AssertTvOfferIsAvailableAtAddress() in D:\TeamCity\buildAgent2\work\e0b5caa43d666528\TNSE.WebTests\SystemTests\Framework\PageObjects\FixedOpenPages\PageWidgets\ProductOfferWidget.cs:line 90
   at TNSE.WebTests.SystemTests.FixedOpenPages.PurchaseFlow.TvProducts.BuyTvProducts.Add_Tv_Stor_To_Cart() in D:\TeamCity\buildAgent2\work\e0b5caa43d666528\TNSE.WebTests\SystemTests\FixedOpenPages\PurchaseFlow\TvProducts\BuyTvProducts.cs:line 23
]]></stack-trace>
                    </failure>
                    <output><![CDATA[Test failed on current URL: https://integration.telenor.se/handla/tv/

*** Steps to reproduce ***
1. Navigate to https://integration.telenor.se/handla/tv/
2. Navigate to https://integration.telenor.se/handla/tv/.
Test failed on current URL: https://integration.telenor.se/handla/tv/

*** Steps to reproduce ***
1. Navigate to https://integration.telenor.se/handla/tv/
2. Navigate to https://integration.telenor.se/handla/tv/.
]]></output>
                    <assertions>
                      <assertion result="Failed">
                        <message><![CDATA[  Element with locator "By.CssSelector: .text--center > .font-h2" is not displayed after 45 seconds wait
  Expected: False
  But was:  True
]]></message>
                        <stack-trace><![CDATA[   at TNSE.WebTests.SystemTests.Framework.PageObjects.Common.BasePage.WaitForWebObjectToBeDisplayed[T](T objectToBeDisplayed, Int32 waitTime) in D:\TeamCity\buildAgent2\work\e0b5caa43d666528\TNSE.WebTests\SystemTests\Framework\PageObjects\Common\BasePage.cs:line 683
   at TNSE.WebTests.SystemTests.Framework.PageObjects.FixedOpenPages.PageWidgets.ProductOfferWidget.AssertTvOfferIsAvailableAtAddress() in D:\TeamCity\buildAgent2\work\e0b5caa43d666528\TNSE.WebTests\SystemTests\Framework\PageObjects\FixedOpenPages\PageWidgets\ProductOfferWidget.cs:line 90
   at TNSE.WebTests.SystemTests.FixedOpenPages.PurchaseFlow.TvProducts.BuyTvProducts.Add_Tv_Stor_To_Cart() in D:\TeamCity\buildAgent2\work\e0b5caa43d666528\TNSE.WebTests\SystemTests\FixedOpenPages\PurchaseFlow\TvProducts\BuyTvProducts.cs:line 23
]]></stack-trace>
                      </assertion>
                    </assertions>
                  </test-case>
                </test-suite>
              </test-suite>
            </test-suite>
          </test-suite>
          <test-suite type="TestSuite" id="1-1782" name="MobileWebOpenPagesTests" fullname="TNSE.WebTests.SystemTests.MobileWebOpenPagesTests" runstate="Runnable" testcasecount="91" result="Failed" site="Child" start-time="2019-07-05 02:19:41Z" end-time="2019-07-05 02:35:32Z" duration="951.703165" total="56" passed="19" failed="34" warnings="0" inconclusive="0" skipped="3" asserts="1110">
            <properties />
            <failure>
              <message><![CDATA[One or more child tests had errors]]></message>
            </failure>
            <test-suite type="TestSuite" id="1-1811" name="CustomerService" fullname="TNSE.WebTests.SystemTests.MobileWebOpenPagesTests.CustomerService" runstate="Runnable" testcasecount="2" result="Skipped" label="Ignored" site="Child" start-time="2019-07-05 02:19:41Z" end-time="2019-07-05 02:24:44Z" duration="303.635741" total="2" passed="1" failed="0" warnings="0" inconclusive="0" skipped="1" asserts="2">
              <properties />
              <reason>
                <message><![CDATA[One or more child tests were ignored]]></message>
              </reason>
              <test-suite type="TestFixture" id="1-1483" name="CustomerServiceTests" fullname="TNSE.WebTests.SystemTests.MobileWebOpenPagesTests.CustomerService.CustomerServiceTests" classname="TNSE.WebTests.SystemTests.MobileWebOpenPagesTests.CustomerService.CustomerServiceTests" runstate="Runnable" testcasecount="2" result="Skipped" label="Ignored" site="Child" start-time="2019-07-05 02:24:29Z" end-time="2019-07-05 02:24:44Z" duration="14.991016" total="2" passed="1" failed="0" warnings="0" inconclusive="0" skipped="1" asserts="2">
                <properties>
                  <property name="ParallelScope" value="Self" />
                </properties>
                <reason>
                  <message><![CDATA[One or more child tests were ignored]]></message>
                </reason>
                <test-case id="1-1485" name="Customer_search_shows_faq_results_tabs_folded" fullname="TNSE.WebTests.SystemTests.MobileWebOpenPagesTests.CustomerService.CustomerServiceTests.Customer_search_shows_faq_results_tabs_folded" methodname="Customer_search_shows_faq_results_tabs_folded" classname="TNSE.WebTests.SystemTests.MobileWebOpenPagesTests.CustomerService.CustomerServiceTests" runstate="Runnable" seed="910407464" result="Passed" start-time="2019-07-05 02:24:33Z" end-time="2019-07-05 02:24:44Z" duration="11.457534" asserts="2">
                  <properties>
                    <property name="Category" value="Regression tests" />
                    <property name="Category" value="System tests" />
                  </properties>
                </test-case>
                <test-case id="1-1484" name="Customer_search_shows_three_categories_in_the_results" fullname="TNSE.WebTests.SystemTests.MobileWebOpenPagesTests.CustomerService.CustomerServiceTests.Customer_search_shows_three_categories_in_the_results" methodname="Customer_search_shows_three_categories_in_the_results" classname="TNSE.WebTests.SystemTests.MobileWebOpenPagesTests.CustomerService.CustomerServiceTests" runstate="Ignored" seed="271434460" result="Skipped" label="Ignored" start-time="2019-07-05 02:24:44Z" end-time="2019-07-05 02:24:44Z" duration="0.001327" asserts="0">
                  <properties>
                    <property name="Category" value="Regression tests" />
                    <property name="Category" value="System tests" />
                    <property name="_SKIPREASON" value="Reindexing is currently not working in the test-environments" />
                  </properties>
                  <reason>
                    <message><![CDATA[Reindexing is currently not working in the test-environments]]></message>
                  </reason>
                </test-case>
              </test-suite>
            </test-suite>
            <test-suite type="TestSuite" id="1-1810" name="HeaderNavigation" fullname="TNSE.WebTests.SystemTests.MobileWebOpenPagesTests.HeaderNavigation" runstate="Runnable" testcasecount="6" result="Passed" start-time="2019-07-05 02:19:41Z" end-time="2019-07-05 02:25:39Z" duration="358.106445" total="6" passed="6" failed="0" warnings="0" inconclusive="0" skipped="0" asserts="11">
              <properties />
              <test-suite type="TestFixture" id="1-1474" name="HeaderNavigationTests" fullname="TNSE.WebTests.SystemTests.MobileWebOpenPagesTests.HeaderNavigation.HeaderNavigationTests" classname="TNSE.WebTests.SystemTests.MobileWebOpenPagesTests.HeaderNavigation.HeaderNavigationTests" runstate="Runnable" testcasecount="6" result="Passed" start-time="2019-07-05 02:24:29Z" end-time="2019-07-05 02:25:39Z" duration="69.461685" total="6" passed="6" failed="0" warnings="0" inconclusive="0" skipped="0" asserts="11">
                <properties>
                  <property name="ParallelScope" value="Self" />
                </properties>
                <test-case id="1-1482" name="Clicking_customer_service_link_should_open_customer_service_page" fullname="TNSE.WebTests.SystemTests.MobileWebOpenPagesTests.HeaderNavigation.HeaderNavigationTests.Clicking_customer_service_link_should_open_customer_service_page" methodname="Clicking_customer_service_link_should_open_customer_service_page" classname="TNSE.WebTests.SystemTests.MobileWebOpenPagesTests.HeaderNavigation.HeaderNavigationTests" runstate="Runnable" seed="1253274364" result="Passed" start-time="2019-07-05 02:24:33Z" end-time="2019-07-05 02:24:44Z" duration="11.461138" asserts="2">
                  <properties>
                    <property name="Category" value="Regression tests" />
                    <property name="Category" value="System tests" />
                  </properties>
                </test-case>
                <test-case id="1-1481" name="Clicking_offers_link_should_open_offers_page" fullname="TNSE.WebTests.SystemTests.MobileWebOpenPagesTests.HeaderNavigation.HeaderNavigationTests.Clicking_offers_link_should_open_offers_page" methodname="Clicking_offers_link_should_open_offers_page" classname="TNSE.WebTests.SystemTests.MobileWebOpenPagesTests.HeaderNavigation.HeaderNavigationTests" runstate="Runnable" seed="1055042942" result="Passed" start-time="2019-07-05 02:24:44Z" end-time="2019-07-05 02:24:55Z" duration="11.194924" asserts="2">
                  <properties>
                    <property name="Category" value="Regression tests" />
                    <property name="Category" value="System tests" />
                  </properties>
                </test-case>
                <test-suite type="ParameterizedMethod" id="1-1478" name="Clicking_phones_link_opens_the_terminal_overview_page" fullname="TNSE.WebTests.SystemTests.MobileWebOpenPagesTests.HeaderNavigation.HeaderNavigationTests.Clicking_phones_link_opens_the_terminal_overview_page" classname="TNSE.WebTests.SystemTests.MobileWebOpenPagesTests.HeaderNavigation.HeaderNavigationTests" runstate="Runnable" testcasecount="1" result="Passed" start-time="2019-07-05 02:24:55Z" end-time="2019-07-05 02:25:06Z" duration="10.457475" total="1" passed="1" failed="0" warnings="0" inconclusive="0" skipped="0" asserts="1">
                  <properties>
                    <property name="Category" value="Regression tests" />
                    <property name="Category" value="System tests" />
                  </properties>
                  <test-case id="1-1477" name="Clicking_phones_link_opens_the_terminal_overview_page(&quot;Consumer mobile phone&quot;)" fullname="TNSE.WebTests.SystemTests.MobileWebOpenPagesTests.HeaderNavigation.HeaderNavigationTests.Clicking_phones_link_opens_the_terminal_overview_page(&quot;Consumer mobile phone&quot;)" methodname="Clicking_phones_link_opens_the_terminal_overview_page" classname="TNSE.WebTests.SystemTests.MobileWebOpenPagesTests.HeaderNavigation.HeaderNavigationTests" runstate="Runnable" seed="2090881221" result="Passed" start-time="2019-07-05 02:24:55Z" end-time="2019-07-05 02:25:06Z" duration="10.456112" asserts="1">
                    <properties />
                  </test-case>
                </test-suite>
                <test-case id="1-1475" name="Clicking_subscriptions_link_opens_the_subscriptions_page" fullname="TNSE.WebTests.SystemTests.MobileWebOpenPagesTests.HeaderNavigation.HeaderNavigationTests.Clicking_subscriptions_link_opens_the_subscriptions_page" methodname="Clicking_subscriptions_link_opens_the_subscriptions_page" classname="TNSE.WebTests.SystemTests.MobileWebOpenPagesTests.HeaderNavigation.HeaderNavigationTests" runstate="Runnable" seed="1308457659" result="Passed" start-time="2019-07-05 02:25:06Z" end-time="2019-07-05 02:25:17Z" duration="10.744037" asserts="3">
                  <properties>
                    <property name="Category" value="Regression tests" />
                    <property name="Category" value="System tests" />
                  </properties>
                </test-case>
                <test-suite type="ParameterizedMethod" id="1-1480" name="Clicking_tablets_and_routers_link_opens_the_tablet_and_routers_page" fullname="TNSE.WebTests.SystemTests.MobileWebOpenPagesTests.HeaderNavigation.HeaderNavigationTests.Clicking_tablets_and_routers_link_opens_the_tablet_and_routers_page" classname="TNSE.WebTests.SystemTests.MobileWebOpenPagesTests.HeaderNavigation.HeaderNavigationTests" runstate="Runnable" testcasecount="1" result="Passed" start-time="2019-07-05 02:25:17Z" end-time="2019-07-05 02:25:28Z" duration="10.993085" total="1" passed="1" failed="0" warnings="0" inconclusive="0" skipped="0" asserts="1">
                  <properties>
                    <property name="Category" value="Regression tests" />
                    <property name="Category" value="System tests" />
                  </properties>
                  <test-case id="1-1479" name="Clicking_tablets_and_routers_link_opens_the_tablet_and_routers_page(&quot;Consumer tablet&quot;)" fullname="TNSE.WebTests.SystemTests.MobileWebOpenPagesTests.HeaderNavigation.HeaderNavigationTests.Clicking_tablets_and_routers_link_opens_the_tablet_and_routers_page(&quot;Consumer tablet&quot;)" methodname="Clicking_tablets_and_routers_link_opens_the_tablet_and_routers_page" classname="TNSE.WebTests.SystemTests.MobileWebOpenPagesTests.HeaderNavigation.HeaderNavigationTests" runstate="Runnable" seed="576180223" result="Passed" start-time="2019-07-05 02:25:17Z" end-time="2019-07-05 02:25:28Z" duration="10.992828" asserts="1">
                    <properties />
                  </test-case>
                </test-suite>
                <test-case id="1-1476" name="Clicking_telenor_family_link_opens_the_telenor_family_page" fullname="TNSE.WebTests.SystemTests.MobileWebOpenPagesTests.HeaderNavigation.HeaderNavigationTests.Clicking_telenor_family_link_opens_the_telenor_family_page" methodname="Clicking_telenor_family_link_opens_the_telenor_family_page" classname="TNSE.WebTests.SystemTests.MobileWebOpenPagesTests.HeaderNavigation.HeaderNavigationTests" runstate="Runnable" seed="1355943558" result="Passed" start-time="2019-07-05 02:25:28Z" end-time="2019-07-05 02:25:39Z" duration="10.969628" asserts="2">
                  <properties>
                    <property name="Category" value="Regression tests" />
                    <property name="Category" value="System tests" />
                  </properties>
                </test-case>
              </test-suite>
            </test-suite>
            <test-suite type="TestSuite" id="1-1783" name="ProductGridPageFuntionality" fullname="TNSE.WebTests.SystemTests.MobileWebOpenPagesTests.ProductGridPageFuntionality" runstate="Runnable" testcasecount="2" result="Passed" start-time="2019-07-05 02:19:41Z" end-time="2019-07-05 02:27:04Z" duration="443.095285" total="2" passed="2" failed="0" warnings="0" inconclusive="0" skipped="0" asserts="18">
              <properties />
              <test-suite type="TestFixture" id="1-1291" name="MobilePhonesGridFunctionalityTests" fullname="TNSE.WebTests.SystemTests.MobileWebOpenPagesTests.ProductGridPageFuntionality.MobilePhonesGridFunctionalityTests" classname="TNSE.WebTests.SystemTests.MobileWebOpenPagesTests.ProductGridPageFuntionality.MobilePhonesGridFunctionalityTests" runstate="Runnable" testcasecount="2" result="Passed" start-time="2019-07-05 02:26:33Z" end-time="2019-07-05 02:27:04Z" duration="30.474080" total="2" passed="2" failed="0" warnings="0" inconclusive="0" skipped="0" asserts="18">
                <properties>
                  <property name="ParallelScope" value="Self" />
                </properties>
                <test-case id="1-1292" name="All_terminal_products_have_colors_on_grid_page" fullname="TNSE.WebTests.SystemTests.MobileWebOpenPagesTests.ProductGridPageFuntionality.MobilePhonesGridFunctionalityTests.All_terminal_products_have_colors_on_grid_page" methodname="All_terminal_products_have_colors_on_grid_page" classname="TNSE.WebTests.SystemTests.MobileWebOpenPagesTests.ProductGridPageFuntionality.MobilePhonesGridFunctionalityTests" runstate="Runnable" seed="923207215" result="Passed" start-time="2019-07-05 02:26:37Z" end-time="2019-07-05 02:26:47Z" duration="9.900562" asserts="13">
                  <properties>
                    <property name="Category" value="Regression tests" />
                    <property name="Category" value="System tests" />
                  </properties>
                </test-case>
                <test-case id="1-1293" name="Only_selected_brands_in_the_filter_shall_be_displayed_in_the_product_grid" fullname="TNSE.WebTests.SystemTests.MobileWebOpenPagesTests.ProductGridPageFuntionality.MobilePhonesGridFunctionalityTests.Only_selected_brands_in_the_filter_shall_be_displayed_in_the_product_grid" methodname="Only_selected_brands_in_the_filter_shall_be_displayed_in_the_product_grid" classname="TNSE.WebTests.SystemTests.MobileWebOpenPagesTests.ProductGridPageFuntionality.MobilePhonesGridFunctionalityTests" runstate="Runnable" seed="1095695317" result="Passed" start-time="2019-07-05 02:26:47Z" end-time="2019-07-05 02:27:04Z" duration="16.654815" asserts="5">
                  <properties>
                    <property name="Category" value="Regression tests" />
                    <property name="Category" value="System tests" />
                  </properties>
                </test-case>
              </test-suite>
            </test-suite>
            <test-suite type="TestSuite" id="1-1784" name="ProductDetailPageFunctionality" fullname="TNSE.WebTests.SystemTests.MobileWebOpenPagesTests.ProductDetailPageFunctionality" runstate="Runnable" testcasecount="11" result="Failed" site="Child" start-time="2019-07-05 02:19:41Z" end-time="2019-07-05 02:32:34Z" duration="772.974577" total="11" passed="10" failed="1" warnings="0" inconclusive="0" skipped="0" asserts="331">
              <properties />
              <failure>
                <message><![CDATA[One or more child tests had errors]]></message>
              </failure>
              <test-suite type="TestFixture" id="1-1301" name="ColorPickerFunctionalityTests" fullname="TNSE.WebTests.SystemTests.MobileWebOpenPagesTests.ProductDetailPageFunctionality.ColorPickerFunctionalityTests" classname="TNSE.WebTests.SystemTests.MobileWebOpenPagesTests.ProductDetailPageFunctionality.ColorPickerFunctionalityTests" runstate="Runnable" testcasecount="1" result="Passed" start-time="2019-07-05 02:25:41Z" end-time="2019-07-05 02:26:25Z" duration="44.118862" total="1" passed="1" failed="0" warnings="0" inconclusive="0" skipped="0" asserts="21">
                <properties>
                  <property name="ParallelScope" value="Self" />
                </properties>
                <test-case id="1-1302" name="Clicking_color_sets_color_as_selected" fullname="TNSE.WebTests.SystemTests.MobileWebOpenPagesTests.ProductDetailPageFunctionality.ColorPickerFunctionalityTests.Clicking_color_sets_color_as_selected" methodname="Clicking_color_sets_color_as_selected" classname="TNSE.WebTests.SystemTests.MobileWebOpenPagesTests.ProductDetailPageFunctionality.ColorPickerFunctionalityTests" runstate="Runnable" seed="1853289687" result="Passed" start-time="2019-07-05 02:25:44Z" end-time="2019-07-05 02:26:25Z" duration="40.640037" asserts="21">
                  <properties>
                    <property name="Category" value="Regression tests" />
                    <property name="Category" value="System tests" />
                    <property name="Category" value="New modular purchase flow tests" />
                  </properties>
                </test-case>
              </test-suite>
              <test-suite type="TestFixture" id="1-1299" name="CapacityPickerFunctionalityTests" fullname="TNSE.WebTests.SystemTests.MobileWebOpenPagesTests.ProductDetailPageFunctionality.CapacityPickerFunctionalityTests" classname="TNSE.WebTests.SystemTests.MobileWebOpenPagesTests.ProductDetailPageFunctionality.CapacityPickerFunctionalityTests" runstate="Runnable" testcasecount="1" result="Passed" start-time="2019-07-05 02:25:39Z" end-time="2019-07-05 02:26:33Z" duration="54.514432" total="1" passed="1" failed="0" warnings="0" inconclusive="0" skipped="0" asserts="29">
                <properties>
                  <property name="ParallelScope" value="Self" />
                </properties>
                <test-case id="1-1300" name="Clicking_capacity_selects_capacity" fullname="TNSE.WebTests.SystemTests.MobileWebOpenPagesTests.ProductDetailPageFunctionality.CapacityPickerFunctionalityTests.Clicking_capacity_selects_capacity" methodname="Clicking_capacity_selects_capacity" classname="TNSE.WebTests.SystemTests.MobileWebOpenPagesTests.ProductDetailPageFunctionality.CapacityPickerFunctionalityTests" runstate="Runnable" seed="1537094084" result="Passed" start-time="2019-07-05 02:25:43Z" end-time="2019-07-05 02:26:33Z" duration="50.661468" asserts="29">
                  <properties>
                    <property name="Category" value="Regression tests" />
                    <property name="Category" value="System tests" />
                    <property name="Category" value="New modular purchase flow tests" />
                  </properties>
                </test-case>
              </test-suite>
              <test-suite type="TestFixture" id="1-1294" name="AddonFunctionalityTests" fullname="TNSE.WebTests.SystemTests.MobileWebOpenPagesTests.ProductDetailPageFunctionality.AddonFunctionalityTests" classname="TNSE.WebTests.SystemTests.MobileWebOpenPagesTests.ProductDetailPageFunctionality.AddonFunctionalityTests" runstate="Runnable" testcasecount="4" result="Passed" start-time="2019-07-05 02:24:44Z" end-time="2019-07-05 02:26:43Z" duration="118.567654" total="4" passed="4" failed="0" warnings="0" inconclusive="0" skipped="0" asserts="49">
                <properties>
                  <property name="ParallelScope" value="Self" />
                </properties>
                <test-case id="1-1296" name="Deselecting_mobile_insurance_with_button_removes_mobile_insurance_from_cart" fullname="TNSE.WebTests.SystemTests.MobileWebOpenPagesTests.ProductDetailPageFunctionality.AddonFunctionalityTests.Deselecting_mobile_insurance_with_button_removes_mobile_insurance_from_cart" methodname="Deselecting_mobile_insurance_with_button_removes_mobile_insurance_from_cart" classname="TNSE.WebTests.SystemTests.MobileWebOpenPagesTests.ProductDetailPageFunctionality.AddonFunctionalityTests" runstate="Runnable" seed="1820882339" result="Passed" start-time="2019-07-05 02:24:49Z" end-time="2019-07-05 02:25:21Z" duration="32.888662" asserts="13">
                  <properties>
                    <property name="Category" value="Regression tests" />
                    <property name="Category" value="System tests" />
                  </properties>
                </test-case>
                <test-case id="1-1298" name="Deselecting_mobile_insurance_with_modal_button_removes_mobile_insurance_from_cart" fullname="TNSE.WebTests.SystemTests.MobileWebOpenPagesTests.ProductDetailPageFunctionality.AddonFunctionalityTests.Deselecting_mobile_insurance_with_modal_button_removes_mobile_insurance_from_cart" methodname="Deselecting_mobile_insurance_with_modal_button_removes_mobile_insurance_from_cart" classname="TNSE.WebTests.SystemTests.MobileWebOpenPagesTests.ProductDetailPageFunctionality.AddonFunctionalityTests" runstate="Runnable" seed="227614538" result="Passed" start-time="2019-07-05 02:25:21Z" end-time="2019-07-05 02:25:49Z" duration="28.069524" asserts="13">
                  <properties>
                    <property name="Category" value="Regression tests" />
                    <property name="Category" value="System tests" />
                  </properties>
                </test-case>
                <test-case id="1-1295" name="Selecting_mobile_insurance_with_button_adds_mobile_insurance_to_cart" fullname="TNSE.WebTests.SystemTests.MobileWebOpenPagesTests.ProductDetailPageFunctionality.AddonFunctionalityTests.Selecting_mobile_insurance_with_button_adds_mobile_insurance_to_cart" methodname="Selecting_mobile_insurance_with_button_adds_mobile_insurance_to_cart" classname="TNSE.WebTests.SystemTests.MobileWebOpenPagesTests.ProductDetailPageFunctionality.AddonFunctionalityTests" runstate="Runnable" seed="1178552558" result="Passed" start-time="2019-07-05 02:25:49Z" end-time="2019-07-05 02:26:18Z" duration="28.420761" asserts="13">
                  <properties>
                    <property name="Category" value="Regression tests" />
                    <property name="Category" value="System tests" />
                  </properties>
                </test-case>
                <test-case id="1-1297" name="Selecting_mobile_insurance_with_modal_button_adds_mobile_insurance_to_cart" fullname="TNSE.WebTests.SystemTests.MobileWebOpenPagesTests.ProductDetailPageFunctionality.AddonFunctionalityTests.Selecting_mobile_insurance_with_modal_button_adds_mobile_insurance_to_cart" methodname="Selecting_mobile_insurance_with_modal_button_adds_mobile_insurance_to_cart" classname="TNSE.WebTests.SystemTests.MobileWebOpenPagesTests.ProductDetailPageFunctionality.AddonFunctionalityTests" runstate="Runnable" seed="835072068" result="Passed" start-time="2019-07-05 02:26:18Z" end-time="2019-07-05 02:26:43Z" duration="24.835623" asserts="10">
                  <properties>
                    <property name="Category" value="Regression tests" />
                    <property name="Category" value="System tests" />
                  </properties>
                </test-case>
              </test-suite>
              <test-suite type="TestFixture" id="1-1303" name="PurchaseTypeSelectionFunctionalityTests" fullname="TNSE.WebTests.SystemTests.MobileWebOpenPagesTests.ProductDetailPageFunctionality.PurchaseTypeSelectionFunctionalityTests" classname="TNSE.WebTests.SystemTests.MobileWebOpenPagesTests.ProductDetailPageFunctionality.PurchaseTypeSelectionFunctionalityTests" runstate="Runnable" testcasecount="2" result="Passed" start-time="2019-07-05 02:25:41Z" end-time="2019-07-05 02:26:47Z" duration="66.398438" total="2" passed="2" failed="0" warnings="0" inconclusive="0" skipped="0" asserts="38">
                <properties>
                  <property name="ParallelScope" value="Self" />
                </properties>
                <test-case id="1-1305" name="All_purchase_flows_as_existing_customer_is_selectable" fullname="TNSE.WebTests.SystemTests.MobileWebOpenPagesTests.ProductDetailPageFunctionality.PurchaseTypeSelectionFunctionalityTests.All_purchase_flows_as_existing_customer_is_selectable" methodname="All_purchase_flows_as_existing_customer_is_selectable" classname="TNSE.WebTests.SystemTests.MobileWebOpenPagesTests.ProductDetailPageFunctionality.PurchaseTypeSelectionFunctionalityTests" runstate="Runnable" seed="1959831279" result="Passed" start-time="2019-07-05 02:25:44Z" end-time="2019-07-05 02:26:20Z" duration="35.548698" asserts="21">
                  <properties>
                    <property name="Category" value="Regression tests" />
                    <property name="Category" value="System tests" />
                  </properties>
                </test-case>
                <test-case id="1-1304" name="All_purchase_flows_as_new_customer_is_selectable" fullname="TNSE.WebTests.SystemTests.MobileWebOpenPagesTests.ProductDetailPageFunctionality.PurchaseTypeSelectionFunctionalityTests.All_purchase_flows_as_new_customer_is_selectable" methodname="All_purchase_flows_as_new_customer_is_selectable" classname="TNSE.WebTests.SystemTests.MobileWebOpenPagesTests.ProductDetailPageFunctionality.PurchaseTypeSelectionFunctionalityTests" runstate="Runnable" seed="1715149192" result="Passed" start-time="2019-07-05 02:26:20Z" end-time="2019-07-05 02:26:47Z" duration="27.317415" asserts="17">
                  <properties>
                    <property name="Category" value="Regression tests" />
                    <property name="Category" value="System tests" />
                  </properties>
                </test-case>
              </test-suite>
              <test-suite type="TestFixture" id="1-1306" name="SubscriptionSliderFunctionalityTests" fullname="TNSE.WebTests.SystemTests.MobileWebOpenPagesTests.ProductDetailPageFunctionality.SubscriptionSliderFunctionalityTests" classname="TNSE.WebTests.SystemTests.MobileWebOpenPagesTests.ProductDetailPageFunctionality.SubscriptionSliderFunctionalityTests" runstate="Runnable" testcasecount="3" result="Failed" site="Child" start-time="2019-07-05 02:26:25Z" end-time="2019-07-05 02:32:34Z" duration="368.707943" total="3" passed="2" failed="1" warnings="0" inconclusive="0" skipped="0" asserts="194">
                <properties>
                  <property name="ParallelScope" value="Self" />
                </properties>
                <failure>
                  <message><![CDATA[One or more child tests had errors]]></message>
                </failure>
                <test-case id="1-1307" name="Clicking_subscription_sets_subscription_as_selected" fullname="TNSE.WebTests.SystemTests.MobileWebOpenPagesTests.ProductDetailPageFunctionality.SubscriptionSliderFunctionalityTests.Clicking_subscription_sets_subscription_as_selected" methodname="Clicking_subscription_sets_subscription_as_selected" classname="TNSE.WebTests.SystemTests.MobileWebOpenPagesTests.ProductDetailPageFunctionality.SubscriptionSliderFunctionalityTests" runstate="Runnable" seed="439017823" result="Failed" start-time="2019-07-05 02:26:29Z" end-time="2019-07-05 02:31:29Z" duration="300.671607" asserts="164">
                  <properties>
                    <property name="Category" value="Regression tests" />
                    <property name="Category" value="System tests" />
                  </properties>
                  <failure>
                    <message><![CDATA[Test exceeded Timeout value of 300000ms]]></message>
                  </failure>
                  <output><![CDATA[Test failed on current URL: https://integration.telenor.se/handla/mobiler/apple/iphone-xs-max/#clr%3D%23f7e8dd%26cty%3D512%26c%3Dn%26p%3Dts%26s%3D60%26qty%3D1
*** Selected Terminal product ***
Brand: Apple.
Model: iPhone Xs Max.
Color: Guld.
Capacity: 512 GB.

*** Selected Subscription ***
Subscription name: 3 GB.

*** Selected binding time ***
Binding time: .

*** Steps to reproduce ***
1. Navigate to https://integration.telenor.se/handla/mobiler/.
2. Click on iPhone Xs Max
3. Select subscription 30 GB.
4. Select subscription 8 GB.
5. Select subscription 3 GB.
6. Select subscription 15 GB.
7. Select subscription 8 GB.
8. Select subscription 15 GB.
9. Select subscription 30 GB.
10. Select subscription 70 GB.
11. Select subscription 15 GB.
12. Select subscription 3 GB.
13. Select subscription 3 GB.
14. Select subscription 3 GB.
15. Select subscription 3 GB.
16. Select subscription 3 GB.
17. Select subscription 3 GB.
18. Select subscription 3 GB.
19. Select subscription 3 GB.
20. Select subscription 3 GB.
21. Select subscription 3 GB.
22. Select subscription 3 GB.
23. Select subscription 3 GB.
24. Select subscription 3 GB.
25. Select subscription 3 GB.
26. Select subscription 3 GB.
27. Select subscription 3 GB.
28. Select subscription 3 GB.
29. Select subscription 3 GB.
30. Select subscription 3 GB.
31. Select subscription 3 GB.
32. Select subscription 3 GB.
33. Select subscription 3 GB.
34. Select subscription 3 GB.
35. Select subscription 3 GB.
36. Select subscription 3 GB.
37. Select subscription 3 GB.
38. Select subscription 3 GB.
39. Select subscription 3 GB.
40. Select subscription 3 GB.
41. Select subscription 3 GB.
42. Select subscription 3 GB.
43. Select subscription 3 GB.
44. Select subscription 3 GB.
45. Select subscription 3 GB.
46. Select subscription 3 GB.
47. Select subscription 3 GB.
48. Select subscription 3 GB.
49. Select subscription 3 GB.
50. Select subscription 3 GB.
51. Select subscription 3 GB.
52. Select subscription 3 GB.
53. Select subscription 3 GB.
54. Select subscription 3 GB.
55. Select subscription 3 GB.
56. Select subscription 3 GB.
57. Select subscription 3 GB.
58. Select subscription 3 GB.
59. Select subscription 3 GB.
60. Select subscription 3 GB.
61. Select subscription 3 GB.
62. Select subscription 3 GB.
63. Select subscription 3 GB.
64. Select subscription 3 GB.
65. Select subscription 3 GB.
66. Select subscription 3 GB.
67. Select subscription 3 GB.
68. Select subscription 3 GB.
69. Select subscription 3 GB.
70. Select subscription 3 GB.
71. Select subscription 3 GB.
72. Select subscription 3 GB.
]]></output>
                </test-case>
                <test-case id="1-1309" name="Selecting_three_users_increase_price_by_two_extra_sim" fullname="TNSE.WebTests.SystemTests.MobileWebOpenPagesTests.ProductDetailPageFunctionality.SubscriptionSliderFunctionalityTests.Selecting_three_users_increase_price_by_two_extra_sim" methodname="Selecting_three_users_increase_price_by_two_extra_sim" classname="TNSE.WebTests.SystemTests.MobileWebOpenPagesTests.ProductDetailPageFunctionality.SubscriptionSliderFunctionalityTests" runstate="Runnable" seed="238957595" result="Passed" start-time="2019-07-05 02:31:29Z" end-time="2019-07-05 02:32:03Z" duration="33.734380" asserts="15">
                  <properties>
                    <property name="Category" value="Regression tests" />
                    <property name="Category" value="System tests" />
                    <property name="Category" value="New modular purchase flow tests" />
                  </properties>
                </test-case>
                <test-case id="1-1308" name="Selecting_two_users_increase_price_by_one_extra_sim" fullname="TNSE.WebTests.SystemTests.MobileWebOpenPagesTests.ProductDetailPageFunctionality.SubscriptionSliderFunctionalityTests.Selecting_two_users_increase_price_by_one_extra_sim" methodname="Selecting_two_users_increase_price_by_one_extra_sim" classname="TNSE.WebTests.SystemTests.MobileWebOpenPagesTests.ProductDetailPageFunctionality.SubscriptionSliderFunctionalityTests" runstate="Runnable" seed="8150814" result="Passed" start-time="2019-07-05 02:32:03Z" end-time="2019-07-05 02:32:33Z" duration="30.387329" asserts="15">
                  <properties>
                    <property name="Category" value="Regression tests" />
                    <property name="Category" value="System tests" />
                    <property name="Category" value="New modular purchase flow tests" />
                  </properties>
                </test-case>
              </test-suite>
            </test-suite>
            <test-suite type="TestSuite" id="1-1785" name="PurchaseFlow" fullname="TNSE.WebTests.SystemTests.MobileWebOpenPagesTests.PurchaseFlow" runstate="Runnable" testcasecount="70" result="Failed" site="Child" start-time="2019-07-05 02:19:41Z" end-time="2019-07-05 02:35:32Z" duration="951.703086" total="35" passed="0" failed="33" warnings="0" inconclusive="0" skipped="2" asserts="748">
              <properties />
              <failure>
                <message><![CDATA[One or more child tests had errors]]></message>
              </failure>
              <test-suite type="TestSuite" id="1-1805" name="ExtraSimDataStandAlone" fullname="TNSE.WebTests.SystemTests.MobileWebOpenPagesTests.PurchaseFlow.ExtraSimDataStandAlone" runstate="Runnable" testcasecount="1" result="Failed" site="Child" start-time="2019-07-05 02:19:41Z" end-time="2019-07-05 02:27:55Z" duration="494.439895" total="1" passed="0" failed="1" warnings="0" inconclusive="0" skipped="0" asserts="6">
                <properties />
                <failure>
                  <message><![CDATA[One or more child tests had errors]]></message>
                </failure>
                <test-suite type="TestFixture" id="1-1456" name="BuyExtraSimDataStandAloneAsConsumerTests" fullname="TNSE.WebTests.SystemTests.MobileWebOpenPagesTests.PurchaseFlow.ExtraSimDataStandAlone.BuyExtraSimDataStandAloneAsConsumerTests" classname="TNSE.WebTests.SystemTests.MobileWebOpenPagesTests.PurchaseFlow.ExtraSimDataStandAlone.BuyExtraSimDataStandAloneAsConsumerTests" runstate="Runnable" testcasecount="1" result="Failed" site="Child" start-time="2019-07-05 02:26:52Z" end-time="2019-07-05 02:27:55Z" duration="63.408534" total="1" passed="0" failed="1" warnings="0" inconclusive="0" skipped="0" asserts="6">
                  <properties>
                    <property name="ParallelScope" value="Self" />
                  </properties>
                  <failure>
                    <message><![CDATA[One or more child tests had errors]]></message>
                  </failure>
                  <test-suite type="ParameterizedMethod" id="1-1458" name="Customer_shall_be_able_to_add_extra_sim_data_to_existing_subscription" fullname="TNSE.WebTests.SystemTests.MobileWebOpenPagesTests.PurchaseFlow.ExtraSimDataStandAlone.BuyExtraSimDataStandAloneAsConsumerTests.Customer_shall_be_able_to_add_extra_sim_data_to_existing_subscription" classname="TNSE.WebTests.SystemTests.MobileWebOpenPagesTests.PurchaseFlow.ExtraSimDataStandAlone.BuyExtraSimDataStandAloneAsConsumerTests" runstate="Runnable" testcasecount="1" result="Failed" site="Child" start-time="2019-07-05 02:26:55Z" end-time="2019-07-05 02:27:55Z" duration="59.868977" total="1" passed="0" failed="1" warnings="0" inconclusive="0" skipped="0" asserts="6">
                    <properties>
                      <property name="Category" value="Existing customer tests" />
                      <property name="Category" value="Extra sim tests" />
                      <property name="Category" value="Regression tests" />
                      <property name="Category" value="System tests" />
                    </properties>
                    <failure>
                      <message><![CDATA[One or more child tests had errors]]></message>
                    </failure>
                    <test-case id="1-1457" name="Customer_shall_be_able_to_add_extra_sim_data_to_existing_subscription(&quot;Consumer extra sim data&quot;)" fullname="TNSE.WebTests.SystemTests.MobileWebOpenPagesTests.PurchaseFlow.ExtraSimDataStandAlone.BuyExtraSimDataStandAloneAsConsumerTests.Customer_shall_be_able_to_add_extra_sim_data_to_existing_subscription(&quot;Consumer extra sim data&quot;)" methodname="Customer_shall_be_able_to_add_extra_sim_data_to_existing_subscription" classname="TNSE.WebTests.SystemTests.MobileWebOpenPagesTests.PurchaseFlow.ExtraSimDataStandAlone.BuyExtraSimDataStandAloneAsConsumerTests" runstate="Runnable" seed="949914202" result="Failed" start-time="2019-07-05 02:26:55Z" end-time="2019-07-05 02:27:55Z" duration="59.868191" asserts="6">
                      <properties />
                      <failure>
                        <message><![CDATA[  No TestData was found
  Expected: not null
  But was:  null
]]></message>
                        <stack-trace><![CDATA[   at TNSE.WebTests.SystemTests.Framework.TestData.MobileWebOpenPages.TnseApiTestDataHelper.GetCustomerThatCanBuyExtraSim() in D:\TeamCity\buildAgent2\work\e0b5caa43d666528\TNSE.WebTests\SystemTests\Framework\TestData\MobileWebOpenPages\TnseApiTestDataHelper.cs:line 277
   at TNSE.WebTests.SystemTests.MobileWebOpenPagesTests.PurchaseFlow.ExtraSimDataStandAlone.BuyExtraSimDataStandAloneAsConsumerTests.Customer_shall_be_able_to_add_extra_sim_data_to_existing_subscription(String purchaseFlow) in D:\TeamCity\buildAgent2\work\e0b5caa43d666528\TNSE.WebTests\SystemTests\MobileWebOpenPagesTests\PurchaseFlow\ExtraSimDataStandAlone\BuyExtraSimDataStandAloneAsConsumerTests.cs:line 24
]]></stack-trace>
                      </failure>
                      <output><![CDATA[Test failed on current URL: data:,
]]></output>
                      <assertions>
                        <assertion result="Failed">
                          <message><![CDATA[  No TestData was found
  Expected: not null
  But was:  null
]]></message>
                          <stack-trace><![CDATA[   at TNSE.WebTests.SystemTests.Framework.TestData.MobileWebOpenPages.TnseApiTestDataHelper.GetCustomerThatCanBuyExtraSim() in D:\TeamCity\buildAgent2\work\e0b5caa43d666528\TNSE.WebTests\SystemTests\Framework\TestData\MobileWebOpenPages\TnseApiTestDataHelper.cs:line 277
   at TNSE.WebTests.SystemTests.MobileWebOpenPagesTests.PurchaseFlow.ExtraSimDataStandAlone.BuyExtraSimDataStandAloneAsConsumerTests.Customer_shall_be_able_to_add_extra_sim_data_to_existing_subscription(String purchaseFlow) in D:\TeamCity\buildAgent2\work\e0b5caa43d666528\TNSE.WebTests\SystemTests\MobileWebOpenPagesTests\PurchaseFlow\ExtraSimDataStandAlone\BuyExtraSimDataStandAloneAsConsumerTests.cs:line 24
]]></stack-trace>
                        </assertion>
                      </assertions>
                    </test-case>
                  </test-suite>
                </test-suite>
              </test-suite>
              <test-suite type="TestSuite" id="1-1804" name="ExtraSimStandAlone" fullname="TNSE.WebTests.SystemTests.MobileWebOpenPagesTests.PurchaseFlow.ExtraSimStandAlone" runstate="Runnable" testcasecount="5" result="Failed" site="Child" start-time="2019-07-05 02:19:41Z" end-time="2019-07-05 02:29:16Z" duration="575.603658" total="5" passed="0" failed="4" warnings="0" inconclusive="0" skipped="1" asserts="24">
                <properties />
                <failure>
                  <message><![CDATA[One or more child tests had errors]]></message>
                </failure>
                <test-suite type="TestFixture" id="1-1451" name="NegativeBuyExtraSimStandAloneAsConsumerTests" fullname="TNSE.WebTests.SystemTests.MobileWebOpenPagesTests.PurchaseFlow.ExtraSimStandAlone.NegativeBuyExtraSimStandAloneAsConsumerTests" classname="TNSE.WebTests.SystemTests.MobileWebOpenPagesTests.PurchaseFlow.ExtraSimStandAlone.NegativeBuyExtraSimStandAloneAsConsumerTests" runstate="Runnable" testcasecount="2" result="Failed" site="Child" start-time="2019-07-05 02:27:37Z" end-time="2019-07-05 02:28:18Z" duration="40.322489" total="2" passed="0" failed="1" warnings="0" inconclusive="0" skipped="1" asserts="6">
                  <properties>
                    <property name="ParallelScope" value="Self" />
                  </properties>
                  <failure>
                    <message><![CDATA[One or more child tests had errors]]></message>
                  </failure>
                  <test-suite type="ParameterizedMethod" id="1-1455" name="Customer_shall_only_be_able_to_add_one_extra_sim_when_subscription_already_have_six_extra_sims" fullname="TNSE.WebTests.SystemTests.MobileWebOpenPagesTests.PurchaseFlow.ExtraSimStandAlone.NegativeBuyExtraSimStandAloneAsConsumerTests.Customer_shall_only_be_able_to_add_one_extra_sim_when_subscription_already_have_six_extra_sims" classname="TNSE.WebTests.SystemTests.MobileWebOpenPagesTests.PurchaseFlow.ExtraSimStandAlone.NegativeBuyExtraSimStandAloneAsConsumerTests" runstate="Ignored" testcasecount="1" result="Skipped" label="Ignored" site="SetUp" start-time="2019-07-05 02:27:41Z" end-time="2019-07-05 02:27:41Z" duration="0.003851" total="1" passed="0" failed="0" warnings="0" inconclusive="0" skipped="1" asserts="0">
                    <properties>
                      <property name="Category" value="Existing customer tests" />
                      <property name="Category" value="Extra sim tests" />
                      <property name="Category" value="Regression tests" />
                      <property name="Category" value="System tests" />
                      <property name="_SKIPREASON" value="Test isn't finished." />
                    </properties>
                    <reason>
                      <message><![CDATA[Test isn't finished.]]></message>
                    </reason>
                    <test-case id="1-1454" name="Customer_shall_only_be_able_to_add_one_extra_sim_when_subscription_already_have_six_extra_sims(&quot;Consumer extra sim&quot;)" fullname="TNSE.WebTests.SystemTests.MobileWebOpenPagesTests.PurchaseFlow.ExtraSimStandAlone.NegativeBuyExtraSimStandAloneAsConsumerTests.Customer_shall_only_be_able_to_add_one_extra_sim_when_subscription_already_have_six_extra_sims(&quot;Consumer extra sim&quot;)" methodname="Customer_shall_only_be_able_to_add_one_extra_sim_when_subscription_already_have_six_extra_sims" classname="TNSE.WebTests.SystemTests.MobileWebOpenPagesTests.PurchaseFlow.ExtraSimStandAlone.NegativeBuyExtraSimStandAloneAsConsumerTests" runstate="Runnable" seed="1903419775" result="Skipped" label="Ignored" site="Parent" start-time="0001-01-01 00:00:00Z" end-time="0001-01-01 00:00:00Z" duration="0.000000" asserts="0">
                      <properties />
                      <reason>
                        <message><![CDATA[OneTimeSetUp: Test isn't finished.]]></message>
                      </reason>
                    </test-case>
                  </test-suite>
                  <test-suite type="ParameterizedMethod" id="1-1453" name="Customer_with_seven_extra_sims_on_one_subscription_shall_not_be_able_to_add_more_extra_sims" fullname="TNSE.WebTests.SystemTests.MobileWebOpenPagesTests.PurchaseFlow.ExtraSimStandAlone.NegativeBuyExtraSimStandAloneAsConsumerTests.Customer_with_seven_extra_sims_on_one_subscription_shall_not_be_able_to_add_more_extra_sims" classname="TNSE.WebTests.SystemTests.MobileWebOpenPagesTests.PurchaseFlow.ExtraSimStandAlone.NegativeBuyExtraSimStandAloneAsConsumerTests" runstate="Runnable" testcasecount="1" result="Failed" site="Child" start-time="2019-07-05 02:27:41Z" end-time="2019-07-05 02:28:18Z" duration="36.674714" total="1" passed="0" failed="1" warnings="0" inconclusive="0" skipped="0" asserts="6">
                    <properties>
                      <property name="Category" value="Existing customer tests" />
                      <property name="Category" value="Extra sim tests" />
                      <property name="Category" value="Regression tests" />
                      <property name="Category" value="System tests" />
                    </properties>
                    <failure>
                      <message><![CDATA[One or more child tests had errors]]></message>
                    </failure>
                    <test-case id="1-1452" name="Customer_with_seven_extra_sims_on_one_subscription_shall_not_be_able_to_add_more_extra_sims(&quot;Consumer extra sim&quot;)" fullname="TNSE.WebTests.SystemTests.MobileWebOpenPagesTests.PurchaseFlow.ExtraSimStandAlone.NegativeBuyExtraSimStandAloneAsConsumerTests.Customer_with_seven_extra_sims_on_one_subscription_shall_not_be_able_to_add_more_extra_sims(&quot;Consumer extra sim&quot;)" methodname="Customer_with_seven_extra_sims_on_one_subscription_shall_not_be_able_to_add_more_extra_sims" classname="TNSE.WebTests.SystemTests.MobileWebOpenPagesTests.PurchaseFlow.ExtraSimStandAlone.NegativeBuyExtraSimStandAloneAsConsumerTests" runstate="Runnable" seed="1911572231" result="Failed" start-time="2019-07-05 02:27:41Z" end-time="2019-07-05 02:28:18Z" duration="36.673569" asserts="6">
                      <properties />
                      <failure>
                        <message><![CDATA[  No TestData was found
  Expected: not null
  But was:  null
]]></message>
                        <stack-trace><![CDATA[   at TNSE.WebTests.SystemTests.Framework.TestData.MobileWebOpenPages.TnseApiTestDataHelper.GetCustomerWithMainSimWithMaxAmountOfExtraSims() in D:\TeamCity\buildAgent2\work\e0b5caa43d666528\TNSE.WebTests\SystemTests\Framework\TestData\MobileWebOpenPages\TnseApiTestDataHelper.cs:line 314
   at TNSE.WebTests.SystemTests.MobileWebOpenPagesTests.PurchaseFlow.ExtraSimStandAlone.NegativeBuyExtraSimStandAloneAsConsumerTests.Customer_with_seven_extra_sims_on_one_subscription_shall_not_be_able_to_add_more_extra_sims(String purchaseFlow) in D:\TeamCity\buildAgent2\work\e0b5caa43d666528\TNSE.WebTests\SystemTests\MobileWebOpenPagesTests\PurchaseFlow\ExtraSimStandAlone\NegativeBuyExtraSimStandAloneAsConsumerTests.cs:line 24
]]></stack-trace>
                      </failure>
                      <output><![CDATA[Test failed on current URL: data:,
]]></output>
                      <assertions>
                        <assertion result="Failed">
                          <message><![CDATA[  No TestData was found
  Expected: not null
  But was:  null
]]></message>
                          <stack-trace><![CDATA[   at TNSE.WebTests.SystemTests.Framework.TestData.MobileWebOpenPages.TnseApiTestDataHelper.GetCustomerWithMainSimWithMaxAmountOfExtraSims() in D:\TeamCity\buildAgent2\work\e0b5caa43d666528\TNSE.WebTests\SystemTests\Framework\TestData\MobileWebOpenPages\TnseApiTestDataHelper.cs:line 314
   at TNSE.WebTests.SystemTests.MobileWebOpenPagesTests.PurchaseFlow.ExtraSimStandAlone.NegativeBuyExtraSimStandAloneAsConsumerTests.Customer_with_seven_extra_sims_on_one_subscription_shall_not_be_able_to_add_more_extra_sims(String purchaseFlow) in D:\TeamCity\buildAgent2\work\e0b5caa43d666528\TNSE.WebTests\SystemTests\MobileWebOpenPagesTests\PurchaseFlow\ExtraSimStandAlone\NegativeBuyExtraSimStandAloneAsConsumerTests.cs:line 24
]]></stack-trace>
                        </assertion>
                      </assertions>
                    </test-case>
                  </test-suite>
                </test-suite>
                <test-suite type="TestFixture" id="1-1444" name="BuyExtraSimStandAloneAsConsumerTests" fullname="TNSE.WebTests.SystemTests.MobileWebOpenPagesTests.PurchaseFlow.ExtraSimStandAlone.BuyExtraSimStandAloneAsConsumerTests" classname="TNSE.WebTests.SystemTests.MobileWebOpenPagesTests.PurchaseFlow.ExtraSimStandAlone.BuyExtraSimStandAloneAsConsumerTests" runstate="Runnable" testcasecount="3" result="Failed" site="Child" start-time="2019-07-05 02:27:04Z" end-time="2019-07-05 02:29:16Z" duration="132.508291" total="3" passed="0" failed="3" warnings="0" inconclusive="0" skipped="0" asserts="18">
                  <properties>
                    <property name="ParallelScope" value="Self" />
                  </properties>
                  <failure>
                    <message><![CDATA[One or more child tests had errors]]></message>
                  </failure>
                  <test-suite type="ParameterizedMethod" id="1-1446" name="Customer_shall_be_able_to_add_extra_sim_to_existing_subscription_and_get_new_number" fullname="TNSE.WebTests.SystemTests.MobileWebOpenPagesTests.PurchaseFlow.ExtraSimStandAlone.BuyExtraSimStandAloneAsConsumerTests.Customer_shall_be_able_to_add_extra_sim_to_existing_subscription_and_get_new_number" classname="TNSE.WebTests.SystemTests.MobileWebOpenPagesTests.PurchaseFlow.ExtraSimStandAlone.BuyExtraSimStandAloneAsConsumerTests" runstate="Runnable" testcasecount="1" result="Failed" site="Child" start-time="2019-07-05 02:27:07Z" end-time="2019-07-05 02:28:03Z" duration="55.670120" total="1" passed="0" failed="1" warnings="0" inconclusive="0" skipped="0" asserts="6">
                    <properties>
                      <property name="Category" value="Existing customer tests" />
                      <property name="Category" value="Extra sim tests" />
                      <property name="Category" value="Regression tests" />
                      <property name="Category" value="System tests" />
                    </properties>
                    <failure>
                      <message><![CDATA[One or more child tests had errors]]></message>
                    </failure>
                    <test-case id="1-1445" name="Customer_shall_be_able_to_add_extra_sim_to_existing_subscription_and_get_new_number(&quot;Consumer extra sim&quot;)" fullname="TNSE.WebTests.SystemTests.MobileWebOpenPagesTests.PurchaseFlow.ExtraSimStandAlone.BuyExtraSimStandAloneAsConsumerTests.Customer_shall_be_able_to_add_extra_sim_to_existing_subscription_and_get_new_number(&quot;Consumer extra sim&quot;)" methodname="Customer_shall_be_able_to_add_extra_sim_to_existing_subscription_and_get_new_number" classname="TNSE.WebTests.SystemTests.MobileWebOpenPagesTests.PurchaseFlow.ExtraSimStandAlone.BuyExtraSimStandAloneAsConsumerTests" runstate="Runnable" seed="803225889" result="Failed" start-time="2019-07-05 02:27:07Z" end-time="2019-07-05 02:28:03Z" duration="55.669722" asserts="6">
                      <properties />
                      <failure>
                        <message><![CDATA[  No TestData was found
  Expected: not null
  But was:  null
]]></message>
                        <stack-trace><![CDATA[   at TNSE.WebTests.SystemTests.Framework.TestData.MobileWebOpenPages.TnseApiTestDataHelper.GetCustomerThatCanBuyExtraSim() in D:\TeamCity\buildAgent2\work\e0b5caa43d666528\TNSE.WebTests\SystemTests\Framework\TestData\MobileWebOpenPages\TnseApiTestDataHelper.cs:line 277
   at TNSE.WebTests.SystemTests.MobileWebOpenPagesTests.PurchaseFlow.ExtraSimStandAlone.BuyExtraSimStandAloneAsConsumerTests.Customer_shall_be_able_to_add_extra_sim_to_existing_subscription_and_get_new_number(String purchaseFlow) in D:\TeamCity\buildAgent2\work\e0b5caa43d666528\TNSE.WebTests\SystemTests\MobileWebOpenPagesTests\PurchaseFlow\ExtraSimStandAlone\BuyExtraSimStandAloneAsConsumerTests.cs:line 24
]]></stack-trace>
                      </failure>
                      <output><![CDATA[Test failed on current URL: data:,
]]></output>
                      <assertions>
                        <assertion result="Failed">
                          <message><![CDATA[  No TestData was found
  Expected: not null
  But was:  null
]]></message>
                          <stack-trace><![CDATA[   at TNSE.WebTests.SystemTests.Framework.TestData.MobileWebOpenPages.TnseApiTestDataHelper.GetCustomerThatCanBuyExtraSim() in D:\TeamCity\buildAgent2\work\e0b5caa43d666528\TNSE.WebTests\SystemTests\Framework\TestData\MobileWebOpenPages\TnseApiTestDataHelper.cs:line 277
   at TNSE.WebTests.SystemTests.MobileWebOpenPagesTests.PurchaseFlow.ExtraSimStandAlone.BuyExtraSimStandAloneAsConsumerTests.Customer_shall_be_able_to_add_extra_sim_to_existing_subscription_and_get_new_number(String purchaseFlow) in D:\TeamCity\buildAgent2\work\e0b5caa43d666528\TNSE.WebTests\SystemTests\MobileWebOpenPagesTests\PurchaseFlow\ExtraSimStandAlone\BuyExtraSimStandAloneAsConsumerTests.cs:line 24
]]></stack-trace>
                        </assertion>
                      </assertions>
                    </test-case>
                  </test-suite>
                  <test-suite type="ParameterizedMethod" id="1-1448" name="Customer_shall_be_able_to_add_extra_sim_to_existing_subscription_and_transfer_number_to_telenor" fullname="TNSE.WebTests.SystemTests.MobileWebOpenPagesTests.PurchaseFlow.ExtraSimStandAlone.BuyExtraSimStandAloneAsConsumerTests.Customer_shall_be_able_to_add_extra_sim_to_existing_subscription_and_transfer_number_to_telenor" classname="TNSE.WebTests.SystemTests.MobileWebOpenPagesTests.PurchaseFlow.ExtraSimStandAlone.BuyExtraSimStandAloneAsConsumerTests" runstate="Runnable" testcasecount="1" result="Failed" site="Child" start-time="2019-07-05 02:28:03Z" end-time="2019-07-05 02:28:40Z" duration="36.820607" total="1" passed="0" failed="1" warnings="0" inconclusive="0" skipped="0" asserts="6">
                    <properties>
                      <property name="Category" value="Existing customer tests" />
                      <property name="Category" value="Extra sim tests" />
                      <property name="Category" value="System tests" />
                      <property name="Category" value="Regression tests" />
                    </properties>
                    <failure>
                      <message><![CDATA[One or more child tests had errors]]></message>
                    </failure>
                    <test-case id="1-1447" name="Customer_shall_be_able_to_add_extra_sim_to_existing_subscription_and_transfer_number_to_telenor(&quot;Consumer extra sim&quot;)" fullname="TNSE.WebTests.SystemTests.MobileWebOpenPagesTests.PurchaseFlow.ExtraSimStandAlone.BuyExtraSimStandAloneAsConsumerTests.Customer_shall_be_able_to_add_extra_sim_to_existing_subscription_and_transfer_number_to_telenor(&quot;Consumer extra sim&quot;)" methodname="Customer_shall_be_able_to_add_extra_sim_to_existing_subscription_and_transfer_number_to_telenor" classname="TNSE.WebTests.SystemTests.MobileWebOpenPagesTests.PurchaseFlow.ExtraSimStandAlone.BuyExtraSimStandAloneAsConsumerTests" runstate="Runnable" seed="1954861028" result="Failed" start-time="2019-07-05 02:28:03Z" end-time="2019-07-05 02:28:40Z" duration="36.820276" asserts="6">
                      <properties />
                      <failure>
                        <message><![CDATA[  No TestData was found
  Expected: not null
  But was:  null
]]></message>
                        <stack-trace><![CDATA[   at TNSE.WebTests.SystemTests.Framework.TestData.MobileWebOpenPages.TnseApiTestDataHelper.GetCustomerThatCanBuyExtraSim() in D:\TeamCity\buildAgent2\work\e0b5caa43d666528\TNSE.WebTests\SystemTests\Framework\TestData\MobileWebOpenPages\TnseApiTestDataHelper.cs:line 277
   at TNSE.WebTests.SystemTests.MobileWebOpenPagesTests.PurchaseFlow.ExtraSimStandAlone.BuyExtraSimStandAloneAsConsumerTests.Customer_shall_be_able_to_add_extra_sim_to_existing_subscription_and_transfer_number_to_telenor(String purchaseFlow) in D:\TeamCity\buildAgent2\work\e0b5caa43d666528\TNSE.WebTests\SystemTests\MobileWebOpenPagesTests\PurchaseFlow\ExtraSimStandAlone\BuyExtraSimStandAloneAsConsumerTests.cs:line 46
]]></stack-trace>
                      </failure>
                      <output><![CDATA[Test failed on current URL: data:,
]]></output>
                      <assertions>
                        <assertion result="Failed">
                          <message><![CDATA[  No TestData was found
  Expected: not null
  But was:  null
]]></message>
                          <stack-trace><![CDATA[   at TNSE.WebTests.SystemTests.Framework.TestData.MobileWebOpenPages.TnseApiTestDataHelper.GetCustomerThatCanBuyExtraSim() in D:\TeamCity\buildAgent2\work\e0b5caa43d666528\TNSE.WebTests\SystemTests\Framework\TestData\MobileWebOpenPages\TnseApiTestDataHelper.cs:line 277
   at TNSE.WebTests.SystemTests.MobileWebOpenPagesTests.PurchaseFlow.ExtraSimStandAlone.BuyExtraSimStandAloneAsConsumerTests.Customer_shall_be_able_to_add_extra_sim_to_existing_subscription_and_transfer_number_to_telenor(String purchaseFlow) in D:\TeamCity\buildAgent2\work\e0b5caa43d666528\TNSE.WebTests\SystemTests\MobileWebOpenPagesTests\PurchaseFlow\ExtraSimStandAlone\BuyExtraSimStandAloneAsConsumerTests.cs:line 46
]]></stack-trace>
                        </assertion>
                      </assertions>
                    </test-case>
                  </test-suite>
                  <test-suite type="ParameterizedMethod" id="1-1450" name="Customer_shall_be_able_to_add_multiple_extra_sims_to_existing_subscription_and_both_get_new_number_and_transfer_number_to_telenor" fullname="TNSE.WebTests.SystemTests.MobileWebOpenPagesTests.PurchaseFlow.ExtraSimStandAlone.BuyExtraSimStandAloneAsConsumerTests.Customer_shall_be_able_to_add_multiple_extra_sims_to_existing_subscription_and_both_get_new_number_and_transfer_number_to_telenor" classname="TNSE.WebTests.SystemTests.MobileWebOpenPagesTests.PurchaseFlow.ExtraSimStandAlone.BuyExtraSimStandAloneAsConsumerTests" runstate="Runnable" testcasecount="1" result="Failed" site="Child" start-time="2019-07-05 02:28:40Z" end-time="2019-07-05 02:29:16Z" duration="36.572985" total="1" passed="0" failed="1" warnings="0" inconclusive="0" skipped="0" asserts="6">
                    <properties>
                      <property name="Category" value="Existing customer tests" />
                      <property name="Category" value="Extra sim tests" />
                      <property name="Category" value="Regression tests" />
                      <property name="Category" value="System tests" />
                    </properties>
                    <failure>
                      <message><![CDATA[One or more child tests had errors]]></message>
                    </failure>
[...]
                </failure>
                <test-case id="1-1280" name="Consent_card_not_visible_to_customers_under_18" fullname="TNSE.WebTests.SystemTests.MyTelenorWebTests.MySettings.MittTelenorMySettingsTests.Consent_card_not_visible_to_customers_under_18" methodname="Consent_card_not_visible_to_customers_under_18" classname="TNSE.WebTests.SystemTests.MyTelenorWebTests.MySettings.MittTelenorMySettingsTests" runstate="Runnable" seed="412272979" result="Failed" label="Error" start-time="2019-07-05 02:34:58Z" end-time="2019-07-05 02:35:49Z" duration="51.061339" asserts="2">
                  <properties>
                    <property name="Category" value="Regression tests" />
                    <property name="Category" value="System tests" />
                    <property name="Category" value="Mitt Telenor my settings tests" />
                    <property name="Category" value="Mitt Telenor" />
                  </properties>
                  <failure>
                    <message><![CDATA[OpenQA.Selenium.NoSuchElementException : no such element: Unable to locate element: {"method":"id","selector":"enterPassword"}
  (Session info: headless chrome=75.0.3770.100)
  (Driver info: chromedriver=74.0.3729.6 (255758eccf3d244491b8a1317aa76e1ce10d57e9-refs/branch-heads/3729@{#29}),platform=Windows NT 6.3.9600 x86_64)]]></message>
                    <stack-trace><![CDATA[   at OpenQA.Selenium.Remote.RemoteWebDriver.UnpackAndThrowOnError(Response errorResponse)
   at OpenQA.Selenium.Remote.RemoteWebDriver.Execute(String driverCommandToExecute, Dictionary`2 parameters)
   at OpenQA.Selenium.Remote.RemoteWebDriver.FindElement(String mechanism, String value)
   at TNSE.WebTests.SystemTests.Framework.PageObjects.MyTelenorWeb.ConnectTelenorPage.EnterPassword(String password) in D:\TeamCity\buildAgent2\work\e0b5caa43d666528\TNSE.WebTests\SystemTests\Framework\PageObjects\MyTelenorWeb\ConnectTelenorPage.cs:line 63
   at TNSE.WebTests.SystemTests.Framework.PageObjects.MyTelenorWeb.ConnectTelenorPage.LoginByUsingExistingConnectId(String msisdn, String email) in D:\TeamCity\buildAgent2\work\e0b5caa43d666528\TNSE.WebTests\SystemTests\Framework\PageObjects\MyTelenorWeb\ConnectTelenorPage.cs:line 121
   at TNSE.WebTests.SystemTests.MyTelenorWebTests.MySettings.MittTelenorMySettingsTests.Consent_card_not_visible_to_customers_under_18() in D:\TeamCity\buildAgent2\work\e0b5caa43d666528\TNSE.WebTests\SystemTests\MyTelenorWebTests\MySettings\MittTelenorMySettingsTests.cs:line 42]]></stack-trace>
                  </failure>
                  <output><![CDATA[Test failed on current URL: https://connect.staging.telenordigital.com/id/signin-switchable

*** Steps to reproduce ***
1. Navigate to https://integration.telenor.se/mitt-telenor/.
2. Press Login Button
3. Sign in to connectID page
4. Enter the phone number: +46733071056
5. Press Next Button
6. Enter the password: Test1234
]]></output>
                </test-case>
                <test-case id="1-1279" name="Consent_card_visible_to_customers_over_18" fullname="TNSE.WebTests.SystemTests.MyTelenorWebTests.MySettings.MittTelenorMySettingsTests.Consent_card_visible_to_customers_over_18" methodname="Consent_card_visible_to_customers_over_18" classname="TNSE.WebTests.SystemTests.MyTelenorWebTests.MySettings.MittTelenorMySettingsTests" runstate="Runnable" seed="1006399071" result="Failed" label="Error" start-time="2019-07-05 02:35:49Z" end-time="2019-07-05 02:36:39Z" duration="49.991777" asserts="2">
                  <properties>
                    <property name="Category" value="Regression tests" />
                    <property name="Category" value="System tests" />
                    <property name="Category" value="Mitt Telenor my settings tests" />
                    <property name="Category" value="Mitt Telenor" />
                  </properties>
                  <failure>
                    <message><![CDATA[OpenQA.Selenium.NoSuchElementException : no such element: Unable to locate element: {"method":"id","selector":"enterPassword"}
  (Session info: headless chrome=75.0.3770.100)
  (Driver info: chromedriver=74.0.3729.6 (255758eccf3d244491b8a1317aa76e1ce10d57e9-refs/branch-heads/3729@{#29}),platform=Windows NT 6.3.9600 x86_64)]]></message>
                    <stack-trace><![CDATA[   at OpenQA.Selenium.Remote.RemoteWebDriver.UnpackAndThrowOnError(Response errorResponse)
   at OpenQA.Selenium.Remote.RemoteWebDriver.Execute(String driverCommandToExecute, Dictionary`2 parameters)
   at OpenQA.Selenium.Remote.RemoteWebDriver.FindElement(String mechanism, String value)
   at TNSE.WebTests.SystemTests.Framework.PageObjects.MyTelenorWeb.ConnectTelenorPage.EnterPassword(String password) in D:\TeamCity\buildAgent2\work\e0b5caa43d666528\TNSE.WebTests\SystemTests\Framework\PageObjects\MyTelenorWeb\ConnectTelenorPage.cs:line 63
   at TNSE.WebTests.SystemTests.Framework.PageObjects.MyTelenorWeb.ConnectTelenorPage.LoginByUsingExistingConnectId(String msisdn, String email) in D:\TeamCity\buildAgent2\work\e0b5caa43d666528\TNSE.WebTests\SystemTests\Framework\PageObjects\MyTelenorWeb\ConnectTelenorPage.cs:line 121
   at TNSE.WebTests.SystemTests.MyTelenorWebTests.MySettings.MittTelenorMySettingsTests.Consent_card_visible_to_customers_over_18() in D:\TeamCity\buildAgent2\work\e0b5caa43d666528\TNSE.WebTests\SystemTests\MyTelenorWebTests\MySettings\MittTelenorMySettingsTests.cs:line 19]]></stack-trace>
                  </failure>
                  <output><![CDATA[Test failed on current URL: https://connect.staging.telenordigital.com/id/signin-switchable

*** Steps to reproduce ***
1. Navigate to https://integration.telenor.se/mitt-telenor/.
2. Press Login Button
3. Sign in to connectID page
4. Enter the phone number: +46733071055
5. Press Next Button
6. Enter the password: Test1234
]]></output>
                </test-case>
                <test-case id="1-1281" name="Updated_personal_information_is_displayed_after_change" fullname="TNSE.WebTests.SystemTests.MyTelenorWebTests.MySettings.MittTelenorMySettingsTests.Updated_personal_information_is_displayed_after_change" methodname="Updated_personal_information_is_displayed_after_change" classname="TNSE.WebTests.SystemTests.MyTelenorWebTests.MySettings.MittTelenorMySettingsTests" runstate="Runnable" seed="1242496685" result="Failed" label="Error" start-time="2019-07-05 02:36:39Z" end-time="2019-07-05 02:37:29Z" duration="49.473365" asserts="2">
                  <properties>
                    <property name="Category" value="Regression tests" />
                    <property name="Category" value="System tests" />
                    <property name="Category" value="Mitt Telenor my settings tests" />
                    <property name="Category" value="Mitt Telenor" />
                  </properties>
                  <failure>
                    <message><![CDATA[OpenQA.Selenium.NoSuchElementException : no such element: Unable to locate element: {"method":"id","selector":"enterPassword"}
  (Session info: headless chrome=75.0.3770.100)
  (Driver info: chromedriver=74.0.3729.6 (255758eccf3d244491b8a1317aa76e1ce10d57e9-refs/branch-heads/3729@{#29}),platform=Windows NT 6.3.9600 x86_64)]]></message>
                    <stack-trace><![CDATA[   at OpenQA.Selenium.Remote.RemoteWebDriver.UnpackAndThrowOnError(Response errorResponse)
   at OpenQA.Selenium.Remote.RemoteWebDriver.Execute(String driverCommandToExecute, Dictionary`2 parameters)
   at OpenQA.Selenium.Remote.RemoteWebDriver.FindElement(String mechanism, String value)
   at TNSE.WebTests.SystemTests.Framework.PageObjects.MyTelenorWeb.ConnectTelenorPage.EnterPassword(String password) in D:\TeamCity\buildAgent2\work\e0b5caa43d666528\TNSE.WebTests\SystemTests\Framework\PageObjects\MyTelenorWeb\ConnectTelenorPage.cs:line 63
   at TNSE.WebTests.SystemTests.Framework.PageObjects.MyTelenorWeb.ConnectTelenorPage.LoginByUsingExistingConnectId(String msisdn, String email) in D:\TeamCity\buildAgent2\work\e0b5caa43d666528\TNSE.WebTests\SystemTests\Framework\PageObjects\MyTelenorWeb\ConnectTelenorPage.cs:line 121
   at TNSE.WebTests.SystemTests.MyTelenorWebTests.MySettings.MittTelenorMySettingsTests.Updated_personal_information_is_displayed_after_change() in D:\TeamCity\buildAgent2\work\e0b5caa43d666528\TNSE.WebTests\SystemTests\MyTelenorWebTests\MySettings\MittTelenorMySettingsTests.cs:line 65]]></stack-trace>
                  </failure>
                  <output><![CDATA[Test failed on current URL: https://connect.staging.telenordigital.com/id/signin-switchable

*** Steps to reproduce ***
1. Navigate to https://integration.telenor.se/mitt-telenor/.
2. Press Login Button
3. Sign in to connectID page
4. Enter the phone number: +46733071057
5. Press Next Button
6. Enter the password: Test1234
]]></output>
                </test-case>
              </test-suite>
            </test-suite>
            <test-suite type="TestSuite" id="1-1777" name="Ownerclaim" fullname="TNSE.WebTests.SystemTests.MyTelenorWebTests.Ownerclaim" runstate="Runnable" testcasecount="2" result="Failed" site="Child" start-time="2019-07-05 02:19:41Z" end-time="2019-07-05 02:40:27Z" duration="1246.114214" total="2" passed="1" failed="1" warnings="0" inconclusive="0" skipped="0" asserts="14">
              <properties />
              <failure>
                <message><![CDATA[One or more child tests had errors]]></message>
              </failure>
              <test-suite type="TestFixture" id="1-1273" name="MittTelenorOwnerClaimTests" fullname="TNSE.WebTests.SystemTests.MyTelenorWebTests.Ownerclaim.MittTelenorOwnerClaimTests" classname="TNSE.WebTests.SystemTests.MyTelenorWebTests.Ownerclaim.MittTelenorOwnerClaimTests" runstate="Runnable" testcasecount="2" result="Failed" site="Child" start-time="2019-07-05 02:37:29Z" end-time="2019-07-05 02:40:27Z" duration="178.132193" total="2" passed="1" failed="1" warnings="0" inconclusive="0" skipped="0" asserts="14">
                <properties />
                <failure>
                  <message><![CDATA[One or more child tests had errors]]></message>
                </failure>
                <test-case id="1-1275" name="Claim_owner_by_postal" fullname="TNSE.WebTests.SystemTests.MyTelenorWebTests.Ownerclaim.MittTelenorOwnerClaimTests.Claim_owner_by_postal" methodname="Claim_owner_by_postal" classname="TNSE.WebTests.SystemTests.MyTelenorWebTests.Ownerclaim.MittTelenorOwnerClaimTests" runstate="Runnable" seed="1025487627" result="Passed" start-time="2019-07-05 02:37:32Z" end-time="2019-07-05 02:39:27Z" duration="115.165860" asserts="10">
                  <properties>
                    <property name="Category" value="Regression tests" />
                    <property name="Category" value="System tests" />
                    <property name="Category" value="Mitt Telenor owner claim tests" />
                    <property name="Category" value="Mitt Telenor" />
                  </properties>
                </test-case>
                <test-case id="1-1274" name="Claim_owner_by_sms" fullname="TNSE.WebTests.SystemTests.MyTelenorWebTests.Ownerclaim.MittTelenorOwnerClaimTests.Claim_owner_by_sms" methodname="Claim_owner_by_sms" classname="TNSE.WebTests.SystemTests.MyTelenorWebTests.Ownerclaim.MittTelenorOwnerClaimTests" runstate="Runnable" seed="1158509735" result="Failed" start-time="2019-07-05 02:39:27Z" end-time="2019-07-05 02:40:27Z" duration="59.487996" asserts="4">
                  <properties>
                    <property name="Category" value="Regression tests" />
                    <property name="Category" value="System tests" />
                    <property name="Category" value="Mitt Telenor owner claim tests" />
                    <property name="Category" value="Mitt Telenor" />
                  </properties>
                  <failure>
                    <message><![CDATA[  Element with locator "By.Id: chooseEmail" is not displayed after 45 seconds wait
  Expected: False
  But was:  True
]]></message>
                    <stack-trace><![CDATA[   at TNSE.WebTests.SystemTests.Framework.PageObjects.Common.BasePage.WaitForWebObjectToBeDisplayed[T](T objectToBeDisplayed, Int32 waitTime) in D:\TeamCity\buildAgent2\work\e0b5caa43d666528\TNSE.WebTests\SystemTests\Framework\PageObjects\Common\BasePage.cs:line 705
   at TNSE.WebTests.SystemTests.Framework.PageObjects.MyTelenorWeb.ConnectTelenorPage.EnterEmail(String email) in D:\TeamCity\buildAgent2\work\e0b5caa43d666528\TNSE.WebTests\SystemTests\Framework\PageObjects\MyTelenorWeb\ConnectTelenorPage.cs:line 70
   at TNSE.WebTests.SystemTests.Framework.PageObjects.MyTelenorWeb.ConnectTelenorPage.LoginByCreatingNewConnectId(String msisdn) in D:\TeamCity\buildAgent2\work\e0b5caa43d666528\TNSE.WebTests\SystemTests\Framework\PageObjects\MyTelenorWeb\ConnectTelenorPage.cs:line 101
   at TNSE.WebTests.SystemTests.MyTelenorWebTests.Ownerclaim.MittTelenorOwnerClaimTests.Claim_owner_by_sms() in D:\TeamCity\buildAgent2\work\e0b5caa43d666528\TNSE.WebTests\SystemTests\MyTelenorWebTests\Ownerclaim\MittTelenorOwnerClaimTests.cs:line 19
]]></stack-trace>
                  </failure>
                  <output><![CDATA[Test failed on current URL: https://connect.staging.telenordigital.com/id/signin-switchable

*** Steps to reproduce ***
1. Navigate to https://integration.telenor.se/mitt-telenor/.
2. Press Login Button
3. Sign in to connectID page
4. Enter the phone number: +46733070751
5. Press Next Button
6. Enter the email: mitt-telenor-test70360463@telenor.se
]]></output>
                  <assertions>
                    <assertion result="Failed">
                      <message><![CDATA[  Element with locator "By.Id: chooseEmail" is not displayed after 45 seconds wait
  Expected: False
  But was:  True
]]></message>
                      <stack-trace><![CDATA[   at TNSE.WebTests.SystemTests.Framework.PageObjects.Common.BasePage.WaitForWebObjectToBeDisplayed[T](T objectToBeDisplayed, Int32 waitTime) in D:\TeamCity\buildAgent2\work\e0b5caa43d666528\TNSE.WebTests\SystemTests\Framework\PageObjects\Common\BasePage.cs:line 683
   at TNSE.WebTests.SystemTests.Framework.PageObjects.MyTelenorWeb.ConnectTelenorPage.EnterEmail(String email) in D:\TeamCity\buildAgent2\work\e0b5caa43d666528\TNSE.WebTests\SystemTests\Framework\PageObjects\MyTelenorWeb\ConnectTelenorPage.cs:line 70
   at TNSE.WebTests.SystemTests.Framework.PageObjects.MyTelenorWeb.ConnectTelenorPage.LoginByCreatingNewConnectId(String msisdn) in D:\TeamCity\buildAgent2\work\e0b5caa43d666528\TNSE.WebTests\SystemTests\Framework\PageObjects\MyTelenorWeb\ConnectTelenorPage.cs:line 101
   at TNSE.WebTests.SystemTests.MyTelenorWebTests.Ownerclaim.MittTelenorOwnerClaimTests.Claim_owner_by_sms() in D:\TeamCity\buildAgent2\work\e0b5caa43d666528\TNSE.WebTests\SystemTests\MyTelenorWebTests\Ownerclaim\MittTelenorOwnerClaimTests.cs:line 19
]]></stack-trace>
                    </assertion>
                  </assertions>
                </test-case>
              </test-suite>
            </test-suite>
            <test-suite type="TestSuite" id="1-1775" name="Userclaim" fullname="TNSE.WebTests.SystemTests.MyTelenorWebTests.Userclaim" runstate="Runnable" testcasecount="1" result="Failed" site="Child" start-time="2019-07-05 02:19:41Z" end-time="2019-07-05 02:42:12Z" duration="1351.120300" total="1" passed="0" failed="1" warnings="0" inconclusive="0" skipped="0" asserts="7">
              <properties />
              <failure>
                <message><![CDATA[One or more child tests had errors]]></message>
              </failure>
              <test-suite type="TestFixture" id="1-1269" name="MittTelenorUserClaimTests" fullname="TNSE.WebTests.SystemTests.MyTelenorWebTests.Userclaim.MittTelenorUserClaimTests" classname="TNSE.WebTests.SystemTests.MyTelenorWebTests.Userclaim.MittTelenorUserClaimTests" runstate="Runnable" testcasecount="1" result="Failed" site="Child" start-time="2019-07-05 02:40:27Z" end-time="2019-07-05 02:42:12Z" duration="105.005970" total="1" passed="0" failed="1" warnings="0" inconclusive="0" skipped="0" asserts="7">
                <properties />
                <failure>
                  <message><![CDATA[One or more child tests had errors]]></message>
                </failure>
                <test-case id="1-1270" name="Creating_account_and_performing_manual_user_claim_shall_show_engagements" fullname="TNSE.WebTests.SystemTests.MyTelenorWebTests.Userclaim.MittTelenorUserClaimTests.Creating_account_and_performing_manual_user_claim_shall_show_engagements" methodname="Creating_account_and_performing_manual_user_claim_shall_show_engagements" classname="TNSE.WebTests.SystemTests.MyTelenorWebTests.Userclaim.MittTelenorUserClaimTests" runstate="Runnable" seed="1802588626" result="Failed" start-time="2019-07-05 02:40:30Z" end-time="2019-07-05 02:42:12Z" duration="101.561051" asserts="7">
                  <properties>
                    <property name="Category" value="Regression tests" />
                    <property name="Category" value="System tests" />
                    <property name="Category" value="Mitt Telenor auto claim tests" />
                    <property name="Category" value="Mitt Telenor" />
                  </properties>
                  <failure>
                    <message><![CDATA[  Element with locator "Element (id = 0.11144194295393728-13)" is still visible after 45 seconds wait.
  Expected: False
  But was:  True
]]></message>
                    <stack-trace><![CDATA[   at TNSE.WebTests.SystemTests.Framework.PageObjects.Common.BasePage.WaitWhileWebObjectIsDisplayed[T](T displayedObject, Int32 waitTimeMillis) in D:\TeamCity\buildAgent2\work\e0b5caa43d666528\TNSE.WebTests\SystemTests\Framework\PageObjects\Common\BasePage.cs:line 766
   at TNSE.WebTests.SystemTests.MyTelenorWebTests.Userclaim.MittTelenorUserClaimTests.Creating_account_and_performing_manual_user_claim_shall_show_engagements() in D:\TeamCity\buildAgent2\work\e0b5caa43d666528\TNSE.WebTests\SystemTests\MyTelenorWebTests\Userclaim\MittTelenorUserClaimTests.cs:line 35
]]></stack-trace>
                  </failure>
                  <output><![CDATA[Test failed on current URL: https://integration.telenor.se/mitt-telenor/oversikt/

*** Steps to reproduce ***
1. Navigate to https://integration.telenor.se/mitt-telenor/.
2. Press Login Button
3. Sign in to connectID page
4. Enter the phone number: +46733071058
5. Press Next Button
6. Enter the email: mitt-telenor-test66958527@telenor.se
7. Press Next Button
8. Enter the otp: 1234
9. choose the password: Test1234
10. Repeat the password: Test1234
11. Press Next Button
12. Click Logout button from menu
13. Press Login Button
14. Sign in to connectID page
15. Press Next Button
16. Enter the password: Test1234
17. Press Next Button
18. Navigated to My Overview page
]]></output>
                  <assertions>
                    <assertion result="Failed">
                      <message><![CDATA[  Element with locator "Element (id = 0.11144194295393728-13)" is still visible after 45 seconds wait.
  Expected: False
  But was:  True
]]></message>
                      <stack-trace><![CDATA[   at TNSE.WebTests.SystemTests.Framework.PageObjects.Common.BasePage.WaitWhileWebObjectIsDisplayed[T](T displayedObject, Int32 waitTimeMillis) in D:\TeamCity\buildAgent2\work\e0b5caa43d666528\TNSE.WebTests\SystemTests\Framework\PageObjects\Common\BasePage.cs:line 761
   at TNSE.WebTests.SystemTests.MyTelenorWebTests.Userclaim.MittTelenorUserClaimTests.Creating_account_and_performing_manual_user_claim_shall_show_engagements() in D:\TeamCity\buildAgent2\work\e0b5caa43d666528\TNSE.WebTests\SystemTests\MyTelenorWebTests\Userclaim\MittTelenorUserClaimTests.cs:line 35
]]></stack-trace>
                    </assertion>
                  </assertions>
                </test-case>
              </test-suite>
            </test-suite>
          </test-suite>
        </test-suite>
      </test-suite>
    </test-suite>
  </test-suite>
</test-run>