<?xml version="1.0" encoding="utf-8" standalone="no"?>
<test-run id="2" testcasecount="539" result="Failed" total="74" passed="0" failed="71" inconclusive="0" skipped="3" asserts="63" engine-version="3.8.0.0" clr-version="4.0.30319.42000" start-time="2019-06-26 02:18:52Z" end-time="2019-06-26 02:43:25Z" duration="1472.255266">
  <command-line><![CDATA[D:\nunit\nunit3-console.exe  /work:D:\TeamCity\buildAgent3\work\362562ae9b31fb9a\TestResults /out:Output.txt D:\TeamCity\buildAgent3\work\362562ae9b31fb9a\TNSE.WebTests.csproj /where "cat == 'Regression tests'" /configfile:D:\TeamCity\buildAgent3\work\362562ae9b31fb9a\app.Integration.config /workers:5 /timeout=300000]]></command-line>
  <filter>
    <cat>Regression tests</cat>
  </filter>
  <test-suite type="Assembly" id="1-1762" name="TNSE.WebTests.dll" fullname="D:\TeamCity\buildAgent3\work\362562ae9b31fb9a\bin\TNSE.WebTests.dll" runstate="Runnable" testcasecount="539" result="Failed" site="Child" start-time="2019-06-26 02:18:54Z" end-time="2019-06-26 02:43:24Z" duration="1470.296084" total="74" passed="0" failed="71" warnings="0" inconclusive="0" skipped="3" asserts="63">
    <environment framework-version="3.10.1.0" clr-version="4.0.30319.42000" os-version="Microsoft Windows NT 6.3.9600" platform="Win32NT" cwd="D:\TeamCity\buildAgent3\work\362562ae9b31fb9a" machine-name="BUILD-NET" user="build-netsrv" user-domain="BREDBAND" culture="en-US" uiculture="en-US" os-architecture="x64" />
    <settings>
      <setting name="BasePath" value="D:\TeamCity\buildAgent3\work\362562ae9b31fb9a\bin\" />
      <setting name="DisposeRunners" value="True" />
      <setting name="DefaultTimeout" value="300000" />
      <setting name="WorkDirectory" value="D:\TeamCity\buildAgent3\work\362562ae9b31fb9a\TestResults" />
      <setting name="NumberOfTestWorkers" value="5" />
      <setting name="ConfigurationFile" value="D:\TeamCity\buildAgent3\work\362562ae9b31fb9a\app.Integration.config" />
      <setting name="ImageRuntimeVersion" value="4.0.30319" />
      <setting name="ImageTargetFrameworkName" value=".NETFramework,Version=v4.7.2" />
      <setting name="ImageRequiresX86" value="False" />
      <setting name="ImageRequiresDefaultAppDomainAssemblyResolver" value="False" />
    </settings>
    <properties>
      <property name="_PID" value="10304" />
      <property name="_APPDOMAIN" value="domain-46edfcc-TNSE.WebTests.csproj" />
    </properties>
    <failure>
      <message><![CDATA[One or more child tests had errors]]></message>
    </failure>
    <test-suite type="TestSuite" id="1-1763" name="TNSE" fullname="TNSE" runstate="Runnable" testcasecount="539" result="Failed" site="Child" start-time="2019-06-26 02:18:54Z" end-time="2019-06-26 02:43:24Z" duration="1470.243447" total="74" passed="0" failed="71" warnings="0" inconclusive="0" skipped="3" asserts="63">
      <properties />
      <failure>
        <message><![CDATA[One or more child tests had errors]]></message>
      </failure>
      <test-suite type="TestSuite" id="1-1764" name="WebTests" fullname="TNSE.WebTests" runstate="Runnable" testcasecount="539" result="Failed" site="Child" start-time="2019-06-26 02:18:54Z" end-time="2019-06-26 02:43:24Z" duration="1470.241825" total="74" passed="0" failed="71" warnings="0" inconclusive="0" skipped="3" asserts="63">
        <properties />
        <failure>
          <message><![CDATA[One or more child tests had errors]]></message>
        </failure>
        <test-suite type="TestSuite" id="1-1773" name="SystemTests" fullname="TNSE.WebTests.SystemTests" runstate="Runnable" testcasecount="131" result="Failed" site="Child" start-time="2019-06-26 02:18:54Z" end-time="2019-06-26 02:43:24Z" duration="1470.241782" total="74" passed="0" failed="71" warnings="0" inconclusive="0" skipped="3" asserts="63">
          <properties />
          <failure>
            <message><![CDATA[One or more child tests had errors]]></message>
          </failure>
          <test-suite type="TestSuite" id="1-1812" name="FixedOpenPages" fullname="TNSE.WebTests.SystemTests.FixedOpenPages" runstate="Runnable" testcasecount="5" result="Failed" site="Child" start-time="2019-06-26 02:18:54Z" end-time="2019-06-26 02:26:34Z" duration="459.811840" total="4" passed="0" failed="4" warnings="0" inconclusive="0" skipped="0" asserts="4">
            <properties />
            <failure>
              <message><![CDATA[One or more child tests had errors]]></message>
            </failure>
            <test-suite type="TestSuite" id="1-1816" name="AddressSearch" fullname="TNSE.WebTests.SystemTests.FixedOpenPages.AddressSearch" runstate="Runnable" testcasecount="2" result="Failed" site="Child" start-time="2019-06-26 02:18:54Z" end-time="2019-06-26 02:25:33Z" duration="398.937596" total="1" passed="0" failed="1" warnings="0" inconclusive="0" skipped="0" asserts="1">
              <properties />
              <failure>
                <message><![CDATA[One or more child tests had errors]]></message>
              </failure>
              <test-suite type="TestFixture" id="1-1491" name="AddressSearch" fullname="TNSE.WebTests.SystemTests.FixedOpenPages.AddressSearch.AddressSearch" classname="TNSE.WebTests.SystemTests.FixedOpenPages.AddressSearch.AddressSearch" runstate="Runnable" testcasecount="2" result="Failed" site="Child" start-time="2019-06-26 02:24:14Z" end-time="2019-06-26 02:25:33Z" duration="78.900136" total="1" passed="0" failed="1" warnings="0" inconclusive="0" skipped="0" asserts="1">
                <properties>
                  <property name="ParallelScope" value="Self" />
                </properties>
                <failure>
                  <message><![CDATA[One or more child tests had errors]]></message>
                </failure>
                <test-case id="1-1493" name="Search_Address_For_Tv" fullname="TNSE.WebTests.SystemTests.FixedOpenPages.AddressSearch.AddressSearch.Search_Address_For_Tv" methodname="Search_Address_For_Tv" classname="TNSE.WebTests.SystemTests.FixedOpenPages.AddressSearch.AddressSearch" runstate="Runnable" seed="1266905528" result="Failed" label="Error" start-time="2019-06-26 02:24:18Z" end-time="2019-06-26 02:25:33Z" duration="74.903288" asserts="1">
                  <properties>
                    <property name="Category" value="Regression tests" />
                    <property name="Category" value="System tests" />
                  </properties>
                  <failure>
                    <message><![CDATA[OpenQA.Selenium.WebDriverTimeoutException : Timed out after 45 seconds]]></message>
                    <stack-trace><![CDATA[   at OpenQA.Selenium.Support.UI.DefaultWait`1.ThrowTimeoutException(String exceptionMessage, Exception lastException)
   at OpenQA.Selenium.Support.UI.DefaultWait`1.Until[TResult](Func`2 condition)
   at TNSE.WebTests.SystemTests.Framework.PageObjects.Common.BasePage.WaitForPageTitle(String pageTitle, Int32 waitTime) in D:\TeamCity\buildAgent2\work\68b97dcc959bf737\TNSE.WebTests\SystemTests\Framework\PageObjects\Common\BasePage.cs:line 591
   at TNSE.WebTests.SystemTests.Framework.PageObjects.FixedOpenPages.TvPage.NavigateTo() in D:\TeamCity\buildAgent2\work\68b97dcc959bf737\TNSE.WebTests\SystemTests\Framework\PageObjects\FixedOpenPages\TvPage.cs:line 39
   at TNSE.WebTests.SystemTests.FixedOpenPages.AddressSearch.AddressSearch.Search_Address_For_Tv() in D:\TeamCity\buildAgent2\work\68b97dcc959bf737\TNSE.WebTests\SystemTests\FixedOpenPages\AddressSearch\AddressSearch.cs:line 35]]></stack-trace>
                  </failure>
                  <output><![CDATA[Test failed on current URL: https://integration.telenor.se/Static/error-pages/error.html?aspxerrorpath=/handla/tv/

*** Steps to reproduce ***
1. Navigate to https://integration.telenor.se/handla/tv/
2. Navigate to https://integration.telenor.se/handla/tv/.
Test failed on current URL: https://integration.telenor.se/Static/error-pages/error.html?aspxerrorpath=/handla/tv/

*** Steps to reproduce ***
1. Navigate to https://integration.telenor.se/handla/tv/
2. Navigate to https://integration.telenor.se/handla/tv/.
]]></output>
                </test-case>
              </test-suite>
            </test-suite>
            <test-suite type="TestSuite" id="1-1813" name="PurchaseFlow" fullname="TNSE.WebTests.SystemTests.FixedOpenPages.PurchaseFlow" runstate="Runnable" testcasecount="3" result="Failed" site="Child" start-time="2019-06-26 02:18:54Z" end-time="2019-06-26 02:26:34Z" duration="459.811778" total="3" passed="0" failed="3" warnings="0" inconclusive="0" skipped="0" asserts="3">
              <properties />
              <failure>
                <message><![CDATA[One or more child tests had errors]]></message>
              </failure>
              <test-suite type="TestSuite" id="1-1815" name="BroadBandProducts" fullname="TNSE.WebTests.SystemTests.FixedOpenPages.PurchaseFlow.BroadBandProducts" runstate="Runnable" testcasecount="1" result="Failed" site="Child" start-time="2019-06-26 02:18:54Z" end-time="2019-06-26 02:25:33Z" duration="398.975420" total="1" passed="0" failed="1" warnings="0" inconclusive="0" skipped="0" asserts="1">
                <properties />
                <failure>
                  <message><![CDATA[One or more child tests had errors]]></message>
                </failure>
                <test-suite type="TestFixture" id="1-1489" name="BuyBroadbandProducts" fullname="TNSE.WebTests.SystemTests.FixedOpenPages.PurchaseFlow.BroadBandProducts.BuyBroadbandProducts" classname="TNSE.WebTests.SystemTests.FixedOpenPages.PurchaseFlow.BroadBandProducts.BuyBroadbandProducts" runstate="Runnable" testcasecount="1" result="Failed" site="Child" start-time="2019-06-26 02:24:14Z" end-time="2019-06-26 02:25:33Z" duration="78.938015" total="1" passed="0" failed="1" warnings="0" inconclusive="0" skipped="0" asserts="1">
                  <properties>
                    <property name="ParallelScope" value="Self" />
                  </properties>
                  <failure>
                    <message><![CDATA[One or more child tests had errors]]></message>
                  </failure>
                  <test-case id="1-1490" name="Add_BroadBand_1000_To_Cart" fullname="TNSE.WebTests.SystemTests.FixedOpenPages.PurchaseFlow.BroadBandProducts.BuyBroadbandProducts.Add_BroadBand_1000_To_Cart" methodname="Add_BroadBand_1000_To_Cart" classname="TNSE.WebTests.SystemTests.FixedOpenPages.PurchaseFlow.BroadBandProducts.BuyBroadbandProducts" runstate="Runnable" seed="57941204" result="Failed" label="Error" start-time="2019-06-26 02:24:18Z" end-time="2019-06-26 02:25:33Z" duration="74.955805" asserts="1">
                    <properties>
                      <property name="Category" value="System tests" />
                      <property name="Category" value="Regression tests" />
                    </properties>
                    <failure>
                      <message><![CDATA[OpenQA.Selenium.WebDriverTimeoutException : Timed out after 45 seconds]]></message>
                      <stack-trace><![CDATA[   at OpenQA.Selenium.Support.UI.DefaultWait`1.ThrowTimeoutException(String exceptionMessage, Exception lastException)
   at OpenQA.Selenium.Support.UI.DefaultWait`1.Until[TResult](Func`2 condition)
   at TNSE.WebTests.SystemTests.Framework.PageObjects.Common.BasePage.WaitForPageTitle(String pageTitle, Int32 waitTime) in D:\TeamCity\buildAgent2\work\68b97dcc959bf737\TNSE.WebTests\SystemTests\Framework\PageObjects\Common\BasePage.cs:line 591
   at TNSE.WebTests.SystemTests.Framework.PageObjects.FixedOpenPages.BroadBandPage.NavigateTo() in D:\TeamCity\buildAgent2\work\68b97dcc959bf737\TNSE.WebTests\SystemTests\Framework\PageObjects\FixedOpenPages\BroadBandPage.cs:line 36
   at TNSE.WebTests.SystemTests.FixedOpenPages.PurchaseFlow.BroadBandProducts.BuyBroadbandProducts.Add_BroadBand_1000_To_Cart() in D:\TeamCity\buildAgent2\work\68b97dcc959bf737\TNSE.WebTests\SystemTests\FixedOpenPages\PurchaseFlow\BroadBandProducts\BuyBroadbandProducts.cs:line 17]]></stack-trace>
                    </failure>
                    <output><![CDATA[Test failed on current URL: https://integration.telenor.se/Static/error-pages/error.html?aspxerrorpath=/handla/bredband/

*** Steps to reproduce ***
1. Navigate to https://integration.telenor.se/handla/bredband/
2. Navigate to https://integration.telenor.se/handla/bredband/.
Test failed on current URL: https://integration.telenor.se/Static/error-pages/error.html?aspxerrorpath=/handla/bredband/

*** Steps to reproduce ***
1. Navigate to https://integration.telenor.se/handla/bredband/
2. Navigate to https://integration.telenor.se/handla/bredband/.
]]></output>
                  </test-case>
                </test-suite>
              </test-suite>
              <test-suite type="TestSuite" id="1-1814" name="TvProducts" fullname="TNSE.WebTests.SystemTests.FixedOpenPages.PurchaseFlow.TvProducts" runstate="Runnable" testcasecount="2" result="Failed" site="Child" start-time="2019-06-26 02:18:54Z" end-time="2019-06-26 02:26:34Z" duration="459.811685" total="2" passed="0" failed="2" warnings="0" inconclusive="0" skipped="0" asserts="2">
                <properties />
                <failure>
                  <message><![CDATA[One or more child tests had errors]]></message>
                </failure>
                <test-suite type="TestFixture" id="1-1486" name="BuyTvProducts" fullname="TNSE.WebTests.SystemTests.FixedOpenPages.PurchaseFlow.TvProducts.BuyTvProducts" classname="TNSE.WebTests.SystemTests.FixedOpenPages.PurchaseFlow.TvProducts.BuyTvProducts" runstate="Runnable" testcasecount="2" result="Failed" site="Child" start-time="2019-06-26 02:24:14Z" end-time="2019-06-26 02:26:34Z" duration="139.773888" total="2" passed="0" failed="2" warnings="0" inconclusive="0" skipped="0" asserts="2">
                  <properties>
                    <property name="ParallelScope" value="Self" />
                  </properties>
                  <failure>
                    <message><![CDATA[One or more child tests had errors]]></message>
                  </failure>
                  <test-case id="1-1488" name="Add_Tv_Flex_To_Cart" fullname="TNSE.WebTests.SystemTests.FixedOpenPages.PurchaseFlow.TvProducts.BuyTvProducts.Add_Tv_Flex_To_Cart" methodname="Add_Tv_Flex_To_Cart" classname="TNSE.WebTests.SystemTests.FixedOpenPages.PurchaseFlow.TvProducts.BuyTvProducts" runstate="Runnable" seed="232779498" result="Failed" label="Error" start-time="2019-06-26 02:24:18Z" end-time="2019-06-26 02:25:24Z" duration="65.602983" asserts="1">
                    <properties>
                      <property name="Category" value="System tests" />
                      <property name="Category" value="Regression tests" />
                    </properties>
                    <failure>
                      <message><![CDATA[OpenQA.Selenium.WebDriverTimeoutException : Timed out after 45 seconds]]></message>
                      <stack-trace><![CDATA[   at OpenQA.Selenium.Support.UI.DefaultWait`1.ThrowTimeoutException(String exceptionMessage, Exception lastException)
   at OpenQA.Selenium.Support.UI.DefaultWait`1.Until[TResult](Func`2 condition)
   at TNSE.WebTests.SystemTests.Framework.PageObjects.Common.BasePage.WaitForPageTitle(String pageTitle, Int32 waitTime) in D:\TeamCity\buildAgent2\work\68b97dcc959bf737\TNSE.WebTests\SystemTests\Framework\PageObjects\Common\BasePage.cs:line 591
   at TNSE.WebTests.SystemTests.Framework.PageObjects.FixedOpenPages.TvPage.NavigateTo() in D:\TeamCity\buildAgent2\work\68b97dcc959bf737\TNSE.WebTests\SystemTests\Framework\PageObjects\FixedOpenPages\TvPage.cs:line 39
   at TNSE.WebTests.SystemTests.FixedOpenPages.PurchaseFlow.TvProducts.BuyTvProducts.Add_Tv_Flex_To_Cart() in D:\TeamCity\buildAgent2\work\68b97dcc959bf737\TNSE.WebTests\SystemTests\FixedOpenPages\PurchaseFlow\TvProducts\BuyTvProducts.cs:line 38]]></stack-trace>
                    </failure>
                    <output><![CDATA[Test failed on current URL: https://integration.telenor.se/Static/error-pages/error.html?aspxerrorpath=/handla/tv/

*** Steps to reproduce ***
1. Navigate to https://integration.telenor.se/handla/tv/
2. Navigate to https://integration.telenor.se/handla/tv/.
Test failed on current URL: https://integration.telenor.se/Static/error-pages/error.html?aspxerrorpath=/handla/tv/

*** Steps to reproduce ***
1. Navigate to https://integration.telenor.se/handla/tv/
2. Navigate to https://integration.telenor.se/handla/tv/.
]]></output>
                  </test-case>
                  <test-case id="1-1487" name="Add_Tv_Stor_To_Cart" fullname="TNSE.WebTests.SystemTests.FixedOpenPages.PurchaseFlow.TvProducts.BuyTvProducts.Add_Tv_Stor_To_Cart" methodname="Add_Tv_Stor_To_Cart" classname="TNSE.WebTests.SystemTests.FixedOpenPages.PurchaseFlow.TvProducts.BuyTvProducts" runstate="Runnable" seed="1993564783" result="Failed" label="Error" start-time="2019-06-26 02:25:24Z" end-time="2019-06-26 02:26:34Z" duration="70.135754" asserts="1">
                    <properties>
                      <property name="Category" value="System tests" />
                      <property name="Category" value="Regression tests" />
                    </properties>
                    <failure>
                      <message><![CDATA[OpenQA.Selenium.WebDriverTimeoutException : Timed out after 45 seconds]]></message>
                      <stack-trace><![CDATA[   at OpenQA.Selenium.Support.UI.DefaultWait`1.ThrowTimeoutException(String exceptionMessage, Exception lastException)
   at OpenQA.Selenium.Support.UI.DefaultWait`1.Until[TResult](Func`2 condition)
   at TNSE.WebTests.SystemTests.Framework.PageObjects.Common.BasePage.WaitForPageTitle(String pageTitle, Int32 waitTime) in D:\TeamCity\buildAgent2\work\68b97dcc959bf737\TNSE.WebTests\SystemTests\Framework\PageObjects\Common\BasePage.cs:line 591
   at TNSE.WebTests.SystemTests.Framework.PageObjects.FixedOpenPages.TvPage.NavigateTo() in D:\TeamCity\buildAgent2\work\68b97dcc959bf737\TNSE.WebTests\SystemTests\Framework\PageObjects\FixedOpenPages\TvPage.cs:line 39
   at TNSE.WebTests.SystemTests.FixedOpenPages.PurchaseFlow.TvProducts.BuyTvProducts.Add_Tv_Stor_To_Cart() in D:\TeamCity\buildAgent2\work\68b97dcc959bf737\TNSE.WebTests\SystemTests\FixedOpenPages\PurchaseFlow\TvProducts\BuyTvProducts.cs:line 16]]></stack-trace>
                    </failure>
                    <output><![CDATA[Test failed on current URL: https://integration.telenor.se/Static/error-pages/error.html?aspxerrorpath=/handla/tv/

*** Steps to reproduce ***
1. Navigate to https://integration.telenor.se/handla/tv/
2. Navigate to https://integration.telenor.se/handla/tv/.
Test failed on current URL: https://integration.telenor.se/Static/error-pages/error.html?aspxerrorpath=/handla/tv/

*** Steps to reproduce ***
1. Navigate to https://integration.telenor.se/handla/tv/
2. Navigate to https://integration.telenor.se/handla/tv/.
]]></output>
                  </test-case>
                </test-suite>
              </test-suite>
            </test-suite>
          </test-suite>
          <test-suite type="TestSuite" id="1-1782" name="MobileWebOpenPagesTests" fullname="TNSE.WebTests.SystemTests.MobileWebOpenPagesTests" runstate="Runnable" testcasecount="91" result="Failed" site="Child" start-time="2019-06-26 02:18:54Z" end-time="2019-06-26 02:38:11Z" duration="1156.606335" total="56" passed="0" failed="53" warnings="0" inconclusive="0" skipped="3" asserts="52">
            <properties />
            <failure>
              <message><![CDATA[One or more child tests had errors]]></message>
            </failure>
            <test-suite type="TestSuite" id="1-1811" name="CustomerService" fullname="TNSE.WebTests.SystemTests.MobileWebOpenPagesTests.CustomerService" runstate="Runnable" testcasecount="2" result="Failed" site="Child" start-time="2019-06-26 02:18:54Z" end-time="2019-06-26 02:25:33Z" duration="398.624693" total="2" passed="0" failed="1" warnings="0" inconclusive="0" skipped="1" asserts="0">
              <properties />
              <failure>
                <message><![CDATA[One or more child tests had errors]]></message>
              </failure>
              <test-suite type="TestFixture" id="1-1483" name="CustomerServiceTests" fullname="TNSE.WebTests.SystemTests.MobileWebOpenPagesTests.CustomerService.CustomerServiceTests" classname="TNSE.WebTests.SystemTests.MobileWebOpenPagesTests.CustomerService.CustomerServiceTests" runstate="Runnable" testcasecount="2" result="Failed" site="Child" start-time="2019-06-26 02:24:14Z" end-time="2019-06-26 02:25:33Z" duration="78.584503" total="2" passed="0" failed="1" warnings="0" inconclusive="0" skipped="1" asserts="0">
                <properties>
                  <property name="ParallelScope" value="Self" />
                </properties>
                <failure>
                  <message><![CDATA[One or more child tests had errors]]></message>
                </failure>
                <test-case id="1-1485" name="Customer_search_shows_faq_results_tabs_folded" fullname="TNSE.WebTests.SystemTests.MobileWebOpenPagesTests.CustomerService.CustomerServiceTests.Customer_search_shows_faq_results_tabs_folded" methodname="Customer_search_shows_faq_results_tabs_folded" classname="TNSE.WebTests.SystemTests.MobileWebOpenPagesTests.CustomerService.CustomerServiceTests" runstate="Runnable" seed="1934496582" result="Failed" label="Error" start-time="2019-06-26 02:24:18Z" end-time="2019-06-26 02:25:33Z" duration="74.532901" asserts="0">
                  <properties>
                    <property name="Category" value="Regression tests" />
                    <property name="Category" value="System tests" />
                  </properties>
                  <failure>
                    <message><![CDATA[OpenQA.Selenium.WebDriverTimeoutException : Timed out after 45 seconds]]></message>
                    <stack-trace><![CDATA[   at OpenQA.Selenium.Support.UI.DefaultWait`1.ThrowTimeoutException(String exceptionMessage, Exception lastException)
   at OpenQA.Selenium.Support.UI.DefaultWait`1.Until[TResult](Func`2 condition)
   at TNSE.WebTests.SystemTests.Framework.PageObjects.Common.BasePage.WaitForPageTitle(String pageTitle, Int32 waitTime) in D:\TeamCity\buildAgent2\work\68b97dcc959bf737\TNSE.WebTests\SystemTests\Framework\PageObjects\Common\BasePage.cs:line 591
   at TNSE.WebTests.SystemTests.Framework.PageObjects.MobileWebOpenPages.CustomerServicePage.NavigateTo() in D:\TeamCity\buildAgent2\work\68b97dcc959bf737\TNSE.WebTests\SystemTests\Framework\PageObjects\MobileWebOpenPages\CustomerServicePage.cs:line 29
   at TNSE.WebTests.SystemTests.MobileWebOpenPagesTests.CustomerService.CustomerServiceTests.Customer_search_shows_faq_results_tabs_folded() in D:\TeamCity\buildAgent2\work\68b97dcc959bf737\TNSE.WebTests\SystemTests\MobileWebOpenPagesTests\CustomerService\CustomerServiceTests.cs:line 40]]></stack-trace>
                  </failure>
                  <output><![CDATA[Test failed on current URL: https://integration.telenor.se/Static/error-pages/error.html?aspxerrorpath=/kundservice/

*** Steps to reproduce ***
1. Navigate to https://integration.telenor.se/kundservice/.
]]></output>
                </test-case>
                <test-case id="1-1484" name="Customer_search_shows_three_categories_in_the_results" fullname="TNSE.WebTests.SystemTests.MobileWebOpenPagesTests.CustomerService.CustomerServiceTests.Customer_search_shows_three_categories_in_the_results" methodname="Customer_search_shows_three_categories_in_the_results" classname="TNSE.WebTests.SystemTests.MobileWebOpenPagesTests.CustomerService.CustomerServiceTests" runstate="Ignored" seed="2128645047" result="Skipped" label="Ignored" start-time="2019-06-26 02:25:33Z" end-time="2019-06-26 02:25:33Z" duration="0.001763" asserts="0">
                  <properties>
                    <property name="Category" value="Regression tests" />
                    <property name="Category" value="System tests" />
                    <property name="_SKIPREASON" value="Reindexing is currently not working in the test-environments" />
                  </properties>
                  <reason>
                    <message><![CDATA[Reindexing is currently not working in the test-environments]]></message>
                  </reason>
                </test-case>
              </test-suite>
            </test-suite>
            <test-suite type="TestSuite" id="1-1783" name="ProductGridPageFuntionality" fullname="TNSE.WebTests.SystemTests.MobileWebOpenPagesTests.ProductGridPageFuntionality" runstate="Runnable" testcasecount="2" result="Failed" site="Child" start-time="2019-06-26 02:18:54Z" end-time="2019-06-26 02:29:17Z" duration="623.510042" total="2" passed="0" failed="2" warnings="0" inconclusive="0" skipped="0" asserts="2">
              <properties />
              <failure>
                <message><![CDATA[One or more child tests had errors]]></message>
              </failure>
              <test-suite type="TestFixture" id="1-1291" name="MobilePhonesGridFunctionalityTests" fullname="TNSE.WebTests.SystemTests.MobileWebOpenPagesTests.ProductGridPageFuntionality.MobilePhonesGridFunctionalityTests" classname="TNSE.WebTests.SystemTests.MobileWebOpenPagesTests.ProductGridPageFuntionality.MobilePhonesGridFunctionalityTests" runstate="Runnable" testcasecount="2" result="Failed" site="Child" start-time="2019-06-26 02:26:54Z" end-time="2019-06-26 02:29:17Z" duration="143.382570" total="2" passed="0" failed="2" warnings="0" inconclusive="0" skipped="0" asserts="2">
                <properties>
                  <property name="ParallelScope" value="Self" />
                </properties>
                <failure>
                  <message><![CDATA[One or more child tests had errors]]></message>
                </failure>
                <test-case id="1-1292" name="All_terminal_products_have_colors_on_grid_page" fullname="TNSE.WebTests.SystemTests.MobileWebOpenPagesTests.ProductGridPageFuntionality.MobilePhonesGridFunctionalityTests.All_terminal_products_have_colors_on_grid_page" methodname="All_terminal_products_have_colors_on_grid_page" classname="TNSE.WebTests.SystemTests.MobileWebOpenPagesTests.ProductGridPageFuntionality.MobilePhonesGridFunctionalityTests" runstate="Runnable" seed="1926714579" result="Failed" start-time="2019-06-26 02:26:58Z" end-time="2019-06-26 02:27:57Z" duration="59.141271" asserts="1">
                  <properties>
                    <property name="Category" value="Regression tests" />
                    <property name="Category" value="System tests" />
                  </properties>
                  <failure>
                    <message><![CDATA[  Element with locator "By.ClassName[Contains]: product-grid-page" is not displayed after 45 seconds wait
  Expected: False
  But was:  True
]]></message>
                    <stack-trace><![CDATA[   at TNSE.WebTests.SystemTests.Framework.PageObjects.Common.BasePage.WaitForWebObjectToBeDisplayed[T](T objectToBeDisplayed, Int32 waitTime) in D:\TeamCity\buildAgent2\work\68b97dcc959bf737\TNSE.WebTests\SystemTests\Framework\PageObjects\Common\BasePage.cs:line 697
   at TNSE.WebTests.SystemTests.Framework.PageObjects.MobileWebOpenPages.ProductGridPage..ctor(Browser browserSession) in D:\TeamCity\buildAgent2\work\68b97dcc959bf737\TNSE.WebTests\SystemTests\Framework\PageObjects\MobileWebOpenPages\ProductGridPage.cs:line 32
   at TNSE.WebTests.SystemTests.MobileWebOpenPagesTests.ProductGridPageFuntionality.MobilePhonesGridFunctionalityTests.All_terminal_products_have_colors_on_grid_page() in D:\TeamCity\buildAgent2\work\68b97dcc959bf737\TNSE.WebTests\SystemTests\MobileWebOpenPagesTests\ProductGridPageFuntionality\MobilePhonesGridFunctionalityTests.cs:line 25
]]></stack-trace>
                  </failure>
                  <output><![CDATA[Test failed on current URL: https://integration.telenor.se/Static/error-pages/error.html?aspxerrorpath=/handla/mobiler/

*** Steps to reproduce ***
1. Navigate to https://integration.telenor.se/handla/mobiler/.
]]></output>
                  <assertions>
                    <assertion result="Failed">
                      <message><![CDATA[  Element with locator "By.ClassName[Contains]: product-grid-page" is not displayed after 45 seconds wait
  Expected: False
  But was:  True
]]></message>
                      <stack-trace><![CDATA[   at TNSE.WebTests.SystemTests.Framework.PageObjects.Common.BasePage.WaitForWebObjectToBeDisplayed[T](T objectToBeDisplayed, Int32 waitTime) in D:\TeamCity\buildAgent2\work\68b97dcc959bf737\TNSE.WebTests\SystemTests\Framework\PageObjects\Common\BasePage.cs:line 675
   at TNSE.WebTests.SystemTests.Framework.PageObjects.MobileWebOpenPages.ProductGridPage..ctor(Browser browserSession) in D:\TeamCity\buildAgent2\work\68b97dcc959bf737\TNSE.WebTests\SystemTests\Framework\PageObjects\MobileWebOpenPages\ProductGridPage.cs:line 32
   at TNSE.WebTests.SystemTests.MobileWebOpenPagesTests.ProductGridPageFuntionality.MobilePhonesGridFunctionalityTests.All_terminal_products_have_colors_on_grid_page() in D:\TeamCity\buildAgent2\work\68b97dcc959bf737\TNSE.WebTests\SystemTests\MobileWebOpenPagesTests\ProductGridPageFuntionality\MobilePhonesGridFunctionalityTests.cs:line 25
]]></stack-trace>
                    </assertion>
                  </assertions>
                </test-case>
                <test-case id="1-1293" name="Only_selected_brands_in_the_filter_shall_be_displayed_in_the_product_grid" fullname="TNSE.WebTests.SystemTests.MobileWebOpenPagesTests.ProductGridPageFuntionality.MobilePhonesGridFunctionalityTests.Only_selected_brands_in_the_filter_shall_be_displayed_in_the_product_grid" methodname="Only_selected_brands_in_the_filter_shall_be_displayed_in_the_product_grid" classname="TNSE.WebTests.SystemTests.MobileWebOpenPagesTests.ProductGridPageFuntionality.MobilePhonesGridFunctionalityTests" runstate="Runnable" seed="1809543764" result="Failed" start-time="2019-06-26 02:27:57Z" end-time="2019-06-26 02:29:17Z" duration="80.691824" asserts="1">
                  <properties>
                    <property name="Category" value="Regression tests" />
                    <property name="Category" value="System tests" />
                  </properties>
                  <failure>
                    <message><![CDATA[  Element with locator "By.ClassName[Contains]: product-grid-page" is not displayed after 45 seconds wait
  Expected: False
  But was:  True
]]></message>
                    <stack-trace><![CDATA[   at TNSE.WebTests.SystemTests.Framework.PageObjects.Common.BasePage.WaitForWebObjectToBeDisplayed[T](T objectToBeDisplayed, Int32 waitTime) in D:\TeamCity\buildAgent2\work\68b97dcc959bf737\TNSE.WebTests\SystemTests\Framework\PageObjects\Common\BasePage.cs:line 697
   at TNSE.WebTests.SystemTests.Framework.PageObjects.MobileWebOpenPages.ProductGridPage..ctor(Browser browserSession) in D:\TeamCity\buildAgent2\work\68b97dcc959bf737\TNSE.WebTests\SystemTests\Framework\PageObjects\MobileWebOpenPages\ProductGridPage.cs:line 32
   at TNSE.WebTests.SystemTests.MobileWebOpenPagesTests.ProductGridPageFuntionality.MobilePhonesGridFunctionalityTests.Only_selected_brands_in_the_filter_shall_be_displayed_in_the_product_grid() in D:\TeamCity\buildAgent2\work\68b97dcc959bf737\TNSE.WebTests\SystemTests\MobileWebOpenPagesTests\ProductGridPageFuntionality\MobilePhonesGridFunctionalityTests.cs:line 34
]]></stack-trace>
                  </failure>
                  <output><![CDATA[Test failed on current URL: https://integration.telenor.se/Static/error-pages/error.html?aspxerrorpath=/handla/mobiler/

*** Steps to reproduce ***
1. Navigate to https://integration.telenor.se/handla/mobiler/.
]]></output>
                  <assertions>
                    <assertion result="Failed">
                      <message><![CDATA[  Element with locator "By.ClassName[Contains]: product-grid-page" is not displayed after 45 seconds wait
  Expected: False
  But was:  True
]]></message>
                      <stack-trace><![CDATA[   at TNSE.WebTests.SystemTests.Framework.PageObjects.Common.BasePage.WaitForWebObjectToBeDisplayed[T](T objectToBeDisplayed, Int32 waitTime) in D:\TeamCity\buildAgent2\work\68b97dcc959bf737\TNSE.WebTests\SystemTests\Framework\PageObjects\Common\BasePage.cs:line 675
   at TNSE.WebTests.SystemTests.Framework.PageObjects.MobileWebOpenPages.ProductGridPage..ctor(Browser browserSession) in D:\TeamCity\buildAgent2\work\68b97dcc959bf737\TNSE.WebTests\SystemTests\Framework\PageObjects\MobileWebOpenPages\ProductGridPage.cs:line 32
   at TNSE.WebTests.SystemTests.MobileWebOpenPagesTests.ProductGridPageFuntionality.MobilePhonesGridFunctionalityTests.Only_selected_brands_in_the_filter_shall_be_displayed_in_the_product_grid() in D:\TeamCity\buildAgent2\work\68b97dcc959bf737\TNSE.WebTests\SystemTests\MobileWebOpenPagesTests\ProductGridPageFuntionality\MobilePhonesGridFunctionalityTests.cs:line 34
]]></stack-trace>
                    </assertion>
                  </assertions>
                </test-case>
              </test-suite>
            </test-suite>
            <test-suite type="TestSuite" id="1-1784" name="ProductDetailPageFunctionality" fullname="TNSE.WebTests.SystemTests.MobileWebOpenPagesTests.ProductDetailPageFunctionality" runstate="Runnable" testcasecount="11" result="Failed" site="Child" start-time="2019-06-26 02:18:54Z" end-time="2019-06-26 02:30:27Z" duration="692.886638" total="11" passed="0" failed="11" warnings="0" inconclusive="0" skipped="0" asserts="11">
              <properties />
              <failure>
                <message><![CDATA[One or more child tests had errors]]></message>
              </failure>
              <test-suite type="TestFixture" id="1-1299" name="CapacityPickerFunctionalityTests" fullname="TNSE.WebTests.SystemTests.MobileWebOpenPagesTests.ProductDetailPageFunctionality.CapacityPickerFunctionalityTests" classname="TNSE.WebTests.SystemTests.MobileWebOpenPagesTests.ProductDetailPageFunctionality.CapacityPickerFunctionalityTests" runstate="Runnable" testcasecount="1" result="Failed" site="Child" start-time="2019-06-26 02:25:33Z" end-time="2019-06-26 02:26:37Z" duration="63.707247" total="1" passed="0" failed="1" warnings="0" inconclusive="0" skipped="0" asserts="1">
                <properties>
                  <property name="ParallelScope" value="Self" />
                </properties>
                <failure>
                  <message><![CDATA[One or more child tests had errors]]></message>
                </failure>
                <test-case id="1-1300" name="Clicking_capacity_selects_capacity" fullname="TNSE.WebTests.SystemTests.MobileWebOpenPagesTests.ProductDetailPageFunctionality.CapacityPickerFunctionalityTests.Clicking_capacity_selects_capacity" methodname="Clicking_capacity_selects_capacity" classname="TNSE.WebTests.SystemTests.MobileWebOpenPagesTests.ProductDetailPageFunctionality.CapacityPickerFunctionalityTests" runstate="Runnable" seed="601583127" result="Failed" start-time="2019-06-26 02:25:36Z" end-time="2019-06-26 02:26:36Z" duration="59.837220" asserts="1">
                  <properties>
                    <property name="Category" value="Regression tests" />
                    <property name="Category" value="System tests" />
                    <property name="Category" value="New modular purchase flow tests" />
                  </properties>
                  <failure>
                    <message><![CDATA[  Element with locator "By.ClassName[Contains]: product-grid-page" is not displayed after 45 seconds wait
  Expected: False
  But was:  True
]]></message>
                    <stack-trace><![CDATA[   at TNSE.WebTests.SystemTests.Framework.PageObjects.Common.BasePage.WaitForWebObjectToBeDisplayed[T](T objectToBeDisplayed, Int32 waitTime) in D:\TeamCity\buildAgent2\work\68b97dcc959bf737\TNSE.WebTests\SystemTests\Framework\PageObjects\Common\BasePage.cs:line 697
   at TNSE.WebTests.SystemTests.Framework.PageObjects.MobileWebOpenPages.ProductGridPage..ctor(Browser browserSession) in D:\TeamCity\buildAgent2\work\68b97dcc959bf737\TNSE.WebTests\SystemTests\Framework\PageObjects\MobileWebOpenPages\ProductGridPage.cs:line 32
   at TNSE.WebTests.SystemTests.MobileWebOpenPagesTests.ProductDetailPageFunctionality.CapacityPickerFunctionalityTests.Clicking_capacity_selects_capacity() in D:\TeamCity\buildAgent2\work\68b97dcc959bf737\TNSE.WebTests\SystemTests\MobileWebOpenPagesTests\ProductDetailPageFunctionality\CapacityPickerFunctionalityTests.cs:line 20
]]></stack-trace>
                  </failure>
                  <output><![CDATA[Test failed on current URL: https://integration.telenor.se/Static/error-pages/error.html?aspxerrorpath=/handla/mobiler/

*** Steps to reproduce ***
1. Navigate to https://integration.telenor.se/handla/mobiler/.
]]></output>
                  <assertions>
                    <assertion result="Failed">
                      <message><![CDATA[  Element with locator "By.ClassName[Contains]: product-grid-page" is not displayed after 45 seconds wait
  Expected: False
  But was:  True
]]></message>
                      <stack-trace><![CDATA[   at TNSE.WebTests.SystemTests.Framework.PageObjects.Common.BasePage.WaitForWebObjectToBeDisplayed[T](T objectToBeDisplayed, Int32 waitTime) in D:\TeamCity\buildAgent2\work\68b97dcc959bf737\TNSE.WebTests\SystemTests\Framework\PageObjects\Common\BasePage.cs:line 675
   at TNSE.WebTests.SystemTests.Framework.PageObjects.MobileWebOpenPages.ProductGridPage..ctor(Browser browserSession) in D:\TeamCity\buildAgent2\work\68b97dcc959bf737\TNSE.WebTests\SystemTests\Framework\PageObjects\MobileWebOpenPages\ProductGridPage.cs:line 32
   at TNSE.WebTests.SystemTests.MobileWebOpenPagesTests.ProductDetailPageFunctionality.CapacityPickerFunctionalityTests.Clicking_capacity_selects_capacity() in D:\TeamCity\buildAgent2\work\68b97dcc959bf737\TNSE.WebTests\SystemTests\MobileWebOpenPagesTests\ProductDetailPageFunctionality\CapacityPickerFunctionalityTests.cs:line 20
]]></stack-trace>
                    </assertion>
                  </assertions>
                </test-case>
              </test-suite>
              <test-suite type="TestFixture" id="1-1301" name="ColorPickerFunctionalityTests" fullname="TNSE.WebTests.SystemTests.MobileWebOpenPagesTests.ProductDetailPageFunctionality.ColorPickerFunctionalityTests" classname="TNSE.WebTests.SystemTests.MobileWebOpenPagesTests.ProductDetailPageFunctionality.ColorPickerFunctionalityTests" runstate="Runnable" testcasecount="1" result="Failed" site="Child" start-time="2019-06-26 02:25:33Z" end-time="2019-06-26 02:26:54Z" duration="81.151631" total="1" passed="0" failed="1" warnings="0" inconclusive="0" skipped="0" asserts="1">
                <properties>
                  <property name="ParallelScope" value="Self" />
                </properties>
                <failure>
                  <message><![CDATA[One or more child tests had errors]]></message>
                </failure>
                <test-case id="1-1302" name="Clicking_color_sets_color_as_selected" fullname="TNSE.WebTests.SystemTests.MobileWebOpenPagesTests.ProductDetailPageFunctionality.ColorPickerFunctionalityTests.Clicking_color_sets_color_as_selected" methodname="Clicking_color_sets_color_as_selected" classname="TNSE.WebTests.SystemTests.MobileWebOpenPagesTests.ProductDetailPageFunctionality.ColorPickerFunctionalityTests" runstate="Runnable" seed="537186284" result="Failed" start-time="2019-06-26 02:25:36Z" end-time="2019-06-26 02:26:54Z" duration="77.634531" asserts="1">
                  <properties>
                    <property name="Category" value="Regression tests" />
                    <property name="Category" value="System tests" />
                    <property name="Category" value="New modular purchase flow tests" />
                  </properties>
                  <failure>
                    <message><![CDATA[  Element with locator "By.ClassName[Contains]: product-grid-page" is not displayed after 45 seconds wait
  Expected: False
  But was:  True
]]></message>
                    <stack-trace><![CDATA[   at TNSE.WebTests.SystemTests.Framework.PageObjects.Common.BasePage.WaitForWebObjectToBeDisplayed[T](T objectToBeDisplayed, Int32 waitTime) in D:\TeamCity\buildAgent2\work\68b97dcc959bf737\TNSE.WebTests\SystemTests\Framework\PageObjects\Common\BasePage.cs:line 697
   at TNSE.WebTests.SystemTests.Framework.PageObjects.MobileWebOpenPages.ProductGridPage..ctor(Browser browserSession) in D:\TeamCity\buildAgent2\work\68b97dcc959bf737\TNSE.WebTests\SystemTests\Framework\PageObjects\MobileWebOpenPages\ProductGridPage.cs:line 32
   at TNSE.WebTests.SystemTests.MobileWebOpenPagesTests.ProductDetailPageFunctionality.ColorPickerFunctionalityTests.Clicking_color_sets_color_as_selected() in D:\TeamCity\buildAgent2\work\68b97dcc959bf737\TNSE.WebTests\SystemTests\MobileWebOpenPagesTests\ProductDetailPageFunctionality\ColorPickerFunctionalityTests.cs:line 20
]]></stack-trace>
                  </failure>
                  <output><![CDATA[Test failed on current URL: https://integration.telenor.se/Static/error-pages/error.html?aspxerrorpath=/handla/mobiler/

*** Steps to reproduce ***
1. Navigate to https://integration.telenor.se/handla/mobiler/.
]]></output>
                  <assertions>
                    <assertion result="Failed">
                      <message><![CDATA[  Element with locator "By.ClassName[Contains]: product-grid-page" is not displayed after 45 seconds wait
  Expected: False
  But was:  True
]]></message>
                      <stack-trace><![CDATA[   at TNSE.WebTests.SystemTests.Framework.PageObjects.Common.BasePage.WaitForWebObjectToBeDisplayed[T](T objectToBeDisplayed, Int32 waitTime) in D:\TeamCity\buildAgent2\work\68b97dcc959bf737\TNSE.WebTests\SystemTests\Framework\PageObjects\Common\BasePage.cs:line 675
   at TNSE.WebTests.SystemTests.Framework.PageObjects.MobileWebOpenPages.ProductGridPage..ctor(Browser browserSession) in D:\TeamCity\buildAgent2\work\68b97dcc959bf737\TNSE.WebTests\SystemTests\Framework\PageObjects\MobileWebOpenPages\ProductGridPage.cs:line 32
   at TNSE.WebTests.SystemTests.MobileWebOpenPagesTests.ProductDetailPageFunctionality.ColorPickerFunctionalityTests.Clicking_color_sets_color_as_selected() in D:\TeamCity\buildAgent2\work\68b97dcc959bf737\TNSE.WebTests\SystemTests\MobileWebOpenPagesTests\ProductDetailPageFunctionality\ColorPickerFunctionalityTests.cs:line 20
]]></stack-trace>
                    </assertion>
                  </assertions>
                </test-case>
              </test-suite>
              <test-suite type="TestFixture" id="1-1303" name="PurchaseTypeSelectionFunctionalityTests" fullname="TNSE.WebTests.SystemTests.MobileWebOpenPagesTests.ProductDetailPageFunctionality.PurchaseTypeSelectionFunctionalityTests" classname="TNSE.WebTests.SystemTests.MobileWebOpenPagesTests.ProductDetailPageFunctionality.PurchaseTypeSelectionFunctionalityTests" runstate="Runnable" testcasecount="2" result="Failed" site="Child" start-time="2019-06-26 02:26:34Z" end-time="2019-06-26 02:28:57Z" duration="142.759455" total="2" passed="0" failed="2" warnings="0" inconclusive="0" skipped="0" asserts="2">
                <properties>
                  <property name="ParallelScope" value="Self" />
                </properties>
                <failure>
                  <message><![CDATA[One or more child tests had errors]]></message>
                </failure>
                <test-case id="1-1305" name="All_purchase_flows_as_existing_customer_is_selectable" fullname="TNSE.WebTests.SystemTests.MobileWebOpenPagesTests.ProductDetailPageFunctionality.PurchaseTypeSelectionFunctionalityTests.All_purchase_flows_as_existing_customer_is_selectable" methodname="All_purchase_flows_as_existing_customer_is_selectable" classname="TNSE.WebTests.SystemTests.MobileWebOpenPagesTests.ProductDetailPageFunctionality.PurchaseTypeSelectionFunctionalityTests" runstate="Runnable" seed="2142591045" result="Failed" start-time="2019-06-26 02:26:37Z" end-time="2019-06-26 02:27:46Z" duration="68.855299" asserts="1">
                  <properties>
                    <property name="Category" value="Regression tests" />
                    <property name="Category" value="System tests" />
                  </properties>
                  <failure>
                    <message><![CDATA[  Element with locator "By.ClassName[Contains]: product-grid-page" is not displayed after 45 seconds wait
  Expected: False
  But was:  True
]]></message>
                    <stack-trace><![CDATA[   at TNSE.WebTests.SystemTests.Framework.PageObjects.Common.BasePage.WaitForWebObjectToBeDisplayed[T](T objectToBeDisplayed, Int32 waitTime) in D:\TeamCity\buildAgent2\work\68b97dcc959bf737\TNSE.WebTests\SystemTests\Framework\PageObjects\Common\BasePage.cs:line 697
   at TNSE.WebTests.SystemTests.Framework.PageObjects.MobileWebOpenPages.ProductGridPage..ctor(Browser browserSession) in D:\TeamCity\buildAgent2\work\68b97dcc959bf737\TNSE.WebTests\SystemTests\Framework\PageObjects\MobileWebOpenPages\ProductGridPage.cs:line 32
   at TNSE.WebTests.SystemTests.MobileWebOpenPagesTests.ProductDetailPageFunctionality.PurchaseTypeSelectionFunctionalityTests.All_purchase_flows_as_existing_customer_is_selectable() in D:\TeamCity\buildAgent2\work\68b97dcc959bf737\TNSE.WebTests\SystemTests\MobileWebOpenPagesTests\ProductDetailPageFunctionality\PurchaseTypeSelectionFunctionalityTests.cs:line 31
]]></stack-trace>
                  </failure>
                  <output><![CDATA[Test failed on current URL: https://integration.telenor.se/Static/error-pages/error.html?aspxerrorpath=/handla/mobiler/

*** Steps to reproduce ***
1. Navigate to https://integration.telenor.se/handla/mobiler/.
]]></output>
                  <assertions>
                    <assertion result="Failed">
                      <message><![CDATA[  Element with locator "By.ClassName[Contains]: product-grid-page" is not displayed after 45 seconds wait
  Expected: False
  But was:  True
]]></message>
                      <stack-trace><![CDATA[   at TNSE.WebTests.SystemTests.Framework.PageObjects.Common.BasePage.WaitForWebObjectToBeDisplayed[T](T objectToBeDisplayed, Int32 waitTime) in D:\TeamCity\buildAgent2\work\68b97dcc959bf737\TNSE.WebTests\SystemTests\Framework\PageObjects\Common\BasePage.cs:line 675
   at TNSE.WebTests.SystemTests.Framework.PageObjects.MobileWebOpenPages.ProductGridPage..ctor(Browser browserSession) in D:\TeamCity\buildAgent2\work\68b97dcc959bf737\TNSE.WebTests\SystemTests\Framework\PageObjects\MobileWebOpenPages\ProductGridPage.cs:line 32
   at TNSE.WebTests.SystemTests.MobileWebOpenPagesTests.ProductDetailPageFunctionality.PurchaseTypeSelectionFunctionalityTests.All_purchase_flows_as_existing_customer_is_selectable() in D:\TeamCity\buildAgent2\work\68b97dcc959bf737\TNSE.WebTests\SystemTests\MobileWebOpenPagesTests\ProductDetailPageFunctionality\PurchaseTypeSelectionFunctionalityTests.cs:line 31
]]></stack-trace>
                    </assertion>
                  </assertions>
                </test-case>
                <test-case id="1-1304" name="All_purchase_flows_as_new_customer_is_selectable" fullname="TNSE.WebTests.SystemTests.MobileWebOpenPagesTests.ProductDetailPageFunctionality.PurchaseTypeSelectionFunctionalityTests.All_purchase_flows_as_new_customer_is_selectable" methodname="All_purchase_flows_as_new_customer_is_selectable" classname="TNSE.WebTests.SystemTests.MobileWebOpenPagesTests.ProductDetailPageFunctionality.PurchaseTypeSelectionFunctionalityTests" runstate="Runnable" seed="1004601668" result="Failed" start-time="2019-06-26 02:27:46Z" end-time="2019-06-26 02:28:56Z" duration="70.188815" asserts="1">
                  <properties>
                    <property name="Category" value="Regression tests" />
                    <property name="Category" value="System tests" />
                  </properties>
                  <failure>
                    <message><![CDATA[  Element with locator "By.ClassName[Contains]: product-grid-page" is not displayed after 45 seconds wait
  Expected: False
  But was:  True
]]></message>
                    <stack-trace><![CDATA[   at TNSE.WebTests.SystemTests.Framework.PageObjects.Common.BasePage.WaitForWebObjectToBeDisplayed[T](T objectToBeDisplayed, Int32 waitTime) in D:\TeamCity\buildAgent2\work\68b97dcc959bf737\TNSE.WebTests\SystemTests\Framework\PageObjects\Common\BasePage.cs:line 697
   at TNSE.WebTests.SystemTests.Framework.PageObjects.MobileWebOpenPages.ProductGridPage..ctor(Browser browserSession) in D:\TeamCity\buildAgent2\work\68b97dcc959bf737\TNSE.WebTests\SystemTests\Framework\PageObjects\MobileWebOpenPages\ProductGridPage.cs:line 32
   at TNSE.WebTests.SystemTests.MobileWebOpenPagesTests.ProductDetailPageFunctionality.PurchaseTypeSelectionFunctionalityTests.All_purchase_flows_as_new_customer_is_selectable() in D:\TeamCity\buildAgent2\work\68b97dcc959bf737\TNSE.WebTests\SystemTests\MobileWebOpenPagesTests\ProductDetailPageFunctionality\PurchaseTypeSelectionFunctionalityTests.cs:line 19
]]></stack-trace>
                  </failure>
                  <output><![CDATA[Test failed on current URL: https://integration.telenor.se/Static/error-pages/error.html?aspxerrorpath=/handla/mobiler/

*** Steps to reproduce ***
1. Navigate to https://integration.telenor.se/handla/mobiler/.
]]></output>
                  <assertions>
                    <assertion result="Failed">
                      <message><![CDATA[  Element with locator "By.ClassName[Contains]: product-grid-page" is not displayed after 45 seconds wait
  Expected: False
  But was:  True
]]></message>
                      <stack-trace><![CDATA[   at TNSE.WebTests.SystemTests.Framework.PageObjects.Common.BasePage.WaitForWebObjectToBeDisplayed[T](T objectToBeDisplayed, Int32 waitTime) in D:\TeamCity\buildAgent2\work\68b97dcc959bf737\TNSE.WebTests\SystemTests\Framework\PageObjects\Common\BasePage.cs:line 675
   at TNSE.WebTests.SystemTests.Framework.PageObjects.MobileWebOpenPages.ProductGridPage..ctor(Browser browserSession) in D:\TeamCity\buildAgent2\work\68b97dcc959bf737\TNSE.WebTests\SystemTests\Framework\PageObjects\MobileWebOpenPages\ProductGridPage.cs:line 32
   at TNSE.WebTests.SystemTests.MobileWebOpenPagesTests.ProductDetailPageFunctionality.PurchaseTypeSelectionFunctionalityTests.All_purchase_flows_as_new_customer_is_selectable() in D:\TeamCity\buildAgent2\work\68b97dcc959bf737\TNSE.WebTests\SystemTests\MobileWebOpenPagesTests\ProductDetailPageFunctionality\PurchaseTypeSelectionFunctionalityTests.cs:line 19
]]></stack-trace>
                    </assertion>
                  </assertions>
                </test-case>
              </test-suite>
              <test-suite type="TestFixture" id="1-1294" name="AddonFunctionalityTests" fullname="TNSE.WebTests.SystemTests.MobileWebOpenPagesTests.ProductDetailPageFunctionality.AddonFunctionalityTests" classname="TNSE.WebTests.SystemTests.MobileWebOpenPagesTests.ProductDetailPageFunctionality.AddonFunctionalityTests" runstate="Runnable" testcasecount="4" result="Failed" site="Child" start-time="2019-06-26 02:25:33Z" end-time="2019-06-26 02:30:00Z" duration="267.655191" total="4" passed="0" failed="4" warnings="0" inconclusive="0" skipped="0" asserts="4">
                <properties>
                  <property name="ParallelScope" value="Self" />
                </properties>
                <failure>
                  <message><![CDATA[One or more child tests had errors]]></message>
                </failure>
                <test-case id="1-1296" name="Deselecting_mobile_insurance_with_button_removes_mobile_insurance_from_cart" fullname="TNSE.WebTests.SystemTests.MobileWebOpenPagesTests.ProductDetailPageFunctionality.AddonFunctionalityTests.Deselecting_mobile_insurance_with_button_removes_mobile_insurance_from_cart" methodname="Deselecting_mobile_insurance_with_button_removes_mobile_insurance_from_cart" classname="TNSE.WebTests.SystemTests.MobileWebOpenPagesTests.ProductDetailPageFunctionality.AddonFunctionalityTests" runstate="Runnable" seed="1513231911" result="Failed" start-time="2019-06-26 02:25:36Z" end-time="2019-06-26 02:26:37Z" duration="60.517712" asserts="1">
                  <properties>
                    <property name="Category" value="Regression tests" />
                    <property name="Category" value="System tests" />
                  </properties>
                  <failure>
                    <message><![CDATA[  Element with locator "By.ClassName[Contains]: product-grid-page" is not displayed after 45 seconds wait
  Expected: False
  But was:  True
]]></message>
                    <stack-trace><![CDATA[   at TNSE.WebTests.SystemTests.Framework.PageObjects.Common.BasePage.WaitForWebObjectToBeDisplayed[T](T objectToBeDisplayed, Int32 waitTime) in D:\TeamCity\buildAgent2\work\68b97dcc959bf737\TNSE.WebTests\SystemTests\Framework\PageObjects\Common\BasePage.cs:line 697
   at TNSE.WebTests.SystemTests.Framework.PageObjects.MobileWebOpenPages.ProductGridPage..ctor(Browser browserSession) in D:\TeamCity\buildAgent2\work\68b97dcc959bf737\TNSE.WebTests\SystemTests\Framework\PageObjects\MobileWebOpenPages\ProductGridPage.cs:line 32
   at TNSE.WebTests.SystemTests.MobileWebOpenPagesTests.ProductDetailPageFunctionality.AddonFunctionalityTests.Deselecting_mobile_insurance_with_button_removes_mobile_insurance_from_cart() in D:\TeamCity\buildAgent2\work\68b97dcc959bf737\TNSE.WebTests\SystemTests\MobileWebOpenPagesTests\ProductDetailPageFunctionality\AddonFunctionalityTests.cs:line 29
]]></stack-trace>
                  </failure>
                  <output><![CDATA[Test failed on current URL: https://integration.telenor.se/Static/error-pages/error.html?aspxerrorpath=/handla/mobiler/

*** Steps to reproduce ***
1. Navigate to https://integration.telenor.se/handla/mobiler/.
]]></output>
                  <assertions>
                    <assertion result="Failed">
                      <message><![CDATA[  Element with locator "By.ClassName[Contains]: product-grid-page" is not displayed after 45 seconds wait
  Expected: False
  But was:  True
]]></message>
                      <stack-trace><![CDATA[   at TNSE.WebTests.SystemTests.Framework.PageObjects.Common.BasePage.WaitForWebObjectToBeDisplayed[T](T objectToBeDisplayed, Int32 waitTime) in D:\TeamCity\buildAgent2\work\68b97dcc959bf737\TNSE.WebTests\SystemTests\Framework\PageObjects\Common\BasePage.cs:line 675
   at TNSE.WebTests.SystemTests.Framework.PageObjects.MobileWebOpenPages.ProductGridPage..ctor(Browser browserSession) in D:\TeamCity\buildAgent2\work\68b97dcc959bf737\TNSE.WebTests\SystemTests\Framework\PageObjects\MobileWebOpenPages\ProductGridPage.cs:line 32
   at TNSE.WebTests.SystemTests.MobileWebOpenPagesTests.ProductDetailPageFunctionality.AddonFunctionalityTests.Deselecting_mobile_insurance_with_button_removes_mobile_insurance_from_cart() in D:\TeamCity\buildAgent2\work\68b97dcc959bf737\TNSE.WebTests\SystemTests\MobileWebOpenPagesTests\ProductDetailPageFunctionality\AddonFunctionalityTests.cs:line 29
]]></stack-trace>
                    </assertion>
                  </assertions>
                </test-case>
                <test-case id="1-1298" name="Deselecting_mobile_insurance_with_modal_button_removes_mobile_insurance_from_cart" fullname="TNSE.WebTests.SystemTests.MobileWebOpenPagesTests.ProductDetailPageFunctionality.AddonFunctionalityTests.Deselecting_mobile_insurance_with_modal_button_removes_mobile_insurance_from_cart" methodname="Deselecting_mobile_insurance_with_modal_button_removes_mobile_insurance_from_cart" classname="TNSE.WebTests.SystemTests.MobileWebOpenPagesTests.ProductDetailPageFunctionality.AddonFunctionalityTests" runstate="Runnable" seed="2125611206" result="Failed" start-time="2019-06-26 02:26:37Z" end-time="2019-06-26 02:27:46Z" duration="69.685783" asserts="1">
                  <properties>
                    <property name="Category" value="Regression tests" />
                    <property name="Category" value="System tests" />
                  </properties>
                  <failure>
                    <message><![CDATA[  Element with locator "By.ClassName[Contains]: product-grid-page" is not displayed after 45 seconds wait
  Expected: False
  But was:  True
]]></message>
                    <stack-trace><![CDATA[   at TNSE.WebTests.SystemTests.Framework.PageObjects.Common.BasePage.WaitForWebObjectToBeDisplayed[T](T objectToBeDisplayed, Int32 waitTime) in D:\TeamCity\buildAgent2\work\68b97dcc959bf737\TNSE.WebTests\SystemTests\Framework\PageObjects\Common\BasePage.cs:line 697
   at TNSE.WebTests.SystemTests.Framework.PageObjects.MobileWebOpenPages.ProductGridPage..ctor(Browser browserSession) in D:\TeamCity\buildAgent2\work\68b97dcc959bf737\TNSE.WebTests\SystemTests\Framework\PageObjects\MobileWebOpenPages\ProductGridPage.cs:line 32
   at TNSE.WebTests.SystemTests.MobileWebOpenPagesTests.ProductDetailPageFunctionality.AddonFunctionalityTests.Deselecting_mobile_insurance_with_modal_button_removes_mobile_insurance_from_cart() in D:\TeamCity\buildAgent2\work\68b97dcc959bf737\TNSE.WebTests\SystemTests\MobileWebOpenPagesTests\ProductDetailPageFunctionality\AddonFunctionalityTests.cs:line 50
]]></stack-trace>
                  </failure>
                  <output><![CDATA[Test failed on current URL: https://integration.telenor.se/Static/error-pages/error.html?aspxerrorpath=/handla/mobiler/

*** Steps to reproduce ***
1. Navigate to https://integration.telenor.se/handla/mobiler/.
]]></output>
                  <assertions>
                    <assertion result="Failed">
                      <message><![CDATA[  Element with locator "By.ClassName[Contains]: product-grid-page" is not displayed after 45 seconds wait
  Expected: False
  But was:  True
]]></message>
                      <stack-trace><![CDATA[   at TNSE.WebTests.SystemTests.Framework.PageObjects.Common.BasePage.WaitForWebObjectToBeDisplayed[T](T objectToBeDisplayed, Int32 waitTime) in D:\TeamCity\buildAgent2\work\68b97dcc959bf737\TNSE.WebTests\SystemTests\Framework\PageObjects\Common\BasePage.cs:line 675
   at TNSE.WebTests.SystemTests.Framework.PageObjects.MobileWebOpenPages.ProductGridPage..ctor(Browser browserSession) in D:\TeamCity\buildAgent2\work\68b97dcc959bf737\TNSE.WebTests\SystemTests\Framework\PageObjects\MobileWebOpenPages\ProductGridPage.cs:line 32
   at TNSE.WebTests.SystemTests.MobileWebOpenPagesTests.ProductDetailPageFunctionality.AddonFunctionalityTests.Deselecting_mobile_insurance_with_modal_button_removes_mobile_insurance_from_cart() in D:\TeamCity\buildAgent2\work\68b97dcc959bf737\TNSE.WebTests\SystemTests\MobileWebOpenPagesTests\ProductDetailPageFunctionality\AddonFunctionalityTests.cs:line 50
]]></stack-trace>
                    </assertion>
                  </assertions>
                </test-case>
                <test-case id="1-1295" name="Selecting_mobile_insurance_with_button_adds_mobile_insurance_to_cart" fullname="TNSE.WebTests.SystemTests.MobileWebOpenPagesTests.ProductDetailPageFunctionality.AddonFunctionalityTests.Selecting_mobile_insurance_with_button_adds_mobile_insurance_to_cart" methodname="Selecting_mobile_insurance_with_button_adds_mobile_insurance_to_cart" classname="TNSE.WebTests.SystemTests.MobileWebOpenPagesTests.ProductDetailPageFunctionality.AddonFunctionalityTests" runstate="Runnable" seed="499751120" result="Failed" start-time="2019-06-26 02:27:46Z" end-time="2019-06-26 02:28:56Z" duration="70.220675" asserts="1">
                  <properties>
                    <property name="Category" value="Regression tests" />
                    <property name="Category" value="System tests" />
                  </properties>
                  <failure>
                    <message><![CDATA[  Element with locator "By.ClassName[Contains]: product-grid-page" is not displayed after 45 seconds wait
  Expected: False
  But was:  True
]]></message>
                    <stack-trace><![CDATA[   at TNSE.WebTests.SystemTests.Framework.PageObjects.Common.BasePage.WaitForWebObjectToBeDisplayed[T](T objectToBeDisplayed, Int32 waitTime) in D:\TeamCity\buildAgent2\work\68b97dcc959bf737\TNSE.WebTests\SystemTests\Framework\PageObjects\Common\BasePage.cs:line 697
   at TNSE.WebTests.SystemTests.Framework.PageObjects.MobileWebOpenPages.ProductGridPage..ctor(Browser browserSession) in D:\TeamCity\buildAgent2\work\68b97dcc959bf737\TNSE.WebTests\SystemTests\Framework\PageObjects\MobileWebOpenPages\ProductGridPage.cs:line 32
   at TNSE.WebTests.SystemTests.MobileWebOpenPagesTests.ProductDetailPageFunctionality.AddonFunctionalityTests.Selecting_mobile_insurance_with_button_adds_mobile_insurance_to_cart() in D:\TeamCity\buildAgent2\work\68b97dcc959bf737\TNSE.WebTests\SystemTests\MobileWebOpenPagesTests\ProductDetailPageFunctionality\AddonFunctionalityTests.cs:line 18
]]></stack-trace>
                  </failure>
                  <output><![CDATA[Test failed on current URL: https://integration.telenor.se/Static/error-pages/error.html?aspxerrorpath=/handla/mobiler/

*** Steps to reproduce ***
1. Navigate to https://integration.telenor.se/handla/mobiler/.
]]></output>
                  <assertions>
                    <assertion result="Failed">
                      <message><![CDATA[  Element with locator "By.ClassName[Contains]: product-grid-page" is not displayed after 45 seconds wait
  Expected: False
  But was:  True
]]></message>
                      <stack-trace><![CDATA[   at TNSE.WebTests.SystemTests.Framework.PageObjects.Common.BasePage.WaitForWebObjectToBeDisplayed[T](T objectToBeDisplayed, Int32 waitTime) in D:\TeamCity\buildAgent2\work\68b97dcc959bf737\TNSE.WebTests\SystemTests\Framework\PageObjects\Common\BasePage.cs:line 675
   at TNSE.WebTests.SystemTests.Framework.PageObjects.MobileWebOpenPages.ProductGridPage..ctor(Browser browserSession) in D:\TeamCity\buildAgent2\work\68b97dcc959bf737\TNSE.WebTests\SystemTests\Framework\PageObjects\MobileWebOpenPages\ProductGridPage.cs:line 32
   at TNSE.WebTests.SystemTests.MobileWebOpenPagesTests.ProductDetailPageFunctionality.AddonFunctionalityTests.Selecting_mobile_insurance_with_button_adds_mobile_insurance_to_cart() in D:\TeamCity\buildAgent2\work\68b97dcc959bf737\TNSE.WebTests\SystemTests\MobileWebOpenPagesTests\ProductDetailPageFunctionality\AddonFunctionalityTests.cs:line 18
]]></stack-trace>
                    </assertion>
                  </assertions>
                </test-case>
                <test-case id="1-1297" name="Selecting_mobile_insurance_with_modal_button_adds_mobile_insurance_to_cart" fullname="TNSE.WebTests.SystemTests.MobileWebOpenPagesTests.ProductDetailPageFunctionality.AddonFunctionalityTests.Selecting_mobile_insurance_with_modal_button_adds_mobile_insurance_to_cart" methodname="Selecting_mobile_insurance_with_modal_button_adds_mobile_insurance_to_cart" classname="TNSE.WebTests.SystemTests.MobileWebOpenPagesTests.ProductDetailPageFunctionality.AddonFunctionalityTests" runstate="Runnable" seed="1000341222" result="Failed" start-time="2019-06-26 02:28:56Z" end-time="2019-06-26 02:30:00Z" duration="63.774291" asserts="1">
                  <properties>
                    <property name="Category" value="Regression tests" />
                    <property name="Category" value="System tests" />
                  </properties>
                  <failure>
                    <message><![CDATA[  Element with locator "By.ClassName[Contains]: product-grid-page" is not displayed after 45 seconds wait
  Expected: False
  But was:  True
]]></message>
                    <stack-trace><![CDATA[   at TNSE.WebTests.SystemTests.Framework.PageObjects.Common.BasePage.WaitForWebObjectToBeDisplayed[T](T objectToBeDisplayed, Int32 waitTime) in D:\TeamCity\buildAgent2\work\68b97dcc959bf737\TNSE.WebTests\SystemTests\Framework\PageObjects\Common\BasePage.cs:line 697
   at TNSE.WebTests.SystemTests.Framework.PageObjects.MobileWebOpenPages.ProductGridPage..ctor(Browser browserSession) in D:\TeamCity\buildAgent2\work\68b97dcc959bf737\TNSE.WebTests\SystemTests\Framework\PageObjects\MobileWebOpenPages\ProductGridPage.cs:line 32
   at TNSE.WebTests.SystemTests.MobileWebOpenPagesTests.ProductDetailPageFunctionality.AddonFunctionalityTests.Selecting_mobile_insurance_with_modal_button_adds_mobile_insurance_to_cart() in D:\TeamCity\buildAgent2\work\68b97dcc959bf737\TNSE.WebTests\SystemTests\MobileWebOpenPagesTests\ProductDetailPageFunctionality\AddonFunctionalityTests.cs:line 40
]]></stack-trace>
                  </failure>
                  <output><![CDATA[Test failed on current URL: https://integration.telenor.se/Static/error-pages/error.html?aspxerrorpath=/handla/mobiler/

*** Steps to reproduce ***
1. Navigate to https://integration.telenor.se/handla/mobiler/.
]]></output>
                  <assertions>
                    <assertion result="Failed">
                      <message><![CDATA[  Element with locator "By.ClassName[Contains]: product-grid-page" is not displayed after 45 seconds wait
  Expected: False
  But was:  True
]]></message>
                      <stack-trace><![CDATA[   at TNSE.WebTests.SystemTests.Framework.PageObjects.Common.BasePage.WaitForWebObjectToBeDisplayed[T](T objectToBeDisplayed, Int32 waitTime) in D:\TeamCity\buildAgent2\work\68b97dcc959bf737\TNSE.WebTests\SystemTests\Framework\PageObjects\Common\BasePage.cs:line 675
   at TNSE.WebTests.SystemTests.Framework.PageObjects.MobileWebOpenPages.ProductGridPage..ctor(Browser browserSession) in D:\TeamCity\buildAgent2\work\68b97dcc959bf737\TNSE.WebTests\SystemTests\Framework\PageObjects\MobileWebOpenPages\ProductGridPage.cs:line 32
   at TNSE.WebTests.SystemTests.MobileWebOpenPagesTests.ProductDetailPageFunctionality.AddonFunctionalityTests.Selecting_mobile_insurance_with_modal_button_adds_mobile_insurance_to_cart() in D:\TeamCity\buildAgent2\work\68b97dcc959bf737\TNSE.WebTests\SystemTests\MobileWebOpenPagesTests\ProductDetailPageFunctionality\AddonFunctionalityTests.cs:line 40
]]></stack-trace>
                    </assertion>
                  </assertions>
                </test-case>
              </test-suite>
              <test-suite type="TestFixture" id="1-1306" name="SubscriptionSliderFunctionalityTests" fullname="TNSE.WebTests.SystemTests.MobileWebOpenPagesTests.ProductDetailPageFunctionality.SubscriptionSliderFunctionalityTests" classname="TNSE.WebTests.SystemTests.MobileWebOpenPagesTests.ProductDetailPageFunctionality.SubscriptionSliderFunctionalityTests" runstate="Runnable" testcasecount="3" result="Failed" site="Child" start-time="2019-06-26 02:26:37Z" end-time="2019-06-26 02:30:27Z" duration="230.241592" total="3" passed="0" failed="3" warnings="0" inconclusive="0" skipped="0" asserts="3">
                <properties>
                  <property name="ParallelScope" value="Self" />
                </properties>
                <failure>
                  <message><![CDATA[One or more child tests had errors]]></message>
                </failure>
                <test-case id="1-1307" name="Clicking_subscription_sets_subscription_as_selected" fullname="TNSE.WebTests.SystemTests.MobileWebOpenPagesTests.ProductDetailPageFunctionality.SubscriptionSliderFunctionalityTests.Clicking_subscription_sets_subscription_as_selected" methodname="Clicking_subscription_sets_subscription_as_selected" classname="TNSE.WebTests.SystemTests.MobileWebOpenPagesTests.ProductDetailPageFunctionality.SubscriptionSliderFunctionalityTests" runstate="Runnable" seed="1064199287" result="Failed" start-time="2019-06-26 02:26:40Z" end-time="2019-06-26 02:27:57Z" duration="77.000134" asserts="1">
                  <properties>
                    <property name="Category" value="Regression tests" />
                    <property name="Category" value="System tests" />
                  </properties>
                  <failure>
                    <message><![CDATA[  Element with locator "By.ClassName[Contains]: product-grid-page" is not displayed after 45 seconds wait
  Expected: False
  But was:  True
]]></message>
                    <stack-trace><![CDATA[   at TNSE.WebTests.SystemTests.Framework.PageObjects.Common.BasePage.WaitForWebObjectToBeDisplayed[T](T objectToBeDisplayed, Int32 waitTime) in D:\TeamCity\buildAgent2\work\68b97dcc959bf737\TNSE.WebTests\SystemTests\Framework\PageObjects\Common\BasePage.cs:line 697
   at TNSE.WebTests.SystemTests.Framework.PageObjects.MobileWebOpenPages.ProductGridPage..ctor(Browser browserSession) in D:\TeamCity\buildAgent2\work\68b97dcc959bf737\TNSE.WebTests\SystemTests\Framework\PageObjects\MobileWebOpenPages\ProductGridPage.cs:line 32
   at TNSE.WebTests.SystemTests.MobileWebOpenPagesTests.ProductDetailPageFunctionality.SubscriptionSliderFunctionalityTests.Clicking_subscription_sets_subscription_as_selected() in D:\TeamCity\buildAgent2\work\68b97dcc959bf737\TNSE.WebTests\SystemTests\MobileWebOpenPagesTests\ProductDetailPageFunctionality\SubscriptionSliderFunctionalityTests.cs:line 20
]]></stack-trace>
                  </failure>
                  <output><![CDATA[Test failed on current URL: https://integration.telenor.se/Static/error-pages/error.html?aspxerrorpath=/handla/mobiler/

*** Steps to reproduce ***
1. Navigate to https://integration.telenor.se/handla/mobiler/.
]]></output>
                  <assertions>
                    <assertion result="Failed">
                      <message><![CDATA[  Element with locator "By.ClassName[Contains]: product-grid-page" is not displayed after 45 seconds wait
  Expected: False
  But was:  True
]]></message>
                      <stack-trace><![CDATA[   at TNSE.WebTests.SystemTests.Framework.PageObjects.Common.BasePage.WaitForWebObjectToBeDisplayed[T](T objectToBeDisplayed, Int32 waitTime) in D:\TeamCity\buildAgent2\work\68b97dcc959bf737\TNSE.WebTests\SystemTests\Framework\PageObjects\Common\BasePage.cs:line 675
   at TNSE.WebTests.SystemTests.Framework.PageObjects.MobileWebOpenPages.ProductGridPage..ctor(Browser browserSession) in D:\TeamCity\buildAgent2\work\68b97dcc959bf737\TNSE.WebTests\SystemTests\Framework\PageObjects\MobileWebOpenPages\ProductGridPage.cs:line 32
   at TNSE.WebTests.SystemTests.MobileWebOpenPagesTests.ProductDetailPageFunctionality.SubscriptionSliderFunctionalityTests.Clicking_subscription_sets_subscription_as_selected() in D:\TeamCity\buildAgent2\work\68b97dcc959bf737\TNSE.WebTests\SystemTests\MobileWebOpenPagesTests\ProductDetailPageFunctionality\SubscriptionSliderFunctionalityTests.cs:line 20
]]></stack-trace>
                    </assertion>
                  </assertions>
                </test-case>
                <test-case id="1-1309" name="Selecting_three_users_increase_price_by_two_extra_sim" fullname="TNSE.WebTests.SystemTests.MobileWebOpenPagesTests.ProductDetailPageFunctionality.SubscriptionSliderFunctionalityTests.Selecting_three_users_increase_price_by_two_extra_sim" methodname="Selecting_three_users_increase_price_by_two_extra_sim" classname="TNSE.WebTests.SystemTests.MobileWebOpenPagesTests.ProductDetailPageFunctionality.SubscriptionSliderFunctionalityTests" runstate="Runnable" seed="17353010" result="Failed" start-time="2019-06-26 02:27:57Z" end-time="2019-06-26 02:29:17Z" duration="80.392052" asserts="1">
                  <properties>
                    <property name="Category" value="Regression tests" />
                    <property name="Category" value="System tests" />
                    <property name="Category" value="New modular purchase flow tests" />
                  </properties>
                  <failure>
                    <message><![CDATA[  Element with locator "By.ClassName[Contains]: product-grid-page" is not displayed after 45 seconds wait
  Expected: False
  But was:  True
]]></message>
                    <stack-trace><![CDATA[   at TNSE.WebTests.SystemTests.Framework.PageObjects.Common.BasePage.WaitForWebObjectToBeDisplayed[T](T objectToBeDisplayed, Int32 waitTime) in D:\TeamCity\buildAgent2\work\68b97dcc959bf737\TNSE.WebTests\SystemTests\Framework\PageObjects\Common\BasePage.cs:line 697
   at TNSE.WebTests.SystemTests.Framework.PageObjects.MobileWebOpenPages.ProductGridPage..ctor(Browser browserSession) in D:\TeamCity\buildAgent2\work\68b97dcc959bf737\TNSE.WebTests\SystemTests\Framework\PageObjects\MobileWebOpenPages\ProductGridPage.cs:line 32
   at TNSE.WebTests.SystemTests.MobileWebOpenPagesTests.ProductDetailPageFunctionality.SubscriptionSliderFunctionalityTests.Selecting_three_users_increase_price_by_two_extra_sim() in D:\TeamCity\buildAgent2\work\68b97dcc959bf737\TNSE.WebTests\SystemTests\MobileWebOpenPagesTests\ProductDetailPageFunctionality\SubscriptionSliderFunctionalityTests.cs:line 56
]]></stack-trace>
                  </failure>
                  <output><![CDATA[Test failed on current URL: https://integration.telenor.se/Static/error-pages/error.html?aspxerrorpath=/handla/mobiler/

*** Steps to reproduce ***
1. Navigate to https://integration.telenor.se/handla/mobiler/.
]]></output>
                  <assertions>
                    <assertion result="Failed">
                      <message><![CDATA[  Element with locator "By.ClassName[Contains]: product-grid-page" is not displayed after 45 seconds wait
  Expected: False
  But was:  True
]]></message>
                      <stack-trace><![CDATA[   at TNSE.WebTests.SystemTests.Framework.PageObjects.Common.BasePage.WaitForWebObjectToBeDisplayed[T](T objectToBeDisplayed, Int32 waitTime) in D:\TeamCity\buildAgent2\work\68b97dcc959bf737\TNSE.WebTests\SystemTests\Framework\PageObjects\Common\BasePage.cs:line 675
   at TNSE.WebTests.SystemTests.Framework.PageObjects.MobileWebOpenPages.ProductGridPage..ctor(Browser browserSession) in D:\TeamCity\buildAgent2\work\68b97dcc959bf737\TNSE.WebTests\SystemTests\Framework\PageObjects\MobileWebOpenPages\ProductGridPage.cs:line 32
   at TNSE.WebTests.SystemTests.MobileWebOpenPagesTests.ProductDetailPageFunctionality.SubscriptionSliderFunctionalityTests.Selecting_three_users_increase_price_by_two_extra_sim() in D:\TeamCity\buildAgent2\work\68b97dcc959bf737\TNSE.WebTests\SystemTests\MobileWebOpenPagesTests\ProductDetailPageFunctionality\SubscriptionSliderFunctionalityTests.cs:line 56
]]></stack-trace>
                    </assertion>
                  </assertions>
                </test-case>
                <test-case id="1-1308" name="Selecting_two_users_increase_price_by_one_extra_sim" fullname="TNSE.WebTests.SystemTests.MobileWebOpenPagesTests.ProductDetailPageFunctionality.SubscriptionSliderFunctionalityTests.Selecting_two_users_increase_price_by_one_extra_sim" methodname="Selecting_two_users_increase_price_by_one_extra_sim" classname="TNSE.WebTests.SystemTests.MobileWebOpenPagesTests.ProductDetailPageFunctionality.SubscriptionSliderFunctionalityTests" runstate="Runnable" seed="402679275" result="Failed" start-time="2019-06-26 02:29:17Z" end-time="2019-06-26 02:30:27Z" duration="69.355925" asserts="1">
                  <properties>
                    <property name="Category" value="Regression tests" />
                    <property name="Category" value="System tests" />
                    <property name="Category" value="New modular purchase flow tests" />
                  </properties>
                  <failure>
                    <message><![CDATA[  Element with locator "By.ClassName[Contains]: product-grid-page" is not displayed after 45 seconds wait
  Expected: False
  But was:  True
]]></message>
                    <stack-trace><![CDATA[   at TNSE.WebTests.SystemTests.Framework.PageObjects.Common.BasePage.WaitForWebObjectToBeDisplayed[T](T objectToBeDisplayed, Int32 waitTime) in D:\TeamCity\buildAgent2\work\68b97dcc959bf737\TNSE.WebTests\SystemTests\Framework\PageObjects\Common\BasePage.cs:line 697
   at TNSE.WebTests.SystemTests.Framework.PageObjects.MobileWebOpenPages.ProductGridPage..ctor(Browser browserSession) in D:\TeamCity\buildAgent2\work\68b97dcc959bf737\TNSE.WebTests\SystemTests\Framework\PageObjects\MobileWebOpenPages\ProductGridPage.cs:line 32
   at TNSE.WebTests.SystemTests.MobileWebOpenPagesTests.ProductDetailPageFunctionality.SubscriptionSliderFunctionalityTests.Selecting_two_users_increase_price_by_one_extra_sim() in D:\TeamCity\buildAgent2\work\68b97dcc959bf737\TNSE.WebTests\SystemTests\MobileWebOpenPagesTests\ProductDetailPageFunctionality\SubscriptionSliderFunctionalityTests.cs:line 43
]]></stack-trace>
                  </failure>
                  <output><![CDATA[Test failed on current URL: https://integration.telenor.se/Static/error-pages/error.html?aspxerrorpath=/handla/mobiler/

*** Steps to reproduce ***
1. Navigate to https://integration.telenor.se/handla/mobiler/.
]]></output>
                  <assertions>
                    <assertion result="Failed">
                      <message><![CDATA[  Element with locator "By.ClassName[Contains]: product-grid-page" is not displayed after 45 seconds wait
  Expected: False
  But was:  True
]]></message>
                      <stack-trace><![CDATA[   at TNSE.WebTests.SystemTests.Framework.PageObjects.Common.BasePage.WaitForWebObjectToBeDisplayed[T](T objectToBeDisplayed, Int32 waitTime) in D:\TeamCity\buildAgent2\work\68b97dcc959bf737\TNSE.WebTests\SystemTests\Framework\PageObjects\Common\BasePage.cs:line 675
   at TNSE.WebTests.SystemTests.Framework.PageObjects.MobileWebOpenPages.ProductGridPage..ctor(Browser browserSession) in D:\TeamCity\buildAgent2\work\68b97dcc959bf737\TNSE.WebTests\SystemTests\Framework\PageObjects\MobileWebOpenPages\ProductGridPage.cs:line 32
   at TNSE.WebTests.SystemTests.MobileWebOpenPagesTests.ProductDetailPageFunctionality.SubscriptionSliderFunctionalityTests.Selecting_two_users_increase_price_by_one_extra_sim() in D:\TeamCity\buildAgent2\work\68b97dcc959bf737\TNSE.WebTests\SystemTests\MobileWebOpenPagesTests\ProductDetailPageFunctionality\SubscriptionSliderFunctionalityTests.cs:line 43
]]></stack-trace>
                    </assertion>
                  </assertions>
                </test-case>
              </test-suite>
            </test-suite>
            <test-suite type="TestSuite" id="1-1810" name="HeaderNavigation" fullname="TNSE.WebTests.SystemTests.MobileWebOpenPagesTests.HeaderNavigation" runstate="Runnable" testcasecount="6" result="Failed" site="Child" start-time="2019-06-26 02:18:54Z" end-time="2019-06-26 02:31:12Z" duration="737.895056" total="6" passed="0" failed="6" warnings="0" inconclusive="0" skipped="0" asserts="0">
              <properties />
              <failure>
                <message><![CDATA[One or more child tests had errors]]></message>
              </failure>
              <test-suite type="TestFixture" id="1-1474" name="HeaderNavigationTests" fullname="TNSE.WebTests.SystemTests.MobileWebOpenPagesTests.HeaderNavigation.HeaderNavigationTests" classname="TNSE.WebTests.SystemTests.MobileWebOpenPagesTests.HeaderNavigation.HeaderNavigationTests" runstate="Runnable" testcasecount="6" result="Failed" site="Child" start-time="2019-06-26 02:24:14Z" end-time="2019-06-26 02:31:12Z" duration="417.854198" total="6" passed="0" failed="6" warnings="0" inconclusive="0" skipped="0" asserts="0">
                <properties>
                  <property name="ParallelScope" value="Self" />
                </properties>
                <failure>
                  <message><![CDATA[One or more child tests had errors]]></message>
                </failure>
[...]
1. Navigate to https://integration.telenor.se/mitt-telenor/.
]]></output>
                </test-case>
              </test-suite>
            </test-suite>
            <test-suite type="TestSuite" id="1-1779" name="MySettings" fullname="TNSE.WebTests.SystemTests.MyTelenorWebTests.MySettings" runstate="Runnable" testcasecount="3" result="Failed" site="Child" start-time="2019-06-26 02:18:54Z" end-time="2019-06-26 02:39:18Z" duration="1224.397691" total="3" passed="0" failed="3" warnings="0" inconclusive="0" skipped="0" asserts="0">
              <properties />
              <failure>
                <message><![CDATA[One or more child tests had errors]]></message>
              </failure>
              <test-suite type="TestFixture" id="1-1278" name="MittTelenorMySettingsTests" fullname="TNSE.WebTests.SystemTests.MyTelenorWebTests.MySettings.MittTelenorMySettingsTests" classname="TNSE.WebTests.SystemTests.MyTelenorWebTests.MySettings.MittTelenorMySettingsTests" runstate="Runnable" testcasecount="3" result="Failed" site="Child" start-time="2019-06-26 02:35:56Z" end-time="2019-06-26 02:39:18Z" duration="202.458646" total="3" passed="0" failed="3" warnings="0" inconclusive="0" skipped="0" asserts="0">
                <properties>
                  <property name="ParallelScope" value="Self" />
                </properties>
                <failure>
                  <message><![CDATA[One or more child tests had errors]]></message>
                </failure>
                <test-case id="1-1280" name="Consent_card_not_visible_to_customers_under_18" fullname="TNSE.WebTests.SystemTests.MyTelenorWebTests.MySettings.MittTelenorMySettingsTests.Consent_card_not_visible_to_customers_under_18" methodname="Consent_card_not_visible_to_customers_under_18" classname="TNSE.WebTests.SystemTests.MyTelenorWebTests.MySettings.MittTelenorMySettingsTests" runstate="Runnable" seed="1164515021" result="Failed" label="Error" start-time="2019-06-26 02:35:59Z" end-time="2019-06-26 02:36:55Z" duration="55.281120" asserts="0">
                  <properties>
                    <property name="Category" value="Regression tests" />
                    <property name="Category" value="System tests" />
                    <property name="Category" value="Mitt Telenor my settings tests" />
                    <property name="Category" value="Mitt Telenor" />
                  </properties>
                  <failure>
                    <message><![CDATA[OpenQA.Selenium.WebDriverTimeoutException : Timed out after 45 seconds]]></message>
                    <stack-trace><![CDATA[   at OpenQA.Selenium.Support.UI.DefaultWait`1.ThrowTimeoutException(String exceptionMessage, Exception lastException)
   at OpenQA.Selenium.Support.UI.DefaultWait`1.Until[TResult](Func`2 condition)
   at TNSE.WebTests.SystemTests.Framework.PageObjects.Common.BasePage.WaitForPageTitle(String pageTitle, Int32 waitTime) in D:\TeamCity\buildAgent2\work\68b97dcc959bf737\TNSE.WebTests\SystemTests\Framework\PageObjects\Common\BasePage.cs:line 591
   at TNSE.WebTests.SystemTests.Framework.PageObjects.MyTelenorWeb.MittTelenorPage.NavigateTo() in D:\TeamCity\buildAgent2\work\68b97dcc959bf737\TNSE.WebTests\SystemTests\Framework\PageObjects\MyTelenorWeb\MittTelenorPage.cs:line 34
   at TNSE.WebTests.SystemTests.Framework.PageObjects.MyTelenorWeb.MittTelenorPage..ctor(Browser browserSession) in D:\TeamCity\buildAgent2\work\68b97dcc959bf737\TNSE.WebTests\SystemTests\Framework\PageObjects\MyTelenorWeb\MittTelenorPage.cs:line 19
   at TNSE.WebTests.SystemTests.MyTelenorWebTests.MySettings.MittTelenorMySettingsTests.Consent_card_not_visible_to_customers_under_18() in D:\TeamCity\buildAgent2\work\68b97dcc959bf737\TNSE.WebTests\SystemTests\MyTelenorWebTests\MySettings\MittTelenorMySettingsTests.cs:line 42]]></stack-trace>
                  </failure>
                  <output><![CDATA[Test failed on current URL: https://integration.telenor.se/Static/error-pages/error.html?aspxerrorpath=/mitt-telenor/

*** Steps to reproduce ***
1. Navigate to https://integration.telenor.se/mitt-telenor/.
]]></output>
                </test-case>
                <test-case id="1-1279" name="Consent_card_visible_to_customers_over_18" fullname="TNSE.WebTests.SystemTests.MyTelenorWebTests.MySettings.MittTelenorMySettingsTests.Consent_card_visible_to_customers_over_18" methodname="Consent_card_visible_to_customers_over_18" classname="TNSE.WebTests.SystemTests.MyTelenorWebTests.MySettings.MittTelenorMySettingsTests" runstate="Runnable" seed="40740401" result="Failed" label="Error" start-time="2019-06-26 02:36:55Z" end-time="2019-06-26 02:38:06Z" duration="71.642944" asserts="0">
                  <properties>
                    <property name="Category" value="Regression tests" />
                    <property name="Category" value="System tests" />
                    <property name="Category" value="Mitt Telenor my settings tests" />
                    <property name="Category" value="Mitt Telenor" />
                  </properties>
                  <failure>
                    <message><![CDATA[OpenQA.Selenium.WebDriverTimeoutException : Timed out after 45 seconds]]></message>
                    <stack-trace><![CDATA[   at OpenQA.Selenium.Support.UI.DefaultWait`1.ThrowTimeoutException(String exceptionMessage, Exception lastException)
   at OpenQA.Selenium.Support.UI.DefaultWait`1.Until[TResult](Func`2 condition)
   at TNSE.WebTests.SystemTests.Framework.PageObjects.Common.BasePage.WaitForPageTitle(String pageTitle, Int32 waitTime) in D:\TeamCity\buildAgent2\work\68b97dcc959bf737\TNSE.WebTests\SystemTests\Framework\PageObjects\Common\BasePage.cs:line 591
   at TNSE.WebTests.SystemTests.Framework.PageObjects.MyTelenorWeb.MittTelenorPage.NavigateTo() in D:\TeamCity\buildAgent2\work\68b97dcc959bf737\TNSE.WebTests\SystemTests\Framework\PageObjects\MyTelenorWeb\MittTelenorPage.cs:line 34
   at TNSE.WebTests.SystemTests.Framework.PageObjects.MyTelenorWeb.MittTelenorPage..ctor(Browser browserSession) in D:\TeamCity\buildAgent2\work\68b97dcc959bf737\TNSE.WebTests\SystemTests\Framework\PageObjects\MyTelenorWeb\MittTelenorPage.cs:line 19
   at TNSE.WebTests.SystemTests.MyTelenorWebTests.MySettings.MittTelenorMySettingsTests.Consent_card_visible_to_customers_over_18() in D:\TeamCity\buildAgent2\work\68b97dcc959bf737\TNSE.WebTests\SystemTests\MyTelenorWebTests\MySettings\MittTelenorMySettingsTests.cs:line 19]]></stack-trace>
                  </failure>
                  <output><![CDATA[Test failed on current URL: https://integration.telenor.se/Static/error-pages/error.html?aspxerrorpath=/mitt-telenor/

*** Steps to reproduce ***
1. Navigate to https://integration.telenor.se/mitt-telenor/.
]]></output>
                </test-case>
                <test-case id="1-1281" name="Updated_personal_information_is_displayed_after_change" fullname="TNSE.WebTests.SystemTests.MyTelenorWebTests.MySettings.MittTelenorMySettingsTests.Updated_personal_information_is_displayed_after_change" methodname="Updated_personal_information_is_displayed_after_change" classname="TNSE.WebTests.SystemTests.MyTelenorWebTests.MySettings.MittTelenorMySettingsTests" runstate="Runnable" seed="958839569" result="Failed" label="Error" start-time="2019-06-26 02:38:06Z" end-time="2019-06-26 02:39:18Z" duration="72.095522" asserts="0">
                  <properties>
                    <property name="Category" value="Regression tests" />
                    <property name="Category" value="System tests" />
                    <property name="Category" value="Mitt Telenor my settings tests" />
                    <property name="Category" value="Mitt Telenor" />
                  </properties>
                  <failure>
                    <message><![CDATA[OpenQA.Selenium.WebDriverTimeoutException : Timed out after 45 seconds]]></message>
                    <stack-trace><![CDATA[   at OpenQA.Selenium.Support.UI.DefaultWait`1.ThrowTimeoutException(String exceptionMessage, Exception lastException)
   at OpenQA.Selenium.Support.UI.DefaultWait`1.Until[TResult](Func`2 condition)
   at TNSE.WebTests.SystemTests.Framework.PageObjects.Common.BasePage.WaitForPageTitle(String pageTitle, Int32 waitTime) in D:\TeamCity\buildAgent2\work\68b97dcc959bf737\TNSE.WebTests\SystemTests\Framework\PageObjects\Common\BasePage.cs:line 591
   at TNSE.WebTests.SystemTests.Framework.PageObjects.MyTelenorWeb.MittTelenorPage.NavigateTo() in D:\TeamCity\buildAgent2\work\68b97dcc959bf737\TNSE.WebTests\SystemTests\Framework\PageObjects\MyTelenorWeb\MittTelenorPage.cs:line 34
   at TNSE.WebTests.SystemTests.Framework.PageObjects.MyTelenorWeb.MittTelenorPage..ctor(Browser browserSession) in D:\TeamCity\buildAgent2\work\68b97dcc959bf737\TNSE.WebTests\SystemTests\Framework\PageObjects\MyTelenorWeb\MittTelenorPage.cs:line 19
   at TNSE.WebTests.SystemTests.MyTelenorWebTests.MySettings.MittTelenorMySettingsTests.Updated_personal_information_is_displayed_after_change() in D:\TeamCity\buildAgent2\work\68b97dcc959bf737\TNSE.WebTests\SystemTests\MyTelenorWebTests\MySettings\MittTelenorMySettingsTests.cs:line 65]]></stack-trace>
                  </failure>
                  <output><![CDATA[Test failed on current URL: https://integration.telenor.se/Static/error-pages/error.html?aspxerrorpath=/mitt-telenor/

*** Steps to reproduce ***
1. Navigate to https://integration.telenor.se/mitt-telenor/.
]]></output>
                </test-case>
              </test-suite>
            </test-suite>
            <test-suite type="TestSuite" id="1-1777" name="Ownerclaim" fullname="TNSE.WebTests.SystemTests.MyTelenorWebTests.Ownerclaim" runstate="Runnable" testcasecount="2" result="Failed" site="Child" start-time="2019-06-26 02:18:54Z" end-time="2019-06-26 02:41:58Z" duration="1383.693963" total="2" passed="0" failed="2" warnings="0" inconclusive="0" skipped="0" asserts="2">
              <properties />
              <failure>
                <message><![CDATA[One or more child tests had errors]]></message>
              </failure>
              <test-suite type="TestFixture" id="1-1273" name="MittTelenorOwnerClaimTests" fullname="TNSE.WebTests.SystemTests.MyTelenorWebTests.Ownerclaim.MittTelenorOwnerClaimTests" classname="TNSE.WebTests.SystemTests.MyTelenorWebTests.Ownerclaim.MittTelenorOwnerClaimTests" runstate="Runnable" testcasecount="2" result="Failed" site="Child" start-time="2019-06-26 02:39:18Z" end-time="2019-06-26 02:41:58Z" duration="159.295777" total="2" passed="0" failed="2" warnings="0" inconclusive="0" skipped="0" asserts="2">
                <properties />
                <failure>
                  <message><![CDATA[One or more child tests had errors]]></message>
                </failure>
                <test-case id="1-1275" name="Claim_owner_by_postal" fullname="TNSE.WebTests.SystemTests.MyTelenorWebTests.Ownerclaim.MittTelenorOwnerClaimTests.Claim_owner_by_postal" methodname="Claim_owner_by_postal" classname="TNSE.WebTests.SystemTests.MyTelenorWebTests.Ownerclaim.MittTelenorOwnerClaimTests" runstate="Runnable" seed="854592550" result="Failed" label="Error" start-time="2019-06-26 02:39:22Z" end-time="2019-06-26 02:40:42Z" duration="79.981942" asserts="1">
                  <properties>
                    <property name="Category" value="Regression tests" />
                    <property name="Category" value="System tests" />
                    <property name="Category" value="Mitt Telenor owner claim tests" />
                    <property name="Category" value="Mitt Telenor" />
                  </properties>
                  <failure>
                    <message><![CDATA[OpenQA.Selenium.WebDriverTimeoutException : Timed out after 45 seconds]]></message>
                    <stack-trace><![CDATA[   at OpenQA.Selenium.Support.UI.DefaultWait`1.ThrowTimeoutException(String exceptionMessage, Exception lastException)
   at OpenQA.Selenium.Support.UI.DefaultWait`1.Until[TResult](Func`2 condition)
   at TNSE.WebTests.SystemTests.Framework.PageObjects.Common.BasePage.WaitForPageTitle(String pageTitle, Int32 waitTime) in D:\TeamCity\buildAgent2\work\68b97dcc959bf737\TNSE.WebTests\SystemTests\Framework\PageObjects\Common\BasePage.cs:line 591
   at TNSE.WebTests.SystemTests.Framework.PageObjects.MyTelenorWeb.MittTelenorPage.NavigateTo() in D:\TeamCity\buildAgent2\work\68b97dcc959bf737\TNSE.WebTests\SystemTests\Framework\PageObjects\MyTelenorWeb\MittTelenorPage.cs:line 34
   at TNSE.WebTests.SystemTests.Framework.PageObjects.MyTelenorWeb.MittTelenorPage..ctor(Browser browserSession) in D:\TeamCity\buildAgent2\work\68b97dcc959bf737\TNSE.WebTests\SystemTests\Framework\PageObjects\MyTelenorWeb\MittTelenorPage.cs:line 19
   at TNSE.WebTests.SystemTests.MyTelenorWebTests.Ownerclaim.MittTelenorOwnerClaimTests.Claim_owner_by_postal() in D:\TeamCity\buildAgent2\work\68b97dcc959bf737\TNSE.WebTests\SystemTests\MyTelenorWebTests\Ownerclaim\MittTelenorOwnerClaimTests.cs:line 45]]></stack-trace>
                  </failure>
                  <output><![CDATA[Test failed on current URL: https://integration.telenor.se/Static/error-pages/error.html?aspxerrorpath=/mitt-telenor/

*** Steps to reproduce ***
1. Navigate to https://integration.telenor.se/mitt-telenor/.
]]></output>
                </test-case>
                <test-case id="1-1274" name="Claim_owner_by_sms" fullname="TNSE.WebTests.SystemTests.MyTelenorWebTests.Ownerclaim.MittTelenorOwnerClaimTests.Claim_owner_by_sms" methodname="Claim_owner_by_sms" classname="TNSE.WebTests.SystemTests.MyTelenorWebTests.Ownerclaim.MittTelenorOwnerClaimTests" runstate="Runnable" seed="2023487502" result="Failed" label="Error" start-time="2019-06-26 02:40:42Z" end-time="2019-06-26 02:41:58Z" duration="75.837891" asserts="1">
                  <properties>
                    <property name="Category" value="Regression tests" />
                    <property name="Category" value="System tests" />
                    <property name="Category" value="Mitt Telenor owner claim tests" />
                    <property name="Category" value="Mitt Telenor" />
                  </properties>
                  <failure>
                    <message><![CDATA[OpenQA.Selenium.WebDriverTimeoutException : Timed out after 45 seconds]]></message>
                    <stack-trace><![CDATA[   at OpenQA.Selenium.Support.UI.DefaultWait`1.ThrowTimeoutException(String exceptionMessage, Exception lastException)
   at OpenQA.Selenium.Support.UI.DefaultWait`1.Until[TResult](Func`2 condition)
   at TNSE.WebTests.SystemTests.Framework.PageObjects.Common.BasePage.WaitForPageTitle(String pageTitle, Int32 waitTime) in D:\TeamCity\buildAgent2\work\68b97dcc959bf737\TNSE.WebTests\SystemTests\Framework\PageObjects\Common\BasePage.cs:line 591
   at TNSE.WebTests.SystemTests.Framework.PageObjects.MyTelenorWeb.MittTelenorPage.NavigateTo() in D:\TeamCity\buildAgent2\work\68b97dcc959bf737\TNSE.WebTests\SystemTests\Framework\PageObjects\MyTelenorWeb\MittTelenorPage.cs:line 34
   at TNSE.WebTests.SystemTests.Framework.PageObjects.MyTelenorWeb.MittTelenorPage..ctor(Browser browserSession) in D:\TeamCity\buildAgent2\work\68b97dcc959bf737\TNSE.WebTests\SystemTests\Framework\PageObjects\MyTelenorWeb\MittTelenorPage.cs:line 19
   at TNSE.WebTests.SystemTests.MyTelenorWebTests.Ownerclaim.MittTelenorOwnerClaimTests.Claim_owner_by_sms() in D:\TeamCity\buildAgent2\work\68b97dcc959bf737\TNSE.WebTests\SystemTests\MyTelenorWebTests\Ownerclaim\MittTelenorOwnerClaimTests.cs:line 19]]></stack-trace>
                  </failure>
                  <output><![CDATA[Test failed on current URL: https://integration.telenor.se/Static/error-pages/error.html?aspxerrorpath=/mitt-telenor/

*** Steps to reproduce ***
1. Navigate to https://integration.telenor.se/mitt-telenor/.
]]></output>
                </test-case>
              </test-suite>
            </test-suite>
            <test-suite type="TestSuite" id="1-1775" name="Userclaim" fullname="TNSE.WebTests.SystemTests.MyTelenorWebTests.Userclaim" runstate="Runnable" testcasecount="1" result="Failed" site="Child" start-time="2019-06-26 02:18:54Z" end-time="2019-06-26 02:43:24Z" duration="1470.241608" total="1" passed="0" failed="1" warnings="0" inconclusive="0" skipped="0" asserts="1">
              <properties />
              <failure>
                <message><![CDATA[One or more child tests had errors]]></message>
              </failure>
              <test-suite type="TestFixture" id="1-1269" name="MittTelenorUserClaimTests" fullname="TNSE.WebTests.SystemTests.MyTelenorWebTests.Userclaim.MittTelenorUserClaimTests" classname="TNSE.WebTests.SystemTests.MyTelenorWebTests.Userclaim.MittTelenorUserClaimTests" runstate="Runnable" testcasecount="1" result="Failed" site="Child" start-time="2019-06-26 02:41:58Z" end-time="2019-06-26 02:43:24Z" duration="86.547433" total="1" passed="0" failed="1" warnings="0" inconclusive="0" skipped="0" asserts="1">
                <properties />
                <failure>
                  <message><![CDATA[One or more child tests had errors]]></message>
                </failure>
                <test-case id="1-1270" name="Creating_account_and_performing_manual_user_claim_shall_show_engagements" fullname="TNSE.WebTests.SystemTests.MyTelenorWebTests.Userclaim.MittTelenorUserClaimTests.Creating_account_and_performing_manual_user_claim_shall_show_engagements" methodname="Creating_account_and_performing_manual_user_claim_shall_show_engagements" classname="TNSE.WebTests.SystemTests.MyTelenorWebTests.Userclaim.MittTelenorUserClaimTests" runstate="Runnable" seed="2105459089" result="Failed" label="Error" start-time="2019-06-26 02:42:01Z" end-time="2019-06-26 02:43:24Z" duration="83.000811" asserts="1">
                  <properties>
                    <property name="Category" value="Regression tests" />
                    <property name="Category" value="System tests" />
                    <property name="Category" value="Mitt Telenor auto claim tests" />
                    <property name="Category" value="Mitt Telenor" />
                  </properties>
                  <failure>
                    <message><![CDATA[OpenQA.Selenium.WebDriverTimeoutException : Timed out after 45 seconds]]></message>
                    <stack-trace><![CDATA[   at OpenQA.Selenium.Support.UI.DefaultWait`1.ThrowTimeoutException(String exceptionMessage, Exception lastException)
   at OpenQA.Selenium.Support.UI.DefaultWait`1.Until[TResult](Func`2 condition)
   at TNSE.WebTests.SystemTests.Framework.PageObjects.Common.BasePage.WaitForPageTitle(String pageTitle, Int32 waitTime) in D:\TeamCity\buildAgent2\work\68b97dcc959bf737\TNSE.WebTests\SystemTests\Framework\PageObjects\Common\BasePage.cs:line 591
   at TNSE.WebTests.SystemTests.Framework.PageObjects.MyTelenorWeb.MittTelenorPage.NavigateTo() in D:\TeamCity\buildAgent2\work\68b97dcc959bf737\TNSE.WebTests\SystemTests\Framework\PageObjects\MyTelenorWeb\MittTelenorPage.cs:line 34
   at TNSE.WebTests.SystemTests.Framework.PageObjects.MyTelenorWeb.MittTelenorPage..ctor(Browser browserSession) in D:\TeamCity\buildAgent2\work\68b97dcc959bf737\TNSE.WebTests\SystemTests\Framework\PageObjects\MyTelenorWeb\MittTelenorPage.cs:line 19
   at TNSE.WebTests.SystemTests.MyTelenorWebTests.Userclaim.MittTelenorUserClaimTests.Creating_account_and_performing_manual_user_claim_shall_show_engagements() in D:\TeamCity\buildAgent2\work\68b97dcc959bf737\TNSE.WebTests\SystemTests\MyTelenorWebTests\Userclaim\MittTelenorUserClaimTests.cs:line 18]]></stack-trace>
                  </failure>
                  <output><![CDATA[Test failed on current URL: https://integration.telenor.se/Static/error-pages/error.html?aspxerrorpath=/mitt-telenor/

*** Steps to reproduce ***
1. Navigate to https://integration.telenor.se/mitt-telenor/.
]]></output>
                </test-case>
              </test-suite>
            </test-suite>
          </test-suite>
        </test-suite>
      </test-suite>
    </test-suite>
  </test-suite>
</test-run>